{"meta": {"format": 3, "version": "7.15.2", "timestamp": "2026-08-01T09:51:52.956835", "branch_coverage": true, "show_contexts": false}, "files": {"src\\mds650\\__init__.py": {"executed_lines": [3, 5], "summary": {"covered_lines": 2, "num_statements": 2, "percent_covered": 100.0, "percent_covered_display": "100", "missing_lines": 0, "excluded_lines": 0, "percent_statements_covered": 100.0, "percent_statements_covered_display": "100", "num_branches": 0, "num_partial_branches": 0, "covered_branches": 0, "missing_branches": 0, "percent_branches_covered": 100.0, "percent_branches_covered_display": "100"}, "missing_lines": [], "excluded_lines": [], "executed_branches": [], "missing_branches": [], "functions": {"": {"executed_lines": [3, 5], "summary": {"covered_lines": 2, "num_statements": 2, "percent_covered": 100.0, "percent_covered_display": "100", "missing_lines": 0, "excluded_lines": 0, "percent_statements_covered": 100.0, "percent_statements_covered_display": "100", "num_branches": 0, "num_partial_branches": 0, "covered_branches": 0, "missing_branches": 0, "percent_branches_covered": 100.0, "percent_branches_covered_display": "100"}, "missing_lines": [], "excluded_lines": [], "start_line": 1, "executed_branches": [], "missing_branches": []}}, "classes": {"": {"executed_lines": [3, 5], "summary": {"covered_lines": 2, "num_statements": 2, "percent_covered": 100.0, "percent_covered_display": "100", "missing_lines": 0, "excluded_lines": 0, "percent_statements_covered": 100.0, "percent_statements_covered_display": "100", "num_branches": 0, "num_partial_branches": 0, "covered_branches": 0, "missing_branches": 0, "percent_branches_covered": 100.0, "percent_branches_covered_display": "100"}, "missing_lines": [], "excluded_lines": [], "start_line": 1, "executed_branches": [], "missing_branches": []}}}, "src\\mds650\\asset_selection.py": {"executed_lines": [3, 5, 6, 7, 9, 12, 13, 16, 17, 18, 19, 20, 21, 23, 25, 27, 29, 33, 34, 37, 38, 39, 42, 75, 77, 78, 79, 80, 87, 88, 89, 99, 100, 101, 102, 103], "summary": {"covered_lines": 36, "num_statements": 40, "percent_covered": 85.18518518518519, "percent_covered_display": "85", "missing_lines": 4, "excluded_lines": 0, "percent_statements_covered": 90.0, "percent_statements_covered_display": "90", "num_branches": 14, "num_partial_branches": 4, "covered_branches": 10, "missing_branches": 4, "percent_branches_covered": 71.42857142857143, "percent_branches_covered_display": "71"}, "missing_lines": [26, 28, 30, 76], "excluded_lines": [], "executed_branches": [[25, 27], [27, 29], [29, -23], [75, 77], [78, 79], [78, 80], [87, 88], [87, 89], [101, 102], [101, 103]], "missing_branches": [[25, 26], [27, 28], [29, 30], [75, 76]], "functions": {"AssetQuality.__post_init__": {"executed_lines": [25, 27, 29], "summary": {"covered_lines": 3, "num_statements": 6, "percent_covered": 50.0, "percent_covered_display": "50", "missing_lines": 3, "excluded_lines": 0, "percent_statements_covered": 50.0, "percent_statements_covered_display": "50", "num_branches": 6, "num_partial_branches": 3, "covered_branches": 3, "missing_branches": 3, "percent_branches_covered": 50.0, "percent_branches_covered_display": "50"}, "missing_lines": [26, 28, 30], "excluded_lines": [], "start_line": 23, "executed_branches": [[25, 27], [27, 29], [29, -23]], "missing_branches": [[25, 26], [27, 28], [29, 30]]}, "freeze_assets": {"executed_lines": [75, 77, 78, 79, 80, 87, 88, 89, 99, 100, 101, 102, 103], "summary": {"covered_lines": 13, "num_statements": 14, "percent_covered": 90.9090909090909, "percent_covered_display": "91", "missing_lines": 1, "excluded_lines": 0, "percent_statements_covered": 92.85714285714286, "percent_statements_covered_display": "93", "num_branches": 8, "num_partial_branches": 1, "covered_branches": 7, "missing_branches": 1, "percent_branches_covered": 87.5, "percent_branches_covered_display": "88"}, "missing_lines": [76], "excluded_lines": [], "start_line": 42, "executed_branches": [[75, 77], [78, 79], [78, 80], [87, 88], [87, 89], [101, 102], [101, 103]], "missing_branches": [[75, 76]]}, "": {"executed_lines": [3, 5, 6, 7, 9, 12, 13, 16, 17, 18, 19, 20, 21, 23, 33, 34, 37, 38, 39, 42], "summary": {"covered_lines": 20, "num_statements": 20, "percent_covered": 100.0, "percent_covered_display": "100", "missing_lines": 0, "excluded_lines": 0, "percent_statements_covered": 100.0, "percent_statements_covered_display": "100", "num_branches": 0, "num_partial_branches": 0, "covered_branches": 0, "missing_branches": 0, "percent_branches_covered": 100.0, "percent_branches_covered_display": "100"}, "missing_lines": [], "excluded_lines": [], "start_line": 1, "executed_branches": [], "missing_branches": []}}, "classes": {"AssetQuality": {"executed_lines": [25, 27, 29], "summary": {"covered_lines": 3, "num_statements": 6, "percent_covered": 50.0, "percent_covered_display": "50", "missing_lines": 3, "excluded_lines": 0, "percent_statements_covered": 50.0, "percent_statements_covered_display": "50", "num_branches": 6, "num_partial_branches": 3, "covered_branches": 3, "missing_branches": 3, "percent_branches_covered": 50.0, "percent_branches_covered_display": "50"}, "missing_lines": [26, 28, 30], "excluded_lines": [], "start_line": 13, "executed_branches": [[25, 27], [27, 29], [29, -23]], "missing_branches": [[25, 26], [27, 28], [29, 30]]}, "FrozenAssetSet": {"executed_lines": [], "summary": {"covered_lines": 0, "num_statements": 0, "percent_covered": 100.0, "percent_covered_display": "100", "missing_lines": 0, "excluded_lines": 0, "percent_statements_covered": 100.0, "percent_statements_covered_display": "100", "num_branches": 0, "num_partial_branches": 0, "covered_branches": 0, "missing_branches": 0, "percent_branches_covered": 100.0, "percent_branches_covered_display": "100"}, "missing_lines": [], "excluded_lines": [], "start_line": 34, "executed_branches": [], "missing_branches": []}, "": {"executed_lines": [3, 5, 6, 7, 9, 12, 13, 16, 17, 18, 19, 20, 21, 23, 33, 34, 37, 38, 39, 42, 75, 77, 78, 79, 80, 87, 88, 89, 99, 100, 101, 102, 103], "summary": {"covered_lines": 33, "num_statements": 34, "percent_covered": 95.23809523809524, "percent_covered_display": "95", "missing_lines": 1, "excluded_lines": 0, "percent_statements_covered": 97.05882352941177, "percent_statements_covered_display": "97", "num_branches": 8, "num_partial_branches": 1, "covered_branches": 7, "missing_branches": 1, "percent_branches_covered": 87.5, "percent_branches_covered_display": "88"}, "missing_lines": [76], "excluded_lines": [], "start_line": 1, "executed_branches": [[75, 77], [78, 79], [78, 80], [87, 88], [87, 89], [101, 102], [101, 103]], "missing_branches": [[75, 76]]}}}, "src\\mds650\\config.py": {"executed_lines": [3, 5, 7, 8, 10, 13, 23, 28, 33, 38, 39, 41, 47, 48, 56, 57, 58, 60, 68, 74, 83, 84, 85], "summary": {"covered_lines": 23, "num_statements": 23, "percent_covered": 96.29629629629629, "percent_covered_display": "96", "missing_lines": 0, "excluded_lines": 0, "percent_statements_covered": 100.0, "percent_statements_covered_display": "100", "num_branches": 4, "num_partial_branches": 1, "covered_branches": 3, "missing_branches": 1, "percent_branches_covered": 75.0, "percent_branches_covered_display": "75"}, "missing_lines": [], "excluded_lines": [], "executed_branches": [[56, 57], [56, 58], [84, 85]], "missing_branches": [[84, -74]], "functions": {"ResearchSettings.enforce_research_only": {"executed_lines": [56, 57, 58], "summary": {"covered_lines": 3, "num_statements": 3, "percent_covered": 100.0, "percent_covered_display": "100", "missing_lines": 0, "excluded_lines": 0, "percent_statements_covered": 100.0, "percent_statements_covered_display": "100", "num_branches": 2, "num_partial_branches": 0, "covered_branches": 2, "missing_branches": 0, "percent_branches_covered": 100.0, "percent_branches_covered_display": "100"}, "missing_lines": [], "excluded_lines": [], "start_line": 48, "executed_branches": [[56, 57], [56, 58]], "missing_branches": []}, "ResearchSettings.secret_presence": {"executed_lines": [68], "summary": {"covered_lines": 1, "num_statements": 1, "percent_covered": 100.0, "percent_covered_display": "100", "missing_lines": 0, "excluded_lines": 0, "percent_statements_covered": 100.0, "percent_statements_covered_display": "100", "num_branches": 0, "num_partial_branches": 0, "covered_branches": 0, "missing_branches": 0, "percent_branches_covered": 100.0, "percent_branches_covered_display": "100"}, "missing_lines": [], "excluded_lines": [], "start_line": 60, "executed_branches": [], "missing_branches": []}, "ResearchSettings.require_provider_secrets": {"executed_lines": [83, 84, 85], "summary": {"covered_lines": 3, "num_statements": 3, "percent_covered": 80.0, "percent_covered_display": "80", "missing_lines": 0, "excluded_lines": 0, "percent_statements_covered": 100.0, "percent_statements_covered_display": "100", "num_branches": 2, "num_partial_branches": 1, "covered_branches": 1, "missing_branches": 1, "percent_branches_covered": 50.0, "percent_branches_covered_display": "50"}, "missing_lines": [], "excluded_lines": [], "start_line": 74, "executed_branches": [[84, 85]], "missing_branches": [[84, -74]]}, "": {"executed_lines": [3, 5, 7, 8, 10, 13, 23, 28, 33, 38, 39, 41, 47, 48, 60, 74], "summary": {"covered_lines": 16, "num_statements": 16, "percent_covered": 100.0, "percent_covered_display": "100", "missing_lines": 0, "excluded_lines": 0, "percent_statements_covered": 100.0, "percent_statements_covered_display": "100", "num_branches": 0, "num_partial_branches": 0, "covered_branches": 0, "missing_branches": 0, "percent_branches_covered": 100.0, "percent_branches_covered_display": "100"}, "missing_lines": [], "excluded_lines": [], "start_line": 1, "executed_branches": [], "missing_branches": []}}, "classes": {"ResearchSettings": {"executed_lines": [56, 57, 58, 68, 83, 84, 85], "summary": {"covered_lines": 7, "num_statements": 7, "percent_covered": 90.9090909090909, "percent_covered_display": "91", "missing_lines": 0, "excluded_lines": 0, "percent_statements_covered": 100.0, "percent_statements_covered_display": "100", "num_branches": 4, "num_partial_branches": 1, "covered_branches": 3, "missing_branches": 1, "percent_branches_covered": 75.0, "percent_branches_covered_display": "75"}, "missing_lines": [], "excluded_lines": [], "start_line": 13, "executed_branches": [[56, 57], [56, 58], [84, 85]], "missing_branches": [[84, -74]]}, "": {"executed_lines": [3, 5, 7, 8, 10, 13, 23, 28, 33, 38, 39, 41, 47, 48, 60, 74], "summary": {"covered_lines": 16, "num_statements": 16, "percent_covered": 100.0, "percent_covered_display": "100", "missing_lines": 0, "excluded_lines": 0, "percent_statements_covered": 100.0, "percent_statements_covered_display": "100", "num_branches": 0, "num_partial_branches": 0, "covered_branches": 0, "missing_branches": 0, "percent_branches_covered": 100.0, "percent_branches_covered_display": "100"}, "missing_lines": [], "excluded_lines": [], "start_line": 1, "executed_branches": [], "missing_branches": []}}}, "src\\mds650\\contracts.py": {"executed_lines": [3, 5, 6, 7, 9, 11, 13, 16, 17, 19, 22, 23, 25, 28, 31, 33, 34, 35, 36, 38, 39, 40, 42, 44, 45, 46, 51, 54, 55, 56, 57, 58, 59, 60, 61, 63, 64, 65, 67, 69, 70, 71, 73, 75, 77, 78, 79, 81, 83, 84, 85, 87, 89, 91, 92, 93, 95, 97, 98, 100, 101, 102, 105, 108, 109, 110, 111, 112, 113, 115, 116, 117, 119, 122, 125, 126, 127, 128, 129, 130, 131, 132, 133, 134, 135, 136, 137, 138, 139, 140, 141, 142, 143, 144, 145, 146, 147, 149, 150, 151, 153, 155, 156, 157, 159, 162, 165, 166, 167, 168, 169, 170, 171, 172, 173, 175, 176, 177, 179, 181, 182, 184, 186, 189, 192, 193, 194, 195, 196, 197, 199, 200, 201, 203, 205, 206, 207, 209, 210, 211, 214, 217, 218, 219, 220, 221, 222, 223, 225, 226, 227, 229, 231, 232, 233, 235, 237, 238, 240, 242, 245, 248, 249, 250, 251, 252, 253, 255, 256, 257, 259, 261, 263, 264, 265, 267, 269, 270, 271, 273, 275, 276, 278, 280, 283, 286, 288, 289, 290, 291, 292, 293, 294, 295, 296, 298, 299, 300, 302, 304, 305, 306, 308, 310, 312, 313, 315, 316, 317, 319, 321], "summary": {"covered_lines": 211, "num_statements": 223, "percent_covered": 90.76305220883535, "percent_covered_display": "91", "missing_lines": 12, "excluded_lines": 0, "percent_statements_covered": 94.61883408071749, "percent_statements_covered_display": "95", "num_branches": 26, "num_partial_branches": 11, "covered_branches": 15, "missing_branches": 11, "percent_branches_covered": 57.69230769230769, "percent_branches_covered_display": "58"}, "missing_lines": [18, 24, 48, 74, 88, 185, 241, 260, 279, 309, 318, 320], "excluded_lines": [], "executed_branches": [[17, 19], [23, 25], [73, 75], [87, 89], [100, 101], [100, 102], [184, 186], [240, 242], [259, 261], [278, 280], [308, 310], [315, 316], [315, 317], [317, 319], [319, 321]], "missing_branches": [[17, 18], [23, 24], [73, 74], [87, 88], [184, 185], [240, 241], [259, 260], [278, 279], [308, 309], [317, 318], [319, 320]], "functions": {"_require_aware": {"executed_lines": [17, 19], "summary": {"covered_lines": 2, "num_statements": 3, "percent_covered": 60.0, "percent_covered_display": "60", "missing_lines": 1, "excluded_lines": 0, "percent_statements_covered": 66.66666666666667, "percent_statements_covered_display": "67", "num_branches": 2, "num_partial_branches": 1, "covered_branches": 1, "missing_branches": 1, "percent_branches_covered": 50.0, "percent_branches_covered_display": "50"}, "missing_lines": [18], "excluded_lines": [], "start_line": 16, "executed_branches": [[17, 19]], "missing_branches": [[17, 18]]}, "_require_finite_nonnegative": {"executed_lines": [23, 25], "summary": {"covered_lines": 2, "num_statements": 3, "percent_covered": 60.0, "percent_covered_display": "60", "missing_lines": 1, "excluded_lines": 0, "percent_statements_covered": 66.66666666666667, "percent_statements_covered_display": "67", "num_branches": 2, "num_partial_branches": 1, "covered_branches": 1, "missing_branches": 1, "percent_branches_covered": 50.0, "percent_branches_covered_display": "50"}, "missing_lines": [24], "excluded_lines": [], "start_line": 22, "executed_branches": [[23, 25]], "missing_branches": [[23, 24]]}, "ProvenanceRecord.validate_observed_at": {"executed_lines": [42], "summary": {"covered_lines": 1, "num_statements": 1, "percent_covered": 100.0, "percent_covered_display": "100", "missing_lines": 0, "excluded_lines": 0, "percent_statements_covered": 100.0, "percent_statements_covered_display": "100", "num_branches": 0, "num_partial_branches": 0, "covered_branches": 0, "missing_branches": 0, "percent_branches_covered": 100.0, "percent_branches_covered_display": "100"}, "missing_lines": [], "excluded_lines": [], "start_line": 40, "executed_branches": [], "missing_branches": []}, "ProvenanceRecord.observed_at_ny": {"executed_lines": [], "summary": {"covered_lines": 0, "num_statements": 1, "percent_covered": 0.0, "percent_covered_display": "0", "missing_lines": 1, "excluded_lines": 0, "percent_statements_covered": 0.0, "percent_statements_covered_display": "0", "num_branches": 0, "num_partial_branches": 0, "covered_branches": 0, "missing_branches": 0, "percent_branches_covered": 100.0, "percent_branches_covered_display": "100"}, "missing_lines": [48], "excluded_lines": [], "start_line": 46, "executed_branches": [], "missing_branches": []}, "UnderlyingBar.bar_start_ny": {"executed_lines": [67], "summary": {"covered_lines": 1, "num_statements": 1, "percent_covered": 100.0, "percent_covered_display": "100", "missing_lines": 0, "excluded_lines": 0, "percent_statements_covered": 100.0, "percent_statements_covered_display": "100", "num_branches": 0, "num_partial_branches": 0, "covered_branches": 0, "missing_branches": 0, "percent_branches_covered": 100.0, "percent_branches_covered_display": "100"}, "missing_lines": [], "excluded_lines": [], "start_line": 65, "executed_branches": [], "missing_branches": []}, "UnderlyingBar.validate_asset": {"executed_lines": [73, 75], "summary": {"covered_lines": 2, "num_statements": 3, "percent_covered": 60.0, "percent_covered_display": "60", "missing_lines": 1, "excluded_lines": 0, "percent_statements_covered": 66.66666666666667, "percent_statements_covered_display": "67", "num_branches": 2, "num_partial_branches": 1, "covered_branches": 1, "missing_branches": 1, "percent_branches_covered": 50.0, "percent_branches_covered_display": "50"}, "missing_lines": [74], "excluded_lines": [], "start_line": 71, "executed_branches": [[73, 75]], "missing_branches": [[73, 74]]}, "UnderlyingBar.validate_bar_timestamp": {"executed_lines": [81], "summary": {"covered_lines": 1, "num_statements": 1, "percent_covered": 100.0, "percent_covered_display": "100", "missing_lines": 0, "excluded_lines": 0, "percent_statements_covered": 100.0, "percent_statements_covered_display": "100", "num_branches": 0, "num_partial_branches": 0, "covered_branches": 0, "missing_branches": 0, "percent_branches_covered": 100.0, "percent_branches_covered_display": "100"}, "missing_lines": [], "excluded_lines": [], "start_line": 79, "executed_branches": [], "missing_branches": []}, "UnderlyingBar.validate_price": {"executed_lines": [87, 89], "summary": {"covered_lines": 2, "num_statements": 3, "percent_covered": 60.0, "percent_covered_display": "60", "missing_lines": 1, "excluded_lines": 0, "percent_statements_covered": 66.66666666666667, "percent_statements_covered_display": "67", "num_branches": 2, "num_partial_branches": 1, "covered_branches": 1, "missing_branches": 1, "percent_branches_covered": 50.0, "percent_branches_covered_display": "50"}, "missing_lines": [88], "excluded_lines": [], "start_line": 85, "executed_branches": [[87, 89]], "missing_branches": [[87, 88]]}, "UnderlyingBar.validate_volume": {"executed_lines": [95], "summary": {"covered_lines": 1, "num_statements": 1, "percent_covered": 100.0, "percent_covered_display": "100", "missing_lines": 0, "excluded_lines": 0, "percent_statements_covered": 100.0, "percent_statements_covered_display": "100", "num_branches": 0, "num_partial_branches": 0, "covered_branches": 0, "missing_branches": 0, "percent_branches_covered": 100.0, "percent_branches_covered_display": "100"}, "missing_lines": [], "excluded_lines": [], "start_line": 93, "executed_branches": [], "missing_branches": []}, "UnderlyingBar.validate_ohlc": {"executed_lines": [100, 101, 102], "summary": {"covered_lines": 3, "num_statements": 3, "percent_covered": 100.0, "percent_covered_display": "100", "missing_lines": 0, "excluded_lines": 0, "percent_statements_covered": 100.0, "percent_statements_covered_display": "100", "num_branches": 2, "num_partial_branches": 0, "covered_branches": 2, "missing_branches": 0, "percent_branches_covered": 100.0, "percent_branches_covered_display": "100"}, "missing_lines": [], "excluded_lines": [], "start_line": 98, "executed_branches": [[100, 101], [100, 102]], "missing_branches": []}, "CorporateEvent.validate_optional_timestamp": {"executed_lines": [119], "summary": {"covered_lines": 1, "num_statements": 1, "percent_covered": 100.0, "percent_covered_display": "100", "missing_lines": 0, "excluded_lines": 0, "percent_statements_covered": 100.0, "percent_statements_covered_display": "100", "num_branches": 0, "num_partial_branches": 0, "covered_branches": 0, "missing_branches": 0, "percent_branches_covered": 100.0, "percent_branches_covered_display": "100"}, "missing_lines": [], "excluded_lines": [], "start_line": 117, "executed_branches": [], "missing_branches": []}, "UnusualOptionEvent.validate_event_timestamp": {"executed_lines": [153], "summary": {"covered_lines": 1, "num_statements": 1, "percent_covered": 100.0, "percent_covered_display": "100", "missing_lines": 0, "excluded_lines": 0, "percent_statements_covered": 100.0, "percent_statements_covered_display": "100", "num_branches": 0, "num_partial_branches": 0, "covered_branches": 0, "missing_branches": 0, "percent_branches_covered": 100.0, "percent_branches_covered_display": "100"}, "missing_lines": [], "excluded_lines": [], "start_line": 151, "executed_branches": [], "missing_branches": []}, "UnusualOptionEvent.validate_nonnegative_fields": {"executed_lines": [159], "summary": {"covered_lines": 1, "num_statements": 1, "percent_covered": 100.0, "percent_covered_display": "100", "missing_lines": 0, "excluded_lines": 0, "percent_statements_covered": 100.0, "percent_statements_covered_display": "100", "num_branches": 0, "num_partial_branches": 0, "covered_branches": 0, "missing_branches": 0, "percent_branches_covered": 100.0, "percent_branches_covered_display": "100"}, "missing_lines": [], "excluded_lines": [], "start_line": 157, "executed_branches": [], "missing_branches": []}, "OptionStateSnapshot.validate_state_timestamp": {"executed_lines": [179], "summary": {"covered_lines": 1, "num_statements": 1, "percent_covered": 100.0, "percent_covered_display": "100", "missing_lines": 0, "excluded_lines": 0, "percent_statements_covered": 100.0, "percent_statements_covered_display": "100", "num_branches": 0, "num_partial_branches": 0, "covered_branches": 0, "missing_branches": 0, "percent_branches_covered": 100.0, "percent_branches_covered_display": "100"}, "missing_lines": [], "excluded_lines": [], "start_line": 177, "executed_branches": [], "missing_branches": []}, "OptionStateSnapshot.validate_state_order": {"executed_lines": [184, 186], "summary": {"covered_lines": 2, "num_statements": 3, "percent_covered": 60.0, "percent_covered_display": "60", "missing_lines": 1, "excluded_lines": 0, "percent_statements_covered": 66.66666666666667, "percent_statements_covered_display": "67", "num_branches": 2, "num_partial_branches": 1, "covered_branches": 1, "missing_branches": 1, "percent_branches_covered": 50.0, "percent_branches_covered_display": "50"}, "missing_lines": [185], "excluded_lines": [], "start_line": 182, "executed_branches": [[184, 186]], "missing_branches": [[184, 185]]}, "OptionTrade.validate_trade_timestamp": {"executed_lines": [203], "summary": {"covered_lines": 1, "num_statements": 1, "percent_covered": 100.0, "percent_covered_display": "100", "missing_lines": 0, "excluded_lines": 0, "percent_statements_covered": 100.0, "percent_statements_covered_display": "100", "num_branches": 0, "num_partial_branches": 0, "covered_branches": 0, "missing_branches": 0, "percent_branches_covered": 100.0, "percent_branches_covered_display": "100"}, "missing_lines": [], "excluded_lines": [], "start_line": 201, "executed_branches": [], "missing_branches": []}, "OptionTrade.validate_trade_measure": {"executed_lines": [209, 210, 211], "summary": {"covered_lines": 3, "num_statements": 3, "percent_covered": 100.0, "percent_covered_display": "100", "missing_lines": 0, "excluded_lines": 0, "percent_statements_covered": 100.0, "percent_statements_covered_display": "100", "num_branches": 0, "num_partial_branches": 0, "covered_branches": 0, "missing_branches": 0, "percent_branches_covered": 100.0, "percent_branches_covered_display": "100"}, "missing_lines": [], "excluded_lines": [], "start_line": 207, "executed_branches": [], "missing_branches": []}, "OptionQuote.validate_quote_timestamp": {"executed_lines": [229], "summary": {"covered_lines": 1, "num_statements": 1, "percent_covered": 100.0, "percent_covered_display": "100", "missing_lines": 0, "excluded_lines": 0, "percent_statements_covered": 100.0, "percent_statements_covered_display": "100", "num_branches": 0, "num_partial_branches": 0, "covered_branches": 0, "missing_branches": 0, "percent_branches_covered": 100.0, "percent_branches_covered_display": "100"}, "missing_lines": [], "excluded_lines": [], "start_line": 227, "executed_branches": [], "missing_branches": []}, "OptionQuote.validate_quote_measure": {"executed_lines": [235], "summary": {"covered_lines": 1, "num_statements": 1, "percent_covered": 100.0, "percent_covered_display": "100", "missing_lines": 0, "excluded_lines": 0, "percent_statements_covered": 100.0, "percent_statements_covered_display": "100", "num_branches": 0, "num_partial_branches": 0, "covered_branches": 0, "missing_branches": 0, "percent_branches_covered": 100.0, "percent_branches_covered_display": "100"}, "missing_lines": [], "excluded_lines": [], "start_line": 233, "executed_branches": [], "missing_branches": []}, "OptionQuote.validate_quote_spread": {"executed_lines": [240, 242], "summary": {"covered_lines": 2, "num_statements": 3, "percent_covered": 60.0, "percent_covered_display": "60", "missing_lines": 1, "excluded_lines": 0, "percent_statements_covered": 66.66666666666667, "percent_statements_covered_display": "67", "num_branches": 2, "num_partial_branches": 1, "covered_branches": 1, "missing_branches": 1, "percent_branches_covered": 50.0, "percent_branches_covered_display": "50"}, "missing_lines": [241], "excluded_lines": [], "start_line": 238, "executed_branches": [[240, 242]], "missing_branches": [[240, 241]]}, "ForecastOrigin.validate_origin_asset": {"executed_lines": [259, 261], "summary": {"covered_lines": 2, "num_statements": 3, "percent_covered": 60.0, "percent_covered_display": "60", "missing_lines": 1, "excluded_lines": 0, "percent_statements_covered": 66.66666666666667, "percent_statements_covered_display": "67", "num_branches": 2, "num_partial_branches": 1, "covered_branches": 1, "missing_branches": 1, "percent_branches_covered": 50.0, "percent_branches_covered_display": "50"}, "missing_lines": [260], "excluded_lines": [], "start_line": 257, "executed_branches": [[259, 261]], "missing_branches": [[259, 260]]}, "ForecastOrigin.validate_origin_timestamp": {"executed_lines": [267], "summary": {"covered_lines": 1, "num_statements": 1, "percent_covered": 100.0, "percent_covered_display": "100", "missing_lines": 0, "excluded_lines": 0, "percent_statements_covered": 100.0, "percent_statements_covered_display": "100", "num_branches": 0, "num_partial_branches": 0, "covered_branches": 0, "missing_branches": 0, "percent_branches_covered": 100.0, "percent_branches_covered_display": "100"}, "missing_lines": [], "excluded_lines": [], "start_line": 265, "executed_branches": [], "missing_branches": []}, "ForecastOrigin.origin_start_ny": {"executed_lines": [273], "summary": {"covered_lines": 1, "num_statements": 1, "percent_covered": 100.0, "percent_covered_display": "100", "missing_lines": 0, "excluded_lines": 0, "percent_statements_covered": 100.0, "percent_statements_covered_display": "100", "num_branches": 0, "num_partial_branches": 0, "covered_branches": 0, "missing_branches": 0, "percent_branches_covered": 100.0, "percent_branches_covered_display": "100"}, "missing_lines": [], "excluded_lines": [], "start_line": 271, "executed_branches": [], "missing_branches": []}, "ForecastOrigin.validate_cutoff": {"executed_lines": [278, 280], "summary": {"covered_lines": 2, "num_statements": 3, "percent_covered": 60.0, "percent_covered_display": "60", "missing_lines": 1, "excluded_lines": 0, "percent_statements_covered": 66.66666666666667, "percent_statements_covered_display": "67", "num_branches": 2, "num_partial_branches": 1, "covered_branches": 1, "missing_branches": 1, "percent_branches_covered": 50.0, "percent_branches_covered_display": "50"}, "missing_lines": [279], "excluded_lines": [], "start_line": 276, "executed_branches": [[278, 280]], "missing_branches": [[278, 279]]}, "RealizedVarianceTarget.validate_target_timestamp": {"executed_lines": [302], "summary": {"covered_lines": 1, "num_statements": 1, "percent_covered": 100.0, "percent_covered_display": "100", "missing_lines": 0, "excluded_lines": 0, "percent_statements_covered": 100.0, "percent_statements_covered_display": "100", "num_branches": 0, "num_partial_branches": 0, "covered_branches": 0, "missing_branches": 0, "percent_branches_covered": 100.0, "percent_branches_covered_display": "100"}, "missing_lines": [], "excluded_lines": [], "start_line": 300, "executed_branches": [], "missing_branches": []}, "RealizedVarianceTarget.validate_target_value": {"executed_lines": [308, 310], "summary": {"covered_lines": 2, "num_statements": 3, "percent_covered": 60.0, "percent_covered_display": "60", "missing_lines": 1, "excluded_lines": 0, "percent_statements_covered": 66.66666666666667, "percent_statements_covered_display": "67", "num_branches": 2, "num_partial_branches": 1, "covered_branches": 1, "missing_branches": 1, "percent_branches_covered": 50.0, "percent_branches_covered_display": "50"}, "missing_lines": [309], "excluded_lines": [], "start_line": 306, "executed_branches": [[308, 310]], "missing_branches": [[308, 309]]}, "RealizedVarianceTarget.validate_primary_target": {"executed_lines": [315, 316, 317, 319, 321], "summary": {"covered_lines": 5, "num_statements": 7, "percent_covered": 69.23076923076923, "percent_covered_display": "69", "missing_lines": 2, "excluded_lines": 0, "percent_statements_covered": 71.42857142857143, "percent_statements_covered_display": "71", "num_branches": 6, "num_partial_branches": 2, "covered_branches": 4, "missing_branches": 2, "percent_branches_covered": 66.66666666666667, "percent_branches_covered_display": "67"}, "missing_lines": [318, 320], "excluded_lines": [], "start_line": 313, "executed_branches": [[315, 316], [315, 317], [317, 319], [319, 321]], "missing_branches": [[317, 318], [319, 320]]}, "": {"executed_lines": [3, 5, 6, 7, 9, 11, 13, 16, 22, 28, 31, 33, 34, 35, 36, 38, 39, 40, 44, 45, 46, 51, 54, 55, 56, 57, 58, 59, 60, 61, 63, 64, 65, 69, 70, 71, 77, 78, 79, 83, 84, 85, 91, 92, 93, 97, 98, 105, 108, 109, 110, 111, 112, 113, 115, 116, 117, 122, 125, 126, 127, 128, 129, 130, 131, 132, 133, 134, 135, 136, 137, 138, 139, 140, 141, 142, 143, 144, 145, 146, 147, 149, 150, 151, 155, 156, 157, 162, 165, 166, 167, 168, 169, 170, 171, 172, 173, 175, 176, 177, 181, 182, 189, 192, 193, 194, 195, 196, 197, 199, 200, 201, 205, 206, 207, 214, 217, 218, 219, 220, 221, 222, 223, 225, 226, 227, 231, 232, 233, 237, 238, 245, 248, 249, 250, 251, 252, 253, 255, 256, 257, 263, 264, 265, 269, 270, 271, 275, 276, 283, 286, 288, 289, 290, 291, 292, 293, 294, 295, 296, 298, 299, 300, 304, 305, 306, 312, 313], "summary": {"covered_lines": 168, "num_statements": 168, "percent_covered": 100.0, "percent_covered_display": "100", "missing_lines": 0, "excluded_lines": 0, "percent_statements_covered": 100.0, "percent_statements_covered_display": "100", "num_branches": 0, "num_partial_branches": 0, "covered_branches": 0, "missing_branches": 0, "percent_branches_covered": 100.0, "percent_branches_covered_display": "100"}, "missing_lines": [], "excluded_lines": [], "start_line": 1, "executed_branches": [], "missing_branches": []}}, "classes": {"ProvenanceRecord": {"executed_lines": [42], "summary": {"covered_lines": 1, "num_statements": 2, "percent_covered": 50.0, "percent_covered_display": "50", "missing_lines": 1, "excluded_lines": 0, "percent_statements_covered": 50.0, "percent_statements_covered_display": "50", "num_branches": 0, "num_partial_branches": 0, "covered_branches": 0, "missing_branches": 0, "percent_branches_covered": 100.0, "percent_branches_covered_display": "100"}, "missing_lines": [48], "excluded_lines": [], "start_line": 28, "executed_branches": [], "missing_branches": []}, "UnderlyingBar": {"executed_lines": [67, 73, 75, 81, 87, 89, 95, 100, 101, 102], "summary": {"covered_lines": 10, "num_statements": 12, "percent_covered": 77.77777777777777, "percent_covered_display": "78", "missing_lines": 2, "excluded_lines": 0, "percent_statements_covered": 83.33333333333333, "percent_statements_covered_display": "83", "num_branches": 6, "num_partial_branches": 2, "covered_branches": 4, "missing_branches": 2, "percent_branches_covered": 66.66666666666667, "percent_branches_covered_display": "67"}, "missing_lines": [74, 88], "excluded_lines": [], "start_line": 51, "executed_branches": [[73, 75], [87, 89], [100, 101], [100, 102]], "missing_branches": [[73, 74], [87, 88]]}, "CorporateEvent": {"executed_lines": [119], "summary": {"covered_lines": 1, "num_statements": 1, "percent_covered": 100.0, "percent_covered_display": "100", "missing_lines": 0, "excluded_lines": 0, "percent_statements_covered": 100.0, "percent_statements_covered_display": "100", "num_branches": 0, "num_partial_branches": 0, "covered_branches": 0, "missing_branches": 0, "percent_branches_covered": 100.0, "percent_branches_covered_display": "100"}, "missing_lines": [], "excluded_lines": [], "start_line": 105, "executed_branches": [], "missing_branches": []}, "UnusualOptionEvent": {"executed_lines": [153, 159], "summary": {"covered_lines": 2, "num_statements": 2, "percent_covered": 100.0, "percent_covered_display": "100", "missing_lines": 0, "excluded_lines": 0, "percent_statements_covered": 100.0, "percent_statements_covered_display": "100", "num_branches": 0, "num_partial_branches": 0, "covered_branches": 0, "missing_branches": 0, "percent_branches_covered": 100.0, "percent_branches_covered_display": "100"}, "missing_lines": [], "excluded_lines": [], "start_line": 122, "executed_branches": [], "missing_branches": []}, "OptionStateSnapshot": {"executed_lines": [179, 184, 186], "summary": {"covered_lines": 3, "num_statements": 4, "percent_covered": 66.66666666666667, "percent_covered_display": "67", "missing_lines": 1, "excluded_lines": 0, "percent_statements_covered": 75.0, "percent_statements_covered_display": "75", "num_branches": 2, "num_partial_branches": 1, "covered_branches": 1, "missing_branches": 1, "percent_branches_covered": 50.0, "percent_branches_covered_display": "50"}, "missing_lines": [185], "excluded_lines": [], "start_line": 162, "executed_branches": [[184, 186]], "missing_branches": [[184, 185]]}, "OptionTrade": {"executed_lines": [203, 209, 210, 211], "summary": {"covered_lines": 4, "num_statements": 4, "percent_covered": 100.0, "percent_covered_display": "100", "missing_lines": 0, "excluded_lines": 0, "percent_statements_covered": 100.0, "percent_statements_covered_display": "100", "num_branches": 0, "num_partial_branches": 0, "covered_branches": 0, "missing_branches": 0, "percent_branches_covered": 100.0, "percent_branches_covered_display": "100"}, "missing_lines": [], "excluded_lines": [], "start_line": 189, "executed_branches": [], "missing_branches": []}, "OptionQuote": {"executed_lines": [229, 235, 240, 242], "summary": {"covered_lines": 4, "num_statements": 5, "percent_covered": 71.42857142857143, "percent_covered_display": "71", "missing_lines": 1, "excluded_lines": 0, "percent_statements_covered": 80.0, "percent_statements_covered_display": "80", "num_branches": 2, "num_partial_branches": 1, "covered_branches": 1, "missing_branches": 1, "percent_branches_covered": 50.0, "percent_branches_covered_display": "50"}, "missing_lines": [241], "excluded_lines": [], "start_line": 214, "executed_branches": [[240, 242]], "missing_branches": [[240, 241]]}, "ForecastOrigin": {"executed_lines": [259, 261, 267, 273, 278, 280], "summary": {"covered_lines": 6, "num_statements": 8, "percent_covered": 66.66666666666667, "percent_covered_display": "67", "missing_lines": 2, "excluded_lines": 0, "percent_statements_covered": 75.0, "percent_statements_covered_display": "75", "num_branches": 4, "num_partial_branches": 2, "covered_branches": 2, "missing_branches": 2, "percent_branches_covered": 50.0, "percent_branches_covered_display": "50"}, "missing_lines": [260, 279], "excluded_lines": [], "start_line": 245, "executed_branches": [[259, 261], [278, 280]], "missing_branches": [[259, 260], [278, 279]]}, "RealizedVarianceTarget": {"executed_lines": [302, 308, 310, 315, 316, 317, 319, 321], "summary": {"covered_lines": 8, "num_statements": 11, "percent_covered": 68.42105263157895, "percent_covered_display": "68", "missing_lines": 3, "excluded_lines": 0, "percent_statements_covered": 72.72727272727273, "percent_statements_covered_display": "73", "num_branches": 8, "num_partial_branches": 3, "covered_branches": 5, "missing_branches": 3, "percent_branches_covered": 62.5, "percent_branches_covered_display": "62"}, "missing_lines": [309, 318, 320], "excluded_lines": [], "start_line": 283, "executed_branches": [[308, 310], [315, 316], [315, 317], [317, 319], [319, 321]], "missing_branches": [[308, 309], [317, 318], [319, 320]]}, "": {"executed_lines": [3, 5, 6, 7, 9, 11, 13, 16, 17, 19, 22, 23, 25, 28, 31, 33, 34, 35, 36, 38, 39, 40, 44, 45, 46, 51, 54, 55, 56, 57, 58, 59, 60, 61, 63, 64, 65, 69, 70, 71, 77, 78, 79, 83, 84, 85, 91, 92, 93, 97, 98, 105, 108, 109, 110, 111, 112, 113, 115, 116, 117, 122, 125, 126, 127, 128, 129, 130, 131, 132, 133, 134, 135, 136, 137, 138, 139, 140, 141, 142, 143, 144, 145, 146, 147, 149, 150, 151, 155, 156, 157, 162, 165, 166, 167, 168, 169, 170, 171, 172, 173, 175, 176, 177, 181, 182, 189, 192, 193, 194, 195, 196, 197, 199, 200, 201, 205, 206, 207, 214, 217, 218, 219, 220, 221, 222, 223, 225, 226, 227, 231, 232, 233, 237, 238, 245, 248, 249, 250, 251, 252, 253, 255, 256, 257, 263, 264, 265, 269, 270, 271, 275, 276, 283, 286, 288, 289, 290, 291, 292, 293, 294, 295, 296, 298, 299, 300, 304, 305, 306, 312, 313], "summary": {"covered_lines": 172, "num_statements": 174, "percent_covered": 97.75280898876404, "percent_covered_display": "98", "missing_lines": 2, "excluded_lines": 0, "percent_statements_covered": 98.85057471264368, "percent_statements_covered_display": "99", "num_branches": 4, "num_partial_branches": 2, "covered_branches": 2, "missing_branches": 2, "percent_branches_covered": 50.0, "percent_branches_covered_display": "50"}, "missing_lines": [18, 24], "excluded_lines": [], "start_line": 1, "executed_branches": [[17, 19], [23, 25]], "missing_branches": [[17, 18], [23, 24]]}}}, "src\\mds650\\errors.py": {"executed_lines": [3, 6, 10, 14, 18, 22, 26, 30, 34, 38, 42, 45, 53, 54], "summary": {"covered_lines": 14, "num_statements": 14, "percent_covered": 100.0, "percent_covered_display": "100", "missing_lines": 0, "excluded_lines": 0, "percent_statements_covered": 100.0, "percent_statements_covered_display": "100", "num_branches": 0, "num_partial_branches": 0, "covered_branches": 0, "missing_branches": 0, "percent_branches_covered": 100.0, "percent_branches_covered_display": "100"}, "missing_lines": [], "excluded_lines": [], "executed_branches": [], "missing_branches": [], "functions": {"ProviderBlockedError.__init__": {"executed_lines": [53, 54], "summary": {"covered_lines": 2, "num_statements": 2, "percent_covered": 100.0, "percent_covered_display": "100", "missing_lines": 0, "excluded_lines": 0, "percent_statements_covered": 100.0, "percent_statements_covered_display": "100", "num_branches": 0, "num_partial_branches": 0, "covered_branches": 0, "missing_branches": 0, "percent_branches_covered": 100.0, "percent_branches_covered_display": "100"}, "missing_lines": [], "excluded_lines": [], "start_line": 45, "executed_branches": [], "missing_branches": []}, "": {"executed_lines": [3, 6, 10, 14, 18, 22, 26, 30, 34, 38, 42, 45], "summary": {"covered_lines": 12, "num_statements": 12, "percent_covered": 100.0, "percent_covered_display": "100", "missing_lines": 0, "excluded_lines": 0, "percent_statements_covered": 100.0, "percent_statements_covered_display": "100", "num_branches": 0, "num_partial_branches": 0, "covered_branches": 0, "missing_branches": 0, "percent_branches_covered": 100.0, "percent_branches_covered_display": "100"}, "missing_lines": [], "excluded_lines": [], "start_line": 1, "executed_branches": [], "missing_branches": []}}, "classes": {"MDS650Error": {"executed_lines": [], "summary": {"covered_lines": 0, "num_statements": 0, "percent_covered": 100.0, "percent_covered_display": "100", "missing_lines": 0, "excluded_lines": 0, "percent_statements_covered": 100.0, "percent_statements_covered_display": "100", "num_branches": 0, "num_partial_branches": 0, "covered_branches": 0, "missing_branches": 0, "percent_branches_covered": 100.0, "percent_branches_covered_display": "100"}, "missing_lines": [], "excluded_lines": [], "start_line": 6, "executed_branches": [], "missing_branches": []}, "SecretPresenceError": {"executed_lines": [], "summary": {"covered_lines": 0, "num_statements": 0, "percent_covered": 100.0, "percent_covered_display": "100", "missing_lines": 0, "excluded_lines": 0, "percent_statements_covered": 100.0, "percent_statements_covered_display": "100", "num_branches": 0, "num_partial_branches": 0, "covered_branches": 0, "missing_branches": 0, "percent_branches_covered": 100.0, "percent_branches_covered_display": "100"}, "missing_lines": [], "excluded_lines": [], "start_line": 10, "executed_branches": [], "missing_branches": []}, "ResearchOnlyViolation": {"executed_lines": [], "summary": {"covered_lines": 0, "num_statements": 0, "percent_covered": 100.0, "percent_covered_display": "100", "missing_lines": 0, "excluded_lines": 0, "percent_statements_covered": 100.0, "percent_statements_covered_display": "100", "num_branches": 0, "num_partial_branches": 0, "covered_branches": 0, "missing_branches": 0, "percent_branches_covered": 100.0, "percent_branches_covered_display": "100"}, "missing_lines": [], "excluded_lines": [], "start_line": 14, "executed_branches": [], "missing_branches": []}, "AuthenticationError": {"executed_lines": [], "summary": {"covered_lines": 0, "num_statements": 0, "percent_covered": 100.0, "percent_covered_display": "100", "missing_lines": 0, "excluded_lines": 0, "percent_statements_covered": 100.0, "percent_statements_covered_display": "100", "num_branches": 0, "num_partial_branches": 0, "covered_branches": 0, "missing_branches": 0, "percent_branches_covered": 100.0, "percent_branches_covered_display": "100"}, "missing_lines": [], "excluded_lines": [], "start_line": 18, "executed_branches": [], "missing_branches": []}, "SchemaDriftError": {"executed_lines": [], "summary": {"covered_lines": 0, "num_statements": 0, "percent_covered": 100.0, "percent_covered_display": "100", "missing_lines": 0, "excluded_lines": 0, "percent_statements_covered": 100.0, "percent_statements_covered_display": "100", "num_branches": 0, "num_partial_branches": 0, "covered_branches": 0, "missing_branches": 0, "percent_branches_covered": 100.0, "percent_branches_covered_display": "100"}, "missing_lines": [], "excluded_lines": [], "start_line": 22, "executed_branches": [], "missing_branches": []}, "LicensingError": {"executed_lines": [], "summary": {"covered_lines": 0, "num_statements": 0, "percent_covered": 100.0, "percent_covered_display": "100", "missing_lines": 0, "excluded_lines": 0, "percent_statements_covered": 100.0, "percent_statements_covered_display": "100", "num_branches": 0, "num_partial_branches": 0, "covered_branches": 0, "missing_branches": 0, "percent_branches_covered": 100.0, "percent_branches_covered_display": "100"}, "missing_lines": [], "excluded_lines": [], "start_line": 26, "executed_branches": [], "missing_branches": []}, "PITError": {"executed_lines": [], "summary": {"covered_lines": 0, "num_statements": 0, "percent_covered": 100.0, "percent_covered_display": "100", "missing_lines": 0, "excluded_lines": 0, "percent_statements_covered": 100.0, "percent_statements_covered_display": "100", "num_branches": 0, "num_partial_branches": 0, "covered_branches": 0, "missing_branches": 0, "percent_branches_covered": 100.0, "percent_branches_covered_display": "100"}, "missing_lines": [], "excluded_lines": [], "start_line": 30, "executed_branches": [], "missing_branches": []}, "QualityGateError": {"executed_lines": [], "summary": {"covered_lines": 0, "num_statements": 0, "percent_covered": 100.0, "percent_covered_display": "100", "missing_lines": 0, "excluded_lines": 0, "percent_statements_covered": 100.0, "percent_statements_covered_display": "100", "num_branches": 0, "num_partial_branches": 0, "covered_branches": 0, "missing_branches": 0, "percent_branches_covered": 100.0, "percent_branches_covered_display": "100"}, "missing_lines": [], "excluded_lines": [], "start_line": 34, "executed_branches": [], "missing_branches": []}, "OverlapError": {"executed_lines": [], "summary": {"covered_lines": 0, "num_statements": 0, "percent_covered": 100.0, "percent_covered_display": "100", "missing_lines": 0, "excluded_lines": 0, "percent_statements_covered": 100.0, "percent_statements_covered_display": "100", "num_branches": 0, "num_partial_branches": 0, "covered_branches": 0, "missing_branches": 0, "percent_branches_covered": 100.0, "percent_branches_covered_display": "100"}, "missing_lines": [], "excluded_lines": [], "start_line": 38, "executed_branches": [], "missing_branches": []}, "ProviderBlockedError": {"executed_lines": [53, 54], "summary": {"covered_lines": 2, "num_statements": 2, "percent_covered": 100.0, "percent_covered_display": "100", "missing_lines": 0, "excluded_lines": 0, "percent_statements_covered": 100.0, "percent_statements_covered_display": "100", "num_branches": 0, "num_partial_branches": 0, "covered_branches": 0, "missing_branches": 0, "percent_branches_covered": 100.0, "percent_branches_covered_display": "100"}, "missing_lines": [], "excluded_lines": [], "start_line": 42, "executed_branches": [], "missing_branches": []}, "": {"executed_lines": [3, 6, 10, 14, 18, 22, 26, 30, 34, 38, 42, 45], "summary": {"covered_lines": 12, "num_statements": 12, "percent_covered": 100.0, "percent_covered_display": "100", "missing_lines": 0, "excluded_lines": 0, "percent_statements_covered": 100.0, "percent_statements_covered_display": "100", "num_branches": 0, "num_partial_branches": 0, "covered_branches": 0, "missing_branches": 0, "percent_branches_covered": 100.0, "percent_branches_covered_display": "100"}, "missing_lines": [], "excluded_lines": [], "start_line": 1, "executed_branches": [], "missing_branches": []}}}, "src\\mds650\\events.py": {"executed_lines": [3, 5, 7, 8, 10, 13, 32, 33, 34, 35, 42, 51, 72, 73, 74, 85, 90, 114, 115, 116, 123], "summary": {"covered_lines": 21, "num_statements": 22, "percent_covered": 93.75, "percent_covered_display": "94", "missing_lines": 1, "excluded_lines": 0, "percent_statements_covered": 95.45454545454545, "percent_statements_covered_display": "95", "num_branches": 10, "num_partial_branches": 1, "covered_branches": 9, "missing_branches": 1, "percent_branches_covered": 90.0, "percent_branches_covered_display": "90"}, "missing_lines": [122], "excluded_lines": [], "executed_branches": [[32, 33], [32, 34], [34, 35], [34, 42], [72, 73], [72, 74], [114, 115], [114, 116], [116, 123]], "missing_branches": [[116, 122]], "functions": {"earnings_instrument_contract": {"executed_lines": [32, 33, 34, 35, 42], "summary": {"covered_lines": 5, "num_statements": 5, "percent_covered": 100.0, "percent_covered_display": "100", "missing_lines": 0, "excluded_lines": 0, "percent_statements_covered": 100.0, "percent_statements_covered_display": "100", "num_branches": 4, "num_partial_branches": 0, "covered_branches": 4, "missing_branches": 0, "percent_branches_covered": 100.0, "percent_branches_covered_display": "100"}, "missing_lines": [], "excluded_lines": [], "start_line": 13, "executed_branches": [[32, 33], [32, 34], [34, 35], [34, 42]], "missing_branches": []}, "eligible_earnings_events": {"executed_lines": [72, 73, 74, 85], "summary": {"covered_lines": 4, "num_statements": 4, "percent_covered": 100.0, "percent_covered_display": "100", "missing_lines": 0, "excluded_lines": 0, "percent_statements_covered": 100.0, "percent_statements_covered_display": "100", "num_branches": 2, "num_partial_branches": 0, "covered_branches": 2, "missing_branches": 0, "percent_branches_covered": 100.0, "percent_branches_covered_display": "100"}, "missing_lines": [], "excluded_lines": [], "start_line": 51, "executed_branches": [[72, 73], [72, 74]], "missing_branches": []}, "validate_optional_news": {"executed_lines": [114, 115, 116, 123], "summary": {"covered_lines": 4, "num_statements": 5, "percent_covered": 77.77777777777777, "percent_covered_display": "78", "missing_lines": 1, "excluded_lines": 0, "percent_statements_covered": 80.0, "percent_statements_covered_display": "80", "num_branches": 4, "num_partial_branches": 1, "covered_branches": 3, "missing_branches": 1, "percent_branches_covered": 75.0, "percent_branches_covered_display": "75"}, "missing_lines": [122], "excluded_lines": [], "start_line": 90, "executed_branches": [[114, 115], [114, 116], [116, 123]], "missing_branches": [[116, 122]]}, "": {"executed_lines": [3, 5, 7, 8, 10, 13, 51, 90], "summary": {"covered_lines": 8, "num_statements": 8, "percent_covered": 100.0, "percent_covered_display": "100", "missing_lines": 0, "excluded_lines": 0, "percent_statements_covered": 100.0, "percent_statements_covered_display": "100", "num_branches": 0, "num_partial_branches": 0, "covered_branches": 0, "missing_branches": 0, "percent_branches_covered": 100.0, "percent_branches_covered_display": "100"}, "missing_lines": [], "excluded_lines": [], "start_line": 1, "executed_branches": [], "missing_branches": []}}, "classes": {"": {"executed_lines": [3, 5, 7, 8, 10, 13, 32, 33, 34, 35, 42, 51, 72, 73, 74, 85, 90, 114, 115, 116, 123], "summary": {"covered_lines": 21, "num_statements": 22, "percent_covered": 93.75, "percent_covered_display": "94", "missing_lines": 1, "excluded_lines": 0, "percent_statements_covered": 95.45454545454545, "percent_statements_covered_display": "95", "num_branches": 10, "num_partial_branches": 1, "covered_branches": 9, "missing_branches": 1, "percent_branches_covered": 90.0, "percent_branches_covered_display": "90"}, "missing_lines": [122], "excluded_lines": [], "start_line": 1, "executed_branches": [[32, 33], [32, 34], [34, 35], [34, 42], [72, 73], [72, 74], [114, 115], [114, 116], [116, 123]], "missing_branches": [[116, 122]]}}}, "src\\mds650\\holdout.py": {"executed_lines": [3, 5, 6, 7, 8, 9, 11, 13, 25, 26, 27, 35, 62, 63, 64, 67, 72, 100, 102, 103, 104, 105, 106, 108, 110, 117, 121, 122, 126, 128, 130, 132, 133, 140, 141, 146, 147, 148, 151, 152, 153, 163, 164], "summary": {"covered_lines": 43, "num_statements": 53, "percent_covered": 75.30864197530865, "percent_covered_display": "75", "missing_lines": 10, "excluded_lines": 0, "percent_statements_covered": 81.13207547169812, "percent_statements_covered_display": "81", "num_branches": 28, "num_partial_branches": 10, "covered_branches": 18, "missing_branches": 10, "percent_branches_covered": 64.28571428571429, "percent_branches_covered_display": "64"}, "missing_lines": [101, 107, 109, 116, 125, 127, 129, 131, 139, 149], "excluded_lines": [], "executed_branches": [[100, 102], [102, 103], [102, 104], [104, 105], [104, 106], [106, 108], [108, 110], [110, 117], [117, 121], [117, 122], [122, 126], [126, 128], [128, 130], [130, 132], [133, 140], [141, 146], [141, 147], [148, 151]], "missing_branches": [[100, 101], [106, 107], [108, 109], [110, 116], [122, 125], [126, 127], [128, 129], [130, 131], [133, 139], [148, 149]], "functions": {"_valid_self_hash": {"executed_lines": [63, 64, 67], "summary": {"covered_lines": 3, "num_statements": 3, "percent_covered": 100.0, "percent_covered_display": "100", "missing_lines": 0, "excluded_lines": 0, "percent_statements_covered": 100.0, "percent_statements_covered_display": "100", "num_branches": 0, "num_partial_branches": 0, "covered_branches": 0, "missing_branches": 0, "percent_branches_covered": 100.0, "percent_branches_covered_display": "100"}, "missing_lines": [], "excluded_lines": [], "start_line": 62, "executed_branches": [], "missing_branches": []}, "authorize_holdout_read": {"executed_lines": [100, 102, 103, 104, 105, 106, 108, 110, 117, 121, 122, 126, 128, 130, 132, 133, 140, 141, 146, 147, 148, 151, 152, 153, 163, 164], "summary": {"covered_lines": 26, "num_statements": 36, "percent_covered": 68.75, "percent_covered_display": "69", "missing_lines": 10, "excluded_lines": 0, "percent_statements_covered": 72.22222222222223, "percent_statements_covered_display": "72", "num_branches": 28, "num_partial_branches": 10, "covered_branches": 18, "missing_branches": 10, "percent_branches_covered": 64.28571428571429, "percent_branches_covered_display": "64"}, "missing_lines": [101, 107, 109, 116, 125, 127, 129, 131, 139, 149], "excluded_lines": [], "start_line": 72, "executed_branches": [[100, 102], [102, 103], [102, 104], [104, 105], [104, 106], [106, 108], [108, 110], [110, 117], [117, 121], [117, 122], [122, 126], [126, 128], [128, 130], [130, 132], [133, 140], [141, 146], [141, 147], [148, 151]], "missing_branches": [[100, 101], [106, 107], [108, 109], [110, 116], [122, 125], [126, 127], [128, 129], [130, 131], [133, 139], [148, 149]]}, "": {"executed_lines": [3, 5, 6, 7, 8, 9, 11, 13, 25, 26, 27, 35, 62, 72], "summary": {"covered_lines": 14, "num_statements": 14, "percent_covered": 100.0, "percent_covered_display": "100", "missing_lines": 0, "excluded_lines": 0, "percent_statements_covered": 100.0, "percent_statements_covered_display": "100", "num_branches": 0, "num_partial_branches": 0, "covered_branches": 0, "missing_branches": 0, "percent_branches_covered": 100.0, "percent_branches_covered_display": "100"}, "missing_lines": [], "excluded_lines": [], "start_line": 1, "executed_branches": [], "missing_branches": []}}, "classes": {"": {"executed_lines": [3, 5, 6, 7, 8, 9, 11, 13, 25, 26, 27, 35, 62, 63, 64, 67, 72, 100, 102, 103, 104, 105, 106, 108, 110, 117, 121, 122, 126, 128, 130, 132, 133, 140, 141, 146, 147, 148, 151, 152, 153, 163, 164], "summary": {"covered_lines": 43, "num_statements": 53, "percent_covered": 75.30864197530865, "percent_covered_display": "75", "missing_lines": 10, "excluded_lines": 0, "percent_statements_covered": 81.13207547169812, "percent_statements_covered_display": "81", "num_branches": 28, "num_partial_branches": 10, "covered_branches": 18, "missing_branches": 10, "percent_branches_covered": 64.28571428571429, "percent_branches_covered_display": "64"}, "missing_lines": [101, 107, 109, 116, 125, 127, 129, 131, 139, 149], "excluded_lines": [], "start_line": 1, "executed_branches": [[100, 102], [102, 103], [102, 104], [104, 105], [104, 106], [106, 108], [108, 110], [110, 117], [117, 121], [117, 122], [122, 126], [126, 128], [128, 130], [130, 132], [133, 140], [141, 146], [141, 147], [148, 151]], "missing_branches": [[100, 101], [106, 107], [108, 109], [110, 116], [122, 125], [126, 127], [128, 129], [130, 131], [133, 139], [148, 149]]}}}, "src\\mds650\\logging.py": {"executed_lines": [3, 5, 6, 7, 8, 9, 11, 12, 18, 35, 41, 44, 45, 50, 51, 52, 54, 56, 59, 62, 63, 64, 65, 68, 86, 87, 88, 89, 90, 91, 92, 93, 94, 95, 96, 97], "summary": {"covered_lines": 36, "num_statements": 38, "percent_covered": 91.30434782608695, "percent_covered_display": "91", "missing_lines": 2, "excluded_lines": 0, "percent_statements_covered": 94.73684210526316, "percent_statements_covered_display": "95", "num_branches": 8, "num_partial_branches": 2, "covered_branches": 6, "missing_branches": 2, "percent_branches_covered": 75.0, "percent_branches_covered_display": "75"}, "missing_lines": [53, 55], "excluded_lines": [], "executed_branches": [[52, 54], [54, 56], [87, 88], [87, 89], [92, 93], [92, 97]], "missing_branches": [[52, 53], [54, 55]], "functions": {"redact_mapping": {"executed_lines": [35], "summary": {"covered_lines": 1, "num_statements": 1, "percent_covered": 100.0, "percent_covered_display": "100", "missing_lines": 0, "excluded_lines": 0, "percent_statements_covered": 100.0, "percent_statements_covered_display": "100", "num_branches": 0, "num_partial_branches": 0, "covered_branches": 0, "missing_branches": 0, "percent_branches_covered": 100.0, "percent_branches_covered_display": "100"}, "missing_lines": [], "excluded_lines": [], "start_line": 18, "executed_branches": [], "missing_branches": []}, "_JsonFormatter.format": {"executed_lines": [45, 50, 51, 52, 54, 56], "summary": {"covered_lines": 6, "num_statements": 8, "percent_covered": 66.66666666666667, "percent_covered_display": "67", "missing_lines": 2, "excluded_lines": 0, "percent_statements_covered": 75.0, "percent_statements_covered_display": "75", "num_branches": 4, "num_partial_branches": 2, "covered_branches": 2, "missing_branches": 2, "percent_branches_covered": 50.0, "percent_branches_covered_display": "50"}, "missing_lines": [53, 55], "excluded_lines": [], "start_line": 44, "executed_branches": [[52, 54], [54, 56]], "missing_branches": [[52, 53], [54, 55]]}, "_SecretRedactionFilter.filter": {"executed_lines": [63, 64, 65], "summary": {"covered_lines": 3, "num_statements": 3, "percent_covered": 100.0, "percent_covered_display": "100", "missing_lines": 0, "excluded_lines": 0, "percent_statements_covered": 100.0, "percent_statements_covered_display": "100", "num_branches": 0, "num_partial_branches": 0, "covered_branches": 0, "missing_branches": 0, "percent_branches_covered": 100.0, "percent_branches_covered_display": "100"}, "missing_lines": [], "excluded_lines": [], "start_line": 62, "executed_branches": [], "missing_branches": []}, "configure_logging": {"executed_lines": [86, 87, 88, 89, 90, 91, 92, 93, 94, 95, 96, 97], "summary": {"covered_lines": 12, "num_statements": 12, "percent_covered": 100.0, "percent_covered_display": "100", "missing_lines": 0, "excluded_lines": 0, "percent_statements_covered": 100.0, "percent_statements_covered_display": "100", "num_branches": 4, "num_partial_branches": 0, "covered_branches": 4, "missing_branches": 0, "percent_branches_covered": 100.0, "percent_branches_covered_display": "100"}, "missing_lines": [], "excluded_lines": [], "start_line": 68, "executed_branches": [[87, 88], [87, 89], [92, 93], [92, 97]], "missing_branches": []}, "": {"executed_lines": [3, 5, 6, 7, 8, 9, 11, 12, 18, 41, 44, 59, 62, 68], "summary": {"covered_lines": 14, "num_statements": 14, "percent_covered": 100.0, "percent_covered_display": "100", "missing_lines": 0, "excluded_lines": 0, "percent_statements_covered": 100.0, "percent_statements_covered_display": "100", "num_branches": 0, "num_partial_branches": 0, "covered_branches": 0, "missing_branches": 0, "percent_branches_covered": 100.0, "percent_branches_covered_display": "100"}, "missing_lines": [], "excluded_lines": [], "start_line": 1, "executed_branches": [], "missing_branches": []}}, "classes": {"_JsonFormatter": {"executed_lines": [45, 50, 51, 52, 54, 56], "summary": {"covered_lines": 6, "num_statements": 8, "percent_covered": 66.66666666666667, "percent_covered_display": "67", "missing_lines": 2, "excluded_lines": 0, "percent_statements_covered": 75.0, "percent_statements_covered_display": "75", "num_branches": 4, "num_partial_branches": 2, "covered_branches": 2, "missing_branches": 2, "percent_branches_covered": 50.0, "percent_branches_covered_display": "50"}, "missing_lines": [53, 55], "excluded_lines": [], "start_line": 41, "executed_branches": [[52, 54], [54, 56]], "missing_branches": [[52, 53], [54, 55]]}, "_SecretRedactionFilter": {"executed_lines": [63, 64, 65], "summary": {"covered_lines": 3, "num_statements": 3, "percent_covered": 100.0, "percent_covered_display": "100", "missing_lines": 0, "excluded_lines": 0, "percent_statements_covered": 100.0, "percent_statements_covered_display": "100", "num_branches": 0, "num_partial_branches": 0, "covered_branches": 0, "missing_branches": 0, "percent_branches_covered": 100.0, "percent_branches_covered_display": "100"}, "missing_lines": [], "excluded_lines": [], "start_line": 59, "executed_branches": [], "missing_branches": []}, "": {"executed_lines": [3, 5, 6, 7, 8, 9, 11, 12, 18, 35, 41, 44, 59, 62, 68, 86, 87, 88, 89, 90, 91, 92, 93, 94, 95, 96, 97], "summary": {"covered_lines": 27, "num_statements": 27, "percent_covered": 100.0, "percent_covered_display": "100", "missing_lines": 0, "excluded_lines": 0, "percent_statements_covered": 100.0, "percent_statements_covered_display": "100", "num_branches": 4, "num_partial_branches": 0, "covered_branches": 4, "missing_branches": 0, "percent_branches_covered": 100.0, "percent_branches_covered_display": "100"}, "missing_lines": [], "excluded_lines": [], "start_line": 1, "executed_branches": [[87, 88], [87, 89], [92, 93], [92, 97]], "missing_branches": []}}}, "src\\mds650\\manifests.py": {"executed_lines": [3, 5, 6, 7, 8, 9, 10, 12, 14, 22, 23, 27, 41, 42, 45, 46, 47, 48, 51, 72, 73, 74, 77, 79, 81, 83, 84, 85, 86, 87, 89, 90, 91, 92, 93, 94, 95, 96, 101, 102, 110, 111, 112, 113, 114, 115, 116, 117, 118, 119, 120, 124, 126, 129, 130, 131, 132, 133, 134, 135, 136, 137, 138, 139, 142, 145, 151, 152, 154, 155, 156, 157, 159, 160, 162, 163, 166, 167, 168, 170, 171, 172, 174, 175, 177, 178, 179, 180, 181, 182, 187, 190, 192, 201, 202, 204], "summary": {"covered_lines": 96, "num_statements": 115, "percent_covered": 81.56424581005587, "percent_covered_display": "82", "missing_lines": 19, "excluded_lines": 0, "percent_statements_covered": 83.47826086956522, "percent_statements_covered_display": "83", "num_branches": 64, "num_partial_branches": 14, "covered_branches": 50, "missing_branches": 14, "percent_branches_covered": 78.125, "percent_branches_covered_display": "78"}, "missing_lines": [75, 76, 78, 80, 82, 88, 121, 122, 123, 140, 153, 158, 161, 164, 165, 169, 173, 176, 203], "excluded_lines": [], "executed_branches": [[77, 79], [79, 81], [81, 83], [84, 85], [84, 86], [87, 89], [90, 91], [92, 93], [92, 94], [94, 95], [94, 96], [96, 101], [96, 102], [114, 115], [114, 116], [116, 117], [116, 124], [117, 118], [117, 119], [120, 116], [131, 132], [131, 133], [133, 134], [133, 136], [134, -130], [134, 135], [136, 137], [136, 139], [137, -130], [137, 138], [139, -130], [152, 154], [156, -145], [156, 157], [157, 159], [160, 162], [166, 167], [166, 168], [168, 170], [172, 174], [174, 175], [174, 181], [175, 177], [178, 179], [178, 180], [181, 156], [181, 182], [182, 181], [182, 187], [202, 204]], "missing_branches": [[77, 78], [79, 80], [81, 82], [87, 88], [90, 92], [120, 121], [139, 140], [152, 153], [157, 158], [160, 161], [168, 169], [172, 173], [175, 176], [202, 203]], "functions": {"load_and_validate_audit_manifest": {"executed_lines": [72, 73, 74, 77, 79, 81, 83, 84, 85, 86, 87, 89, 90, 91, 92, 93, 94, 95, 96, 101, 102], "summary": {"covered_lines": 21, "num_statements": 27, "percent_covered": 75.55555555555556, "percent_covered_display": "76", "missing_lines": 6, "excluded_lines": 0, "percent_statements_covered": 77.77777777777777, "percent_statements_covered_display": "78", "num_branches": 18, "num_partial_branches": 5, "covered_branches": 13, "missing_branches": 5, "percent_branches_covered": 72.22222222222223, "percent_branches_covered_display": "72"}, "missing_lines": [75, 76, 78, 80, 82, 88], "excluded_lines": [], "start_line": 51, "executed_branches": [[77, 79], [79, 81], [81, 83], [84, 85], [84, 86], [87, 89], [90, 91], [92, 93], [92, 94], [94, 95], [94, 96], [96, 101], [96, 102]], "missing_branches": [[77, 78], [79, 80], [81, 82], [87, 88], [90, 92]]}, "_massive_directed_probe_passed": {"executed_lines": [111, 112, 113, 126], "summary": {"covered_lines": 4, "num_statements": 4, "percent_covered": 100.0, "percent_covered_display": "100", "missing_lines": 0, "excluded_lines": 0, "percent_statements_covered": 100.0, "percent_statements_covered_display": "100", "num_branches": 0, "num_partial_branches": 0, "covered_branches": 0, "missing_branches": 0, "percent_branches_covered": 100.0, "percent_branches_covered_display": "100"}, "missing_lines": [], "excluded_lines": [], "start_line": 110, "executed_branches": [], "missing_branches": []}, "_massive_directed_probe_passed.successful_directed_probe": {"executed_lines": [114, 115, 116, 117, 118, 119, 120, 124], "summary": {"covered_lines": 8, "num_statements": 11, "percent_covered": 78.94736842105263, "percent_covered_display": "79", "missing_lines": 3, "excluded_lines": 0, "percent_statements_covered": 72.72727272727273, "percent_statements_covered_display": "73", "num_branches": 8, "num_partial_branches": 1, "covered_branches": 7, "missing_branches": 1, "percent_branches_covered": 87.5, "percent_branches_covered_display": "88"}, "missing_lines": [121, 122, 123], "excluded_lines": [], "start_line": 113, "executed_branches": [[114, 115], [114, 116], [116, 117], [116, 124], [117, 118], [117, 119], [120, 116]], "missing_branches": [[120, 121]]}, "_reject_secret_content": {"executed_lines": [130, 142], "summary": {"covered_lines": 2, "num_statements": 2, "percent_covered": 100.0, "percent_covered_display": "100", "missing_lines": 0, "excluded_lines": 0, "percent_statements_covered": 100.0, "percent_statements_covered_display": "100", "num_branches": 0, "num_partial_branches": 0, "covered_branches": 0, "missing_branches": 0, "percent_branches_covered": 100.0, "percent_branches_covered_display": "100"}, "missing_lines": [], "excluded_lines": [], "start_line": 129, "executed_branches": [], "missing_branches": []}, "_reject_secret_content.walk": {"executed_lines": [131, 132, 133, 134, 135, 136, 137, 138, 139], "summary": {"covered_lines": 9, "num_statements": 10, "percent_covered": 90.9090909090909, "percent_covered_display": "91", "missing_lines": 1, "excluded_lines": 0, "percent_statements_covered": 90.0, "percent_statements_covered_display": "90", "num_branches": 12, "num_partial_branches": 1, "covered_branches": 11, "missing_branches": 1, "percent_branches_covered": 91.66666666666667, "percent_branches_covered_display": "92"}, "missing_lines": [140], "excluded_lines": [], "start_line": 130, "executed_branches": [[131, 132], [131, 133], [133, 134], [133, 136], [134, -130], [134, 135], [136, 137], [136, 139], [137, -130], [137, 138], [139, -130]], "missing_branches": [[139, 140]]}, "_validate_v11_integrity": {"executed_lines": [151, 152, 154, 155, 156, 157, 159, 160, 162, 163, 166, 167, 168, 170, 171, 172, 174, 175, 177, 178, 179, 180, 181, 182, 187], "summary": {"covered_lines": 25, "num_statements": 33, "percent_covered": 75.43859649122807, "percent_covered_display": "75", "missing_lines": 8, "excluded_lines": 0, "percent_statements_covered": 75.75757575757575, "percent_statements_covered_display": "76", "num_branches": 24, "num_partial_branches": 6, "covered_branches": 18, "missing_branches": 6, "percent_branches_covered": 75.0, "percent_branches_covered_display": "75"}, "missing_lines": [153, 158, 161, 164, 165, 169, 173, 176], "excluded_lines": [], "start_line": 145, "executed_branches": [[152, 154], [156, -145], [156, 157], [157, 159], [160, 162], [166, 167], [166, 168], [168, 170], [172, 174], [174, 175], [174, 181], [175, 177], [178, 179], [178, 180], [181, 156], [181, 182], [182, 181], [182, 187]], "missing_branches": [[152, 153], [157, 158], [160, 161], [168, 169], [172, 173], [175, 176]]}, "_identity_key": {"executed_lines": [192, 201, 202, 204], "summary": {"covered_lines": 4, "num_statements": 5, "percent_covered": 71.42857142857143, "percent_covered_display": "71", "missing_lines": 1, "excluded_lines": 0, "percent_statements_covered": 80.0, "percent_statements_covered_display": "80", "num_branches": 2, "num_partial_branches": 1, "covered_branches": 1, "missing_branches": 1, "percent_branches_covered": 50.0, "percent_branches_covered_display": "50"}, "missing_lines": [203], "excluded_lines": [], "start_line": 190, "executed_branches": [[202, 204]], "missing_branches": [[202, 203]]}, "": {"executed_lines": [3, 5, 6, 7, 8, 9, 10, 12, 14, 22, 23, 27, 41, 42, 45, 46, 47, 48, 51, 110, 129, 145, 190], "summary": {"covered_lines": 23, "num_statements": 23, "percent_covered": 100.0, "percent_covered_display": "100", "missing_lines": 0, "excluded_lines": 0, "percent_statements_covered": 100.0, "percent_statements_covered_display": "100", "num_branches": 0, "num_partial_branches": 0, "covered_branches": 0, "missing_branches": 0, "percent_branches_covered": 100.0, "percent_branches_covered_display": "100"}, "missing_lines": [], "excluded_lines": [], "start_line": 1, "executed_branches": [], "missing_branches": []}}, "classes": {"AuditValidation": {"executed_lines": [], "summary": {"covered_lines": 0, "num_statements": 0, "percent_covered": 100.0, "percent_covered_display": "100", "missing_lines": 0, "excluded_lines": 0, "percent_statements_covered": 100.0, "percent_statements_covered_display": "100", "num_branches": 0, "num_partial_branches": 0, "covered_branches": 0, "missing_branches": 0, "percent_branches_covered": 100.0, "percent_branches_covered_display": "100"}, "missing_lines": [], "excluded_lines": [], "start_line": 42, "executed_branches": [], "missing_branches": []}, "": {"executed_lines": [3, 5, 6, 7, 8, 9, 10, 12, 14, 22, 23, 27, 41, 42, 45, 46, 47, 48, 51, 72, 73, 74, 77, 79, 81, 83, 84, 85, 86, 87, 89, 90, 91, 92, 93, 94, 95, 96, 101, 102, 110, 111, 112, 113, 114, 115, 116, 117, 118, 119, 120, 124, 126, 129, 130, 131, 132, 133, 134, 135, 136, 137, 138, 139, 142, 145, 151, 152, 154, 155, 156, 157, 159, 160, 162, 163, 166, 167, 168, 170, 171, 172, 174, 175, 177, 178, 179, 180, 181, 182, 187, 190, 192, 201, 202, 204], "summary": {"covered_lines": 96, "num_statements": 115, "percent_covered": 81.56424581005587, "percent_covered_display": "82", "missing_lines": 19, "excluded_lines": 0, "percent_statements_covered": 83.47826086956522, "percent_statements_covered_display": "83", "num_branches": 64, "num_partial_branches": 14, "covered_branches": 50, "missing_branches": 14, "percent_branches_covered": 78.125, "percent_branches_covered_display": "78"}, "missing_lines": [75, 76, 78, 80, 82, 88, 121, 122, 123, 140, 153, 158, 161, 164, 165, 169, 173, 176, 203], "excluded_lines": [], "start_line": 1, "executed_branches": [[77, 79], [79, 81], [81, 83], [84, 85], [84, 86], [87, 89], [90, 91], [92, 93], [92, 94], [94, 95], [94, 96], [96, 101], [96, 102], [114, 115], [114, 116], [116, 117], [116, 124], [117, 118], [117, 119], [120, 116], [131, 132], [131, 133], [133, 134], [133, 136], [134, -130], [134, 135], [136, 137], [136, 139], [137, -130], [137, 138], [139, -130], [152, 154], [156, -145], [156, 157], [157, 159], [160, 162], [166, 167], [166, 168], [168, 170], [172, 174], [174, 175], [174, 181], [175, 177], [178, 179], [178, 180], [181, 156], [181, 182], [182, 181], [182, 187], [202, 204]], "missing_branches": [[77, 78], [79, 80], [81, 82], [87, 88], [90, 92], [120, 121], [139, 140], [152, 153], [157, 158], [160, 161], [168, 169], [172, 173], [175, 176], [202, 203]]}}}, "src\\mds650\\metrics.py": {"executed_lines": [3, 5, 6, 8, 9, 10, 12, 15, 20, 21, 22, 28, 32, 34, 37, 62, 63, 64, 67, 87, 88, 89, 96, 127, 128, 130, 132, 134, 135, 137, 138, 139, 140, 141, 143, 147, 151, 152, 157, 158, 159, 162, 165, 180, 198, 203, 204, 205, 206, 207, 208, 209, 210], "summary": {"covered_lines": 53, "num_statements": 62, "percent_covered": 78.57142857142857, "percent_covered_display": "79", "missing_lines": 9, "excluded_lines": 0, "percent_statements_covered": 85.48387096774194, "percent_statements_covered_display": "85", "num_branches": 22, "num_partial_branches": 9, "covered_branches": 13, "missing_branches": 9, "percent_branches_covered": 59.09090909090909, "percent_branches_covered_display": "59"}, "missing_lines": [27, 31, 33, 129, 131, 133, 136, 142, 202], "excluded_lines": [], "executed_branches": [[22, 28], [28, 32], [32, 34], [128, 130], [130, 132], [132, 134], [135, 137], [138, 139], [138, 140], [141, 143], [198, 203], [207, 208], [207, 210]], "missing_branches": [[22, 27], [28, 31], [32, 33], [128, 129], [130, 131], [132, 133], [135, 136], [141, 142], [198, 202]], "functions": {"_arrays": {"executed_lines": [20, 21, 22, 28, 32, 34], "summary": {"covered_lines": 6, "num_statements": 9, "percent_covered": 60.0, "percent_covered_display": "60", "missing_lines": 3, "excluded_lines": 0, "percent_statements_covered": 66.66666666666667, "percent_statements_covered_display": "67", "num_branches": 6, "num_partial_branches": 3, "covered_branches": 3, "missing_branches": 3, "percent_branches_covered": 50.0, "percent_branches_covered_display": "50"}, "missing_lines": [27, 31, 33], "excluded_lines": [], "start_line": 15, "executed_branches": [[22, 28], [28, 32], [32, 34]], "missing_branches": [[22, 27], [28, 31], [32, 33]]}, "qlike_losses": {"executed_lines": [62, 63, 64], "summary": {"covered_lines": 3, "num_statements": 3, "percent_covered": 100.0, "percent_covered_display": "100", "missing_lines": 0, "excluded_lines": 0, "percent_statements_covered": 100.0, "percent_statements_covered_display": "100", "num_branches": 0, "num_partial_branches": 0, "covered_branches": 0, "missing_branches": 0, "percent_branches_covered": 100.0, "percent_branches_covered_display": "100"}, "missing_lines": [], "excluded_lines": [], "start_line": 37, "executed_branches": [], "missing_branches": []}, "regression_metrics": {"executed_lines": [87, 88, 89], "summary": {"covered_lines": 3, "num_statements": 3, "percent_covered": 100.0, "percent_covered_display": "100", "missing_lines": 0, "excluded_lines": 0, "percent_statements_covered": 100.0, "percent_statements_covered_display": "100", "num_branches": 0, "num_partial_branches": 0, "covered_branches": 0, "missing_branches": 0, "percent_branches_covered": 100.0, "percent_branches_covered_display": "100"}, "missing_lines": [], "excluded_lines": [], "start_line": 67, "executed_branches": [], "missing_branches": []}, "paired_day_bootstrap": {"executed_lines": [127, 128, 130, 132, 134, 135, 137, 138, 139, 140, 141, 143, 147, 151, 152, 157, 158, 159, 162, 165], "summary": {"covered_lines": 20, "num_statements": 25, "percent_covered": 72.97297297297297, "percent_covered_display": "73", "missing_lines": 5, "excluded_lines": 0, "percent_statements_covered": 80.0, "percent_statements_covered_display": "80", "num_branches": 12, "num_partial_branches": 5, "covered_branches": 7, "missing_branches": 5, "percent_branches_covered": 58.333333333333336, "percent_branches_covered_display": "58"}, "missing_lines": [129, 131, 133, 136, 142], "excluded_lines": [], "start_line": 96, "executed_branches": [[128, 130], [130, 132], [132, 134], [135, 137], [138, 139], [138, 140], [141, 143]], "missing_branches": [[128, 129], [130, 131], [132, 133], [135, 136], [141, 142]]}, "holm_adjust": {"executed_lines": [198, 203, 204, 205, 206, 207, 208, 209, 210], "summary": {"covered_lines": 9, "num_statements": 10, "percent_covered": 85.71428571428571, "percent_covered_display": "86", "missing_lines": 1, "excluded_lines": 0, "percent_statements_covered": 90.0, "percent_statements_covered_display": "90", "num_branches": 4, "num_partial_branches": 1, "covered_branches": 3, "missing_branches": 1, "percent_branches_covered": 75.0, "percent_branches_covered_display": "75"}, "missing_lines": [202], "excluded_lines": [], "start_line": 180, "executed_branches": [[198, 203], [207, 208], [207, 210]], "missing_branches": [[198, 202]]}, "": {"executed_lines": [3, 5, 6, 8, 9, 10, 12, 15, 37, 67, 96, 180], "summary": {"covered_lines": 12, "num_statements": 12, "percent_covered": 100.0, "percent_covered_display": "100", "missing_lines": 0, "excluded_lines": 0, "percent_statements_covered": 100.0, "percent_statements_covered_display": "100", "num_branches": 0, "num_partial_branches": 0, "covered_branches": 0, "missing_branches": 0, "percent_branches_covered": 100.0, "percent_branches_covered_display": "100"}, "missing_lines": [], "excluded_lines": [], "start_line": 1, "executed_branches": [], "missing_branches": []}}, "classes": {"": {"executed_lines": [3, 5, 6, 8, 9, 10, 12, 15, 20, 21, 22, 28, 32, 34, 37, 62, 63, 64, 67, 87, 88, 89, 96, 127, 128, 130, 132, 134, 135, 137, 138, 139, 140, 141, 143, 147, 151, 152, 157, 158, 159, 162, 165, 180, 198, 203, 204, 205, 206, 207, 208, 209, 210], "summary": {"covered_lines": 53, "num_statements": 62, "percent_covered": 78.57142857142857, "percent_covered_display": "79", "missing_lines": 9, "excluded_lines": 0, "percent_statements_covered": 85.48387096774194, "percent_statements_covered_display": "85", "num_branches": 22, "num_partial_branches": 9, "covered_branches": 13, "missing_branches": 9, "percent_branches_covered": 59.09090909090909, "percent_branches_covered_display": "59"}, "missing_lines": [27, 31, 33, 129, 131, 133, 136, 142, 202], "excluded_lines": [], "start_line": 1, "executed_branches": [[22, 28], [28, 32], [32, 34], [128, 130], [130, 132], [132, 134], [135, 137], [138, 139], [138, 140], [141, 143], [198, 203], [207, 208], [207, 210]], "missing_branches": [[22, 27], [28, 31], [32, 33], [128, 129], [130, 131], [132, 133], [135, 136], [141, 142], [198, 202]]}}}, "src\\mds650\\modeling.py": {"executed_lines": [3, 5, 6, 7, 9, 10, 11, 12, 13, 14, 15, 20, 25, 26, 29, 30, 31, 32, 34, 52, 53, 57, 58, 62, 66, 69, 74, 75, 76, 80, 81, 82, 90, 94, 95, 104, 107, 149, 150, 151, 152, 153, 155, 157, 159, 161, 162, 164, 167, 168, 170, 171, 173, 176, 183, 184, 191, 192, 198, 199, 200], "summary": {"covered_lines": 61, "num_statements": 74, "percent_covered": 74.52830188679245, "percent_covered_display": "75", "missing_lines": 13, "excluded_lines": 0, "percent_statements_covered": 82.43243243243244, "percent_statements_covered_display": "82", "num_branches": 32, "num_partial_branches": 14, "covered_branches": 18, "missing_branches": 14, "percent_branches_covered": 56.25, "percent_branches_covered_display": "56"}, "missing_lines": [54, 65, 77, 91, 154, 156, 158, 160, 163, 165, 169, 172, 174], "excluded_lines": [], "executed_branches": [[53, 57], [62, 66], [74, 75], [74, 81], [76, 80], [81, 82], [81, 104], [90, 94], [153, 155], [155, 157], [157, 159], [159, 161], [162, 164], [164, 167], [168, 170], [171, 173], [173, 176], [183, 184]], "missing_branches": [[53, 54], [62, 65], [76, 77], [90, 91], [153, 154], [155, 156], [157, 158], [159, 160], [162, 163], [164, 165], [168, 169], [171, 172], [173, 174], [183, 191]], "functions": {"FittedPositiveModel.predict": {"executed_lines": [52, 53, 57, 58, 62, 66], "summary": {"covered_lines": 6, "num_statements": 8, "percent_covered": 66.66666666666667, "percent_covered_display": "67", "missing_lines": 2, "excluded_lines": 0, "percent_statements_covered": 75.0, "percent_statements_covered_display": "75", "num_branches": 4, "num_partial_branches": 2, "covered_branches": 2, "missing_branches": 2, "percent_branches_covered": 50.0, "percent_branches_covered_display": "50"}, "missing_lines": [54, 65], "excluded_lines": [], "start_line": 34, "executed_branches": [[53, 57], [62, 66]], "missing_branches": [[53, 54], [62, 65]]}, "_model_for_role": {"executed_lines": [74, 75, 76, 80, 81, 82, 90, 94, 95, 104], "summary": {"covered_lines": 10, "num_statements": 12, "percent_covered": 80.0, "percent_covered_display": "80", "missing_lines": 2, "excluded_lines": 0, "percent_statements_covered": 83.33333333333333, "percent_statements_covered_display": "83", "num_branches": 8, "num_partial_branches": 2, "covered_branches": 6, "missing_branches": 2, "percent_branches_covered": 75.0, "percent_branches_covered_display": "75"}, "missing_lines": [77, 91], "excluded_lines": [], "start_line": 69, "executed_branches": [[74, 75], [74, 81], [76, 80], [81, 82], [81, 104], [90, 94]], "missing_branches": [[76, 77], [90, 91]]}, "fit_positive_model": {"executed_lines": [149, 150, 151, 152, 153, 155, 157, 159, 161, 162, 164, 167, 168, 170, 171, 173, 176, 183, 184, 191, 192, 198, 199, 200], "summary": {"covered_lines": 24, "num_statements": 33, "percent_covered": 64.15094339622641, "percent_covered_display": "64", "missing_lines": 9, "excluded_lines": 0, "percent_statements_covered": 72.72727272727273, "percent_statements_covered_display": "73", "num_branches": 20, "num_partial_branches": 10, "covered_branches": 10, "missing_branches": 10, "percent_branches_covered": 50.0, "percent_branches_covered_display": "50"}, "missing_lines": [154, 156, 158, 160, 163, 165, 169, 172, 174], "excluded_lines": [], "start_line": 107, "executed_branches": [[153, 155], [155, 157], [157, 159], [159, 161], [162, 164], [164, 167], [168, 170], [171, 173], [173, 176], [183, 184]], "missing_branches": [[153, 154], [155, 156], [157, 158], [159, 160], [162, 163], [164, 165], [168, 169], [171, 172], [173, 174], [183, 191]]}, "": {"executed_lines": [3, 5, 6, 7, 9, 10, 11, 12, 13, 14, 15, 20, 25, 26, 29, 30, 31, 32, 34, 69, 107], "summary": {"covered_lines": 21, "num_statements": 21, "percent_covered": 100.0, "percent_covered_display": "100", "missing_lines": 0, "excluded_lines": 0, "percent_statements_covered": 100.0, "percent_statements_covered_display": "10
[...]
 "start_line": 81, "executed_branches": [], "missing_branches": []}, "build_study_sessions": {"executed_lines": [131, 132, 134, 135, 136, 140, 142, 143, 146, 150, 151, 153, 155], "summary": {"covered_lines": 13, "num_statements": 17, "percent_covered": 70.37037037037037, "percent_covered_display": "70", "missing_lines": 4, "excluded_lines": 0, "percent_statements_covered": 76.47058823529412, "percent_statements_covered_display": "76", "num_branches": 10, "num_partial_branches": 4, "covered_branches": 6, "missing_branches": 4, "percent_branches_covered": 60.0, "percent_branches_covered_display": "60"}, "missing_lines": [141, 144, 152, 154], "excluded_lines": [], "start_line": 98, "executed_branches": [[131, 132], [131, 134], [140, 142], [143, 146], [151, 153], [153, 155]], "missing_branches": [[140, 141], [143, 144], [151, 152], [153, 154]]}, "build_session_manifest": {"executed_lines": [183, 184, 185, 187, 189, 192, 205, 206], "summary": {"covered_lines": 8, "num_statements": 11, "percent_covered": 64.70588235294117, "percent_covered_display": "65", "missing_lines": 3, "excluded_lines": 0, "percent_statements_covered": 72.72727272727273, "percent_statements_covered_display": "73", "num_branches": 6, "num_partial_branches": 3, "covered_branches": 3, "missing_branches": 3, "percent_branches_covered": 50.0, "percent_branches_covered_display": "50"}, "missing_lines": [186, 188, 190], "excluded_lines": [], "start_line": 158, "executed_branches": [[185, 187], [187, 189], [189, 192]], "missing_branches": [[185, 186], [187, 188], [189, 190]]}, "build_preregistration": {"executed_lines": [233, 236, 238, 245, 254, 257, 368, 369], "summary": {"covered_lines": 8, "num_statements": 11, "percent_covered": 64.70588235294117, "percent_covered_display": "65", "missing_lines": 3, "excluded_lines": 0, "percent_statements_covered": 72.72727272727273, "percent_statements_covered_display": "73", "num_branches": 6, "num_partial_branches": 3, "covered_branches": 3, "missing_branches": 3, "percent_branches_covered": 50.0, "percent_branches_covered_display": "50"}, "missing_lines": [237, 243, 255], "excluded_lines": [], "start_line": 209, "executed_branches": [[236, 238], [238, 245], [254, 257]], "missing_branches": [[236, 237], [238, 243], [254, 255]]}, "freeze_json": {"executed_lines": [392, 393, 394, 395, 398, 399, 400, 402, 403, 404, 408, 409], "summary": {"covered_lines": 12, "num_statements": 14, "percent_covered": 88.88888888888889, "percent_covered_display": "89", "missing_lines": 2, "excluded_lines": 0, "percent_statements_covered": 85.71428571428571, "percent_statements_covered_display": "86", "num_branches": 4, "num_partial_branches": 0, "covered_branches": 4, "missing_branches": 0, "percent_branches_covered": 100.0, "percent_branches_covered_display": "100"}, "missing_lines": [396, 397], "excluded_lines": [], "start_line": 372, "executed_branches": [[393, 394], [393, 402], [398, 399], [398, 400]], "missing_branches": []}, "": {"executed_lines": [3, 5, 6, 7, 8, 9, 10, 12, 14, 26, 54, 81, 98, 158, 209, 372], "summary": {"covered_lines": 16, "num_statements": 16, "percent_covered": 100.0, "percent_covered_display": "100", "missing_lines": 0, "excluded_lines": 0, "percent_statements_covered": 100.0, "percent_statements_covered_display": "100", "num_branches": 0, "num_partial_branches": 0, "covered_branches": 0, "missing_branches": 0, "percent_branches_covered": 100.0, "percent_branches_covered_display": "100"}, "missing_lines": [], "excluded_lines": [], "start_line": 1, "executed_branches": [], "missing_branches": []}}, "classes": {"": {"executed_lines": [3, 5, 6, 7, 8, 9, 10, 12, 14, 26, 54, 72, 78, 81, 94, 95, 98, 131, 132, 134, 135, 136, 140, 142, 143, 146, 150, 151, 153, 155, 158, 183, 184, 185, 187, 189, 192, 205, 206, 209, 233, 236, 238, 245, 254, 257, 368, 369, 372, 392, 393, 394, 395, 398, 399, 400, 402, 403, 404, 408, 409], "summary": {"covered_lines": 61, "num_statements": 73, "percent_covered": 77.77777777777777, "percent_covered_display": "78", "missing_lines": 12, "excluded_lines": 0, "percent_statements_covered": 83.56164383561644, "percent_statements_covered_display": "84", "num_branches": 26, "num_partial_branches": 10, "covered_branches": 16, "missing_branches": 10, "percent_branches_covered": 61.53846153846154, "percent_branches_covered_display": "62"}, "missing_lines": [141, 144, 152, 154, 186, 188, 190, 237, 243, 255, 396, 397], "excluded_lines": [], "start_line": 1, "executed_branches": [[131, 132], [131, 134], [140, 142], [143, 146], [151, 153], [153, 155], [185, 187], [187, 189], [189, 192], [236, 238], [238, 245], [254, 257], [393, 394], [393, 402], [398, 399], [398, 400]], "missing_branches": [[140, 141], [143, 144], [151, 152], [153, 154], [185, 186], [187, 188], [189, 190], [236, 237], [238, 243], [254, 255]]}}}, "src\\mds650\\targets.py": {"executed_lines": [3, 5, 6, 9, 37, 38, 39, 40, 41, 42], "summary": {"covered_lines": 10, "num_statements": 10, "percent_covered": 100.0, "percent_covered_display": "100", "missing_lines": 0, "excluded_lines": 0, "percent_statements_covered": 100.0, "percent_statements_covered_display": "100", "num_branches": 4, "num_partial_branches": 0, "covered_branches": 4, "missing_branches": 0, "percent_branches_covered": 100.0, "percent_branches_covered_display": "100"}, "missing_lines": [], "excluded_lines": [], "executed_branches": [[37, 38], [37, 39], [40, 41], [40, 42]], "missing_branches": [], "functions": {"compute_realized_variance": {"executed_lines": [37, 38, 39, 40, 41, 42], "summary": {"covered_lines": 6, "num_statements": 6, "percent_covered": 100.0, "percent_covered_display": "100", "missing_lines": 0, "excluded_lines": 0, "percent_statements_covered": 100.0, "percent_statements_covered_display": "100", "num_branches": 4, "num_partial_branches": 0, "covered_branches": 4, "missing_branches": 0, "percent_branches_covered": 100.0, "percent_branches_covered_display": "100"}, "missing_lines": [], "excluded_lines": [], "start_line": 9, "executed_branches": [[37, 38], [37, 39], [40, 41], [40, 42]], "missing_branches": []}, "": {"executed_lines": [3, 5, 6, 9], "summary": {"covered_lines": 4, "num_statements": 4, "percent_covered": 100.0, "percent_covered_display": "100", "missing_lines": 0, "excluded_lines": 0, "percent_statements_covered": 100.0, "percent_statements_covered_display": "100", "num_branches": 0, "num_partial_branches": 0, "covered_branches": 0, "missing_branches": 0, "percent_branches_covered": 100.0, "percent_branches_covered_display": "100"}, "missing_lines": [], "excluded_lines": [], "start_line": 1, "executed_branches": [], "missing_branches": []}}, "classes": {"": {"executed_lines": [3, 5, 6, 9, 37, 38, 39, 40, 41, 42], "summary": {"covered_lines": 10, "num_statements": 10, "percent_covered": 100.0, "percent_covered_display": "100", "missing_lines": 0, "excluded_lines": 0, "percent_statements_covered": 100.0, "percent_statements_covered_display": "100", "num_branches": 4, "num_partial_branches": 0, "covered_branches": 4, "missing_branches": 0, "percent_branches_covered": 100.0, "percent_branches_covered_display": "100"}, "missing_lines": [], "excluded_lines": [], "start_line": 1, "executed_branches": [[37, 38], [37, 39], [40, 41], [40, 42]], "missing_branches": []}}}, "src\\mds650\\temporal_validation.py": {"executed_lines": [3, 5, 6, 7, 9, 12, 13, 16, 17, 18, 19, 22, 61, 96, 98, 100, 101, 102, 105, 138, 139, 141, 142, 143, 150, 152, 153, 155, 163, 165, 168, 201, 202, 204, 207, 209, 210, 213, 216, 217, 219, 227, 229], "summary": {"covered_lines": 43, "num_statements": 65, "percent_covered": 58.24175824175824, "percent_covered_display": "58", "missing_lines": 22, "excluded_lines": 0, "percent_statements_covered": 66.15384615384616, "percent_statements_covered_display": "66", "num_branches": 26, "num_partial_branches": 10, "covered_branches": 10, "missing_branches": 16, "percent_branches_covered": 38.46153846153846, "percent_branches_covered_display": "38"}, "missing_lines": [42, 43, 44, 45, 51, 52, 53, 54, 55, 56, 57, 58, 97, 99, 140, 151, 154, 164, 203, 208, 218, 228], "excluded_lines": [], "executed_branches": [[96, 98], [98, 100], [139, 141], [150, 152], [153, 155], [163, 165], [202, 204], [207, 209], [217, 219], [227, 229]], "missing_branches": [[43, 44], [43, 56], [53, 54], [53, 55], [56, 57], [56, 58], [96, 97], [98, 99], [139, 140], [150, 151], [153, 154], [163, 164], [202, 203], [207, 208], [217, 218], [227, 228]], "functions": {"parse_fold_definitions": {"executed_lines": [], "summary": {"covered_lines": 0, "num_statements": 12, "percent_covered": 0.0, "percent_covered_display": "0", "missing_lines": 12, "excluded_lines": 0, "percent_statements_covered": 0.0, "percent_statements_covered_display": "0", "num_branches": 6, "num_partial_branches": 0, "covered_branches": 0, "missing_branches": 6, "percent_branches_covered": 0.0, "percent_branches_covered_display": "0"}, "missing_lines": [42, 43, 44, 45, 51, 52, 53, 54, 55, 56, 57, 58], "excluded_lines": [], "start_line": 22, "executed_branches": [], "missing_branches": [[43, 44], [43, 56], [53, 54], [53, 55], [56, 57], [56, 58]]}, "purge_and_embargo_training": {"executed_lines": [96, 98, 100, 101, 102], "summary": {"covered_lines": 5, "num_statements": 7, "percent_covered": 63.63636363636363, "percent_covered_display": "64", "missing_lines": 2, "excluded_lines": 0, "percent_statements_covered": 71.42857142857143, "percent_statements_covered_display": "71", "num_branches": 4, "num_partial_branches": 2, "covered_branches": 2, "missing_branches": 2, "percent_branches_covered": 50.0, "percent_branches_covered_display": "50"}, "missing_lines": [97, 99], "excluded_lines": [], "start_line": 61, "executed_branches": [[96, 98], [98, 100]], "missing_branches": [[96, 97], [98, 99]]}, "split_expanding_fold": {"executed_lines": [138, 139, 141, 142, 143, 150, 152, 153, 155, 163, 165], "summary": {"covered_lines": 11, "num_statements": 15, "percent_covered": 65.21739130434783, "percent_covered_display": "65", "missing_lines": 4, "excluded_lines": 0, "percent_statements_covered": 73.33333333333333, "percent_statements_covered_display": "73", "num_branches": 8, "num_partial_branches": 4, "covered_branches": 4, "missing_branches": 4, "percent_branches_covered": 50.0, "percent_branches_covered_display": "50"}, "missing_lines": [140, 151, 154, 164], "excluded_lines": [], "start_line": 105, "executed_branches": [[139, 141], [150, 152], [153, 155], [163, 165]], "missing_branches": [[139, 140], [150, 151], [153, 154], [163, 164]]}, "split_inner_validation": {"executed_lines": [201, 202, 204, 207, 209, 210, 213, 216, 217, 219, 227, 229], "summary": {"covered_lines": 12, "num_statements": 16, "percent_covered": 66.66666666666667, "percent_covered_display": "67", "missing_lines": 4, "excluded_lines": 0, "percent_statements_covered": 75.0, "percent_statements_covered_display": "75", "num_branches": 8, "num_partial_branches": 4, "covered_branches": 4, "missing_branches": 4, "percent_branches_covered": 50.0, "percent_branches_covered_display": "50"}, "missing_lines": [203, 208, 218, 228], "excluded_lines": [], "start_line": 168, "executed_branches": [[202, 204], [207, 209], [217, 219], [227, 229]], "missing_branches": [[202, 203], [207, 208], [217, 218], [227, 228]]}, "": {"executed_lines": [3, 5, 6, 7, 9, 12, 13, 16, 17, 18, 19, 22, 61, 105, 168], "summary": {"covered_lines": 15, "num_statements": 15, "percent_covered": 100.0, "percent_covered_display": "100", "missing_lines": 0, "excluded_lines": 0, "percent_statements_covered": 100.0, "percent_statements_covered_display": "100", "num_branches": 0, "num_partial_branches": 0, "covered_branches": 0, "missing_branches": 0, "percent_branches_covered": 100.0, "percent_branches_covered_display": "100"}, "missing_lines": [], "excluded_lines": [], "start_line": 1, "executed_branches": [], "missing_branches": []}}, "classes": {"FoldDefinition": {"executed_lines": [], "summary": {"covered_lines": 0, "num_statements": 0, "percent_covered": 100.0, "percent_covered_display": "100", "missing_lines": 0, "excluded_lines": 0, "percent_statements_covered": 100.0, "percent_statements_covered_display": "100", "num_branches": 0, "num_partial_branches": 0, "covered_branches": 0, "missing_branches": 0, "percent_branches_covered": 100.0, "percent_branches_covered_display": "100"}, "missing_lines": [], "excluded_lines": [], "start_line": 13, "executed_branches": [], "missing_branches": []}, "": {"executed_lines": [3, 5, 6, 7, 9, 12, 13, 16, 17, 18, 19, 22, 61, 96, 98, 100, 101, 102, 105, 138, 139, 141, 142, 143, 150, 152, 153, 155, 163, 165, 168, 201, 202, 204, 207, 209, 210, 213, 216, 217, 219, 227, 229], "summary": {"covered_lines": 43, "num_statements": 65, "percent_covered": 58.24175824175824, "percent_covered_display": "58", "missing_lines": 22, "excluded_lines": 0, "percent_statements_covered": 66.15384615384616, "percent_statements_covered_display": "66", "num_branches": 26, "num_partial_branches": 10, "covered_branches": 10, "missing_branches": 16, "percent_branches_covered": 38.46153846153846, "percent_branches_covered_display": "38"}, "missing_lines": [42, 43, 44, 45, 51, 52, 53, 54, 55, 56, 57, 58, 97, 99, 140, 151, 154, 164, 203, 208, 218, 228], "excluded_lines": [], "start_line": 1, "executed_branches": [[96, 98], [98, 100], [139, 141], [150, 152], [153, 155], [163, 165], [202, 204], [207, 209], [217, 219], [227, 229]], "missing_branches": [[43, 44], [43, 56], [53, 54], [53, 55], [56, 57], [56, 58], [96, 97], [98, 99], [139, 140], [150, 151], [153, 154], [163, 164], [202, 203], [207, 208], [217, 218], [227, 228]]}}}, "src\\mds650\\time.py": {"executed_lines": [3, 5, 6, 8, 9, 10, 13, 36, 37, 38, 39, 44, 45, 46, 47, 48, 51, 54, 62, 63, 64, 67, 75, 78, 86, 87, 90, 99, 100, 102, 103, 104, 107], "summary": {"covered_lines": 33, "num_statements": 40, "percent_covered": 82.6923076923077, "percent_covered_display": "83", "missing_lines": 7, "excluded_lines": 0, "percent_statements_covered": 82.5, "percent_statements_covered_display": "82", "num_branches": 12, "num_partial_branches": 2, "covered_branches": 10, "missing_branches": 2, "percent_branches_covered": 83.33333333333333, "percent_branches_covered_display": "83"}, "missing_lines": [40, 41, 43, 49, 50, 101, 109], "excluded_lines": [], "executed_branches": [[36, 37], [44, 45], [44, 51], [45, 46], [45, 47], [62, 63], [62, 64], [100, 102], [102, 103], [102, 104]], "missing_branches": [[36, 43], [100, 101]], "functions": {"parse_market_timestamp": {"executed_lines": [36, 37, 38, 39, 44, 45, 46, 47, 48, 51], "summary": {"covered_lines": 10, "num_statements": 15, "percent_covered": 71.42857142857143, "percent_covered_display": "71", "missing_lines": 5, "excluded_lines": 0, "percent_statements_covered": 66.66666666666667, "percent_statements_covered_display": "67", "num_branches": 6, "num_partial_branches": 1, "covered_branches": 5, "missing_branches": 1, "percent_branches_covered": 83.33333333333333, "percent_branches_covered_display": "83"}, "missing_lines": [40, 41, 43, 49, 50], "excluded_lines": [], "start_line": 13, "executed_branches": [[36, 37], [44, 45], [44, 51], [45, 46], [45, 47]], "missing_branches": [[36, 43]]}, "to_utc": {"executed_lines": [62, 63, 64], "summary": {"covered_lines": 3, "num_statements": 3, "percent_covered": 100.0, "percent_covered_display": "100", "missing_lines": 0, "excluded_lines": 0, "percent_statements_covered": 100.0, "percent_statements_covered_display": "100", "num_branches": 2, "num_partial_branches": 0, "covered_branches": 2, "missing_branches": 0, "percent_branches_covered": 100.0, "percent_branches_covered_display": "100"}, "missing_lines": [], "excluded_lines": [], "start_line": 54, "executed_branches": [[62, 63], [62, 64]], "missing_branches": []}, "to_new_york": {"executed_lines": [75], "summary": {"covered_lines": 1, "num_statements": 1, "percent_covered": 100.0, "percent_covered_display": "100", "missing_lines": 0, "excluded_lines": 0, "percent_statements_covered": 100.0, "percent_statements_covered_display": "100", "num_branches": 0, "num_partial_branches": 0, "covered_branches": 0, "missing_branches": 0, "percent_branches_covered": 100.0, "percent_branches_covered_display": "100"}, "missing_lines": [], "excluded_lines": [], "start_line": 67, "executed_branches": [], "missing_branches": []}, "is_regular_session_minute": {"executed_lines": [86, 87], "summary": {"covered_lines": 2, "num_statements": 2, "percent_covered": 100.0, "percent_covered_display": "100", "missing_lines": 0, "excluded_lines": 0, "percent_statements_covered": 100.0, "percent_statements_covered_display": "100", "num_branches": 0, "num_partial_branches": 0, "covered_branches": 0, "missing_branches": 0, "percent_branches_covered": 100.0, "percent_branches_covered_display": "100"}, "missing_lines": [], "excluded_lines": [], "start_line": 78, "executed_branches": [], "missing_branches": []}, "align_five_minute_origin": {"executed_lines": [99, 100, 102, 103, 104], "summary": {"covered_lines": 5, "num_statements": 6, "percent_covered": 80.0, "percent_covered_display": "80", "missing_lines": 1, "excluded_lines": 0, "percent_statements_covered": 83.33333333333333, "percent_statements_covered_display": "83", "num_branches": 4, "num_partial_branches": 1, "covered_branches": 3, "missing_branches": 1, "percent_branches_covered": 75.0, "percent_branches_covered_display": "75"}, "missing_lines": [101], "excluded_lines": [], "start_line": 90, "executed_branches": [[100, 102], [102, 103], [102, 104]], "missing_branches": [[100, 101]]}, "session_date": {"executed_lines": [], "summary": {"covered_lines": 0, "num_statements": 1, "percent_covered": 0.0, "percent_covered_display": "0", "missing_lines": 1, "excluded_lines": 0, "percent_statements_covered": 0.0, "percent_statements_covered_display": "0", "num_branches": 0, "num_partial_branches": 0, "covered_branches": 0, "missing_branches": 0, "percent_branches_covered": 100.0, "percent_branches_covered_display": "100"}, "missing_lines": [109], "excluded_lines": [], "start_line": 107, "executed_branches": [], "missing_branches": []}, "": {"executed_lines": [3, 5, 6, 8, 9, 10, 13, 54, 67, 78, 90, 107], "summary": {"covered_lines": 12, "num_statements": 12, "percent_covered": 100.0, "percent_covered_display": "100", "missing_lines": 0, "excluded_lines": 0, "percent_statements_covered": 100.0, "percent_statements_covered_display": "100", "num_branches": 0, "num_partial_branches": 0, "covered_branches": 0, "missing_branches": 0, "percent_branches_covered": 100.0, "percent_branches_covered_display": "100"}, "missing_lines": [], "excluded_lines": [], "start_line": 1, "executed_branches": [], "missing_branches": []}}, "classes": {"": {"executed_lines": [3, 5, 6, 8, 9, 10, 13, 36, 37, 38, 39, 44, 45, 46, 47, 48, 51, 54, 62, 63, 64, 67, 75, 78, 86, 87, 90, 99, 100, 102, 103, 104, 107], "summary": {"covered_lines": 33, "num_statements": 40, "percent_covered": 82.6923076923077, "percent_covered_display": "83", "missing_lines": 7, "excluded_lines": 0, "percent_statements_covered": 82.5, "percent_statements_covered_display": "82", "num_branches": 12, "num_partial_branches": 2, "covered_branches": 10, "missing_branches": 2, "percent_branches_covered": 83.33333333333333, "percent_branches_covered_display": "83"}, "missing_lines": [40, 41, 43, 49, 50, 101, 109], "excluded_lines": [], "start_line": 1, "executed_branches": [[36, 37], [44, 45], [44, 51], [45, 46], [45, 47], [62, 63], [62, 64], [100, 102], [102, 103], [102, 104]], "missing_branches": [[36, 43], [100, 101]]}}}}, "totals": {"covered_lines": 1391, "num_statements": 1589, "percent_covered": 82.62933080208828, "percent_covered_display": "83", "missing_lines": 198, "excluded_lines": 0, "percent_statements_covered": 87.53933291378225, "percent_statements_covered_display": "88", "num_branches": 518, "num_partial_branches": 160, "covered_branches": 350, "missing_branches": 168, "percent_branches_covered": 67.56756756756756, "percent_branches_covered_display": "68"}}