........................................................................ [ 28%]
........................................................................ [ 57%]
........................................................................ [ 86%]
.................................                                        [100%]
=============================== tests coverage ================================
______________ coverage: platform win32, python 3.12.12-final-0 _______________

Name                                     Stmts   Miss Branch BrPart  Cover   Missing
------------------------------------------------------------------------------------
src\mds650\__init__.py                       2      0      0      0   100%
src\mds650\asset_selection.py               40      4     14      4    85%   26, 28, 30, 76
src\mds650\config.py                        23      0      4      1    96%   84->exit
src\mds650\contracts.py                    223     12     26     11    91%   18, 24, 48, 74, 88, 185, 241, 260, 279, 309, 318, 320
src\mds650\errors.py                        14      0      0      0   100%
src\mds650\events.py                        22      1     10      1    94%   122
src\mds650\holdout.py                       53     10     28     10    75%   101, 107, 109, 116, 125, 127, 129, 131, 139, 149
src\mds650\logging.py                       38      2      8      2    91%   53, 55
src\mds650\manifests.py                    115     19     64     14    82%   75-76, 78, 80, 82, 88, 90->92, 121-123, 140, 153, 158, 161, 164-165, 169, 173, 176, 203
src\mds650\metrics.py                       62      9     22      9    79%   27, 31, 33, 129, 131, 133, 136, 142, 202
src\mds650\modeling.py                      74     13     32     14    75%   54, 65, 77, 91, 154, 156, 158, 160, 163, 165, 169, 172, 174, 183->191
src\mds650\normalize.py                     26      2      6      0    94%   83-84
src\mds650\origins.py                       28      3     10      3    84%   49, 59, 68
src\mds650\phase5_features.py               16      1      4      1    90%   46
src\mds650\phase5_panel.py                  49      2     18      2    94%   33, 144
src\mds650\phase5_storage.py               117     21     46     15    78%   53, 55, 61, 81, 119, 123, 125, 128, 180, 210, 224-225, 286, 289-290, 292, 294, 329, 339, 342-343
src\mds650\pilot.py                         82      4     18      4    92%   90, 106, 142, 147
src\mds650\providers\__init__.py             0      0      0      0   100%
src\mds650\providers\base.py                90      9     26      5    88%   131-132, 159-160, 166, 169-170, 234, 249
src\mds650\providers\fmp.py                 39      3     12      3    88%   109, 116, 121
src\mds650\providers\massive.py             82      9     30     11    82%   82->exit, 112, 124->126, 137, 140, 148, 154, 166, 173, 175, 182
src\mds650\providers\unusual_whales.py      75     15     28     11    73%   60, 92, 139, 145, 151, 154-155, 157, 167, 169, 177-179, 184, 189
src\mds650\quality.py                       38      4     10      3    85%   61, 84-85, 86->74, 90
src\mds650\stability.py                     53     11     26     11    72%   42, 44, 68, 75, 82, 115, 117, 158, 161, 190, 196
src\mds650\storage.py                       40      3      8      3    88%   83, 91, 118
src\mds650\study_design.py                  73     12     26     10    78%   141, 144, 152, 154, 186, 188, 190, 237, 243, 255, 396-397
src\mds650\targets.py                       10      0      4      0   100%
src\mds650\temporal_validation.py           65     22     26     10    58%   42-58, 97, 99, 140, 151, 154, 164, 203, 208, 218, 228
src\mds650\time.py                          40      7     12      2    83%   40-43, 49-50, 101, 109
------------------------------------------------------------------------------------
TOTAL                                     1589    198    518    160    83%
Coverage JSON written to file artifacts/phase5/pre_holdout_coverage.json
Required test coverage of 80.0% reached. Total coverage: 82.63%
