<?xml version="1.0" encoding="utf-8"?><testsuites name="pytest tests"><testsuite name="pytest" errors="0" failures="0" skipped="12" tests="1004" time="50.331" timestamp="2026-08-15T19:41:50.807514+10:00" hostname="MSI"><testcase classname="tests.contract.test_authenticated_audit_manifest" name="test_authenticated_manifest_is_schema_one_point_one_and_sanitized" time="0.035" /><testcase classname="tests.contract.test_authenticated_audit_manifest" name="test_authenticated_manifest_covers_eight_assets_and_separates_pit_state" time="0.002" /><testcase classname="tests.contract.test_authenticated_audit_manifest" name="test_authenticated_manifest_identity_and_hashes_are_unique" time="0.002" /><testcase classname="tests.contract.test_authenticated_audit_manifest" name="test_authenticated_manifest_has_no_secret_values_or_personal_paths" time="0.001" /><testcase classname="tests.contract.test_authenticated_audit_manifest" name="test_corrected_massive_probe_records_current_contract_format" time="0.010" /><testcase classname="tests.contract.test_authenticated_audit_manifest" name="test_v1j_records_ordinary_state_coverage_without_upgrading_pit" time="0.001" /><testcase classname="tests.contract.test_authenticated_audit_manifest" name="test_v1j_records_calendar_sessions_without_claiming_timestamp_semantics" time="0.001" /><testcase classname="tests.contract.test_authenticated_audit_manifest" name="test_v1r_massive_probe_records_pagination_schema_and_empty_window" time="0.016" /><testcase classname="tests.contract.test_authenticated_audit_manifest" name="test_v1s_refresh_preserves_hard_blockers_and_idempotent_keys" time="0.014" /><testcase classname="tests.contract.test_authenticated_audit_manifest" name="test_v1v_corrected_calls_remove_provider_failure_blocker" time="0.014" /><testcase classname="tests.contract.test_authenticated_audit_manifest" name="test_v1w_records_fmp_exchange_timezone_without_claiming_bar_semantics" time="0.002" /><testcase classname="tests.contract.test_authenticated_audit_manifest" name="test_v1x_derives_b1_and_common_history_states" time="0.017" /><testcase classname="tests.contract.test_b1v3_confirmation_base_artifact" name="test_base_predictor_manifest_is_schema_valid_self_hashed_and_sanitized" time="0.050" /><testcase classname="tests.contract.test_b2_confirmation_evaluation" name="test_independent_panel_is_opened_after_development_fit" time="0.002" /><testcase classname="tests.contract.test_b2_confirmation_evaluation" name="test_evaluation_keeps_frozen_model_and_information_set_lists" time="0.001" /><testcase classname="tests.contract.test_b2_confirmation_evaluation" name="test_evaluation_uses_positive_mde_from_frozen_b2_protocol" time="0.001" /><testcase classname="tests.contract.test_b2_confirmation_evaluation" name="test_independent_contract_requires_two_blocks_and_no_future_created_at" time="0.021" /><testcase classname="tests.contract.test_b2_confirmation_inputs" name="test_origin_allowlist_is_60_sessions_and_25920_rows" time="1.623" /><testcase classname="tests.contract.test_b2_confirmation_inputs" name="test_probe_and_script_are_explicitly_target_blind_before_target_stage" time="0.013" /><testcase classname="tests.contract.test_b2_confirmation_inputs" name="test_b1_input_preserves_early_origin_missingness" time="0.039" /><testcase classname="tests.contract.test_b2_confirmation_inputs" name="test_panel_contract_maps_session_minute_for_frozen_models" time="0.001" /><testcase classname="tests.contract.test_b2_confirmation_inputs" name="test_trade_partition_date_is_attached_from_immutable_path" time="0.006" /><testcase classname="tests.contract.test_b2_direct_protocol_freeze" name="test_direct_protocol_freeze_is_target_blind_and_pre_acquisition" time="0.001" /><testcase classname="tests.contract.test_b2_direct_protocol_freeze" name="test_direct_protocol_has_nested_information_sets" time="0.001" /><testcase classname="tests.contract.test_b2_mechanism_preregistration" name="test_b2_mechanism_preregistration_is_target_blind_and_frozen" time="0.001" /><testcase classname="tests.contract.test_b2_mechanism_results" name="test_residual_search_records_all_variants_without_retaining_any" time="0.002" /><testcase classname="tests.contract.test_canonical_defense_package" name="test_defense_package_is_evidence_bound_and_safe" time="0.024" /><testcase classname="tests.contract.test_canonical_defense_package" name="test_defense_package_preserves_registered_signs_and_forbids_overclaim" time="0.009" /><testcase classname="tests.contract.test_canonical_defense_package" name="test_defense_package_rerun_is_hash_stable" time="0.011" /><testcase classname="tests.contract.test_canonical_defense_package" name="test_defense_package_rejects_unsanitized_source_manifest" time="0.016" /><testcase classname="tests.contract.test_canonical_documentation" name="test_every_claim_has_machine_evidence_and_declared_status" time="0.002" /><testcase classname="tests.contract.test_canonical_documentation" name="test_post_read_extensions_are_not_presented_as_registered_evidence" time="0.003" /><testcase classname="tests.contract.test_canonical_documentation" name="test_conclusion_retains_model_family_dependent_decision" time="0.001" /><testcase classname="tests.contract.test_canonical_evidence_index" name="test_index_uses_logical_data_root_without_personal_paths" time="0.005" /><testcase classname="tests.contract.test_canonical_inference" name="test_contrasts_pair_only_shared_origin_and_day" time="0.062" /><testcase classname="tests.contract.test_canonical_inference" name="test_model_disagreement_cannot_become_global_edge" time="0.001" /><testcase classname="tests.contract.test_canonical_notebook" name="test_notebook_is_small_offline_and_references_canonical_evidence" time="0.002" /><testcase classname="tests.contract.test_canonical_notebook" name="test_notebook_does_not_duplicate_model_or_target_logic" time="0.001" /><testcase classname="tests.contract.test_canonical_reporting_runner" name="test_reporting_runner_reads_only_hash_verified_predictions" time="0.007" /><testcase classname="tests.contract.test_canonical_reporting_runner" name="test_reporting_runner_refuses_mismatched_prediction_hash" time="0.006" /><testcase classname="tests.contract.test_canonical_reproduction_script" name="test_reproduction_script_fails_fast_and_reuses_frozen_evidence" time="0.001" /><testcase classname="tests.contract.test_canonical_validation_runner" name="test_runner_reuses_hash_verified_output" time="0.003" /><testcase classname="tests.contract.test_canonical_validation_runner" name="test_runner_refuses_corrupt_existing_output" time="0.004" /><testcase classname="tests.contract.test_canonical_validation_runner" name="test_runner_rejects_evidence_root_equal_to_output_root" time="0.003" /><testcase classname="tests.contract.test_confirmation_readiness_v2_artifact" name="test_committed_v2_readiness_snapshot_is_hashed_schema_valid_and_fail_closed" time="0.020" /><testcase classname="tests.contract.test_corrected_development_release" name="test_release_manifest_is_schema_valid_deterministic_and_legacy_oos_closed" time="0.067" /><testcase classname="tests.contract.test_corrected_development_release" name="test_release_rejects_gate_escalation_and_personal_or_secret_like_paths" time="0.039" /><testcase classname="tests.contract.test_date_level_pit_preflight_endpoint_catalog_v1" name="test_missing_endpoint_catalog_fails_closed" time="0.004" /><testcase classname="tests.contract.test_date_level_pit_preflight_endpoint_catalog_v1" name="test_invalid_endpoint_catalog_fails_closed" time="0.035" /><testcase classname="tests.contract.test_date_level_pit_preflight_endpoint_catalog_v1" name="test_valid_catalog_matches_schema_and_has_only_safe_declarative_targets" time="0.005" /><testcase classname="tests.contract.test_date_level_pit_preflight_endpoint_catalog_v1" name="test_catalog_load_is_idempotent" time="0.066" /><testcase classname="tests.contract.test_date_level_pit_preflight_endpoint_catalog_v1" name="test_catalog_configures_all_providers_but_does_not_enable_network" time="0.048" /><testcase classname="tests.contract.test_date_level_pit_preflight_report_v1" name="test_injected_transport_report_is_schema_valid_and_sanitized" time="0.025" /><testcase classname="tests.contract.test_development_model_comparison" name="test_development_comparison_artifacts_have_required_contract" time="0.003" /><testcase classname="tests.contract.test_final_validation_handoff" name="test_handoff_covers_required_validation_domains" time="0.001" /><testcase classname="tests.contract.test_final_validation_handoff" name="test_handoff_has_evidence_path_and_command_for_critical_findings" time="0.001" /><testcase classname="tests.contract.test_independent_parameter_freeze" name="test_parameter_freeze_is_hashed_and_target_free" time="0.001" /><testcase classname="tests.contract.test_independent_parameter_freeze" name="test_target_access_cannot_be_marked_complete_twice" time="0.001" /><testcase classname="tests.contract.test_independent_replication" name="test_method_freeze_precedes_target_outcome_read" time="0.001" /><testcase classname="tests.contract.test_independent_replication" name="test_acquisition_manifest_is_sanitized_and_reproducible" time="0.003" /><testcase classname="tests.contract.test_independent_replication_report" name="test_independent_results_keep_single_target_read_and_frozen_mde" time="0.002" /><testcase classname="tests.contract.test_independent_replication_report" name="test_stability_artifact_contains_strata_and_hours" time="0.006" /><testcase classname="tests.contract.test_independent_replication_report" name="test_evidence_index_is_sanitized_and_hashed" time="0.001" /><testcase classname="tests.contract.test_independent_replication_report" name="test_human_report_distinguishes_targeted_from_universal_edge" time="0.001" /><testcase classname="tests.contract.test_literature_matrix" name="test_matrix_has_exactly_ten_recent_empirical_rows" time="0.001" /><testcase classname="tests.contract.test_literature_matrix" name="test_matrix_schema_and_verification_fields_are_nonempty" time="0.001" /><testcase classname="tests.contract.test_literature_matrix" name="test_matrix_rows_match_the_contract_width" time="0.001" /><testcase classname="tests.contract.test_literature_matrix" name="test_matrix_has_unique_stable_identifiers_and_no_generic_superiority_claim" time="0.001" /><testcase classname="tests.contract.test_literature_matrix" name="test_lit008_excludes_unrecovered_table_counts" time="0.001" /><testcase classname="tests.contract.test_literature_matrix" name="test_matrix_collectively_names_required_models" time="0.001" /><testcase classname="tests.contract.test_manifest_json_schema" name="test_authenticated_manifests_validate_against_manifest_schema[authenticated_v1j]" time="0.077" /><testcase classname="tests.contract.test_manifest_json_schema" name="test_authenticated_manifests_validate_against_manifest_schema[authenticated_v1k]" time="0.062" /><testcase classname="tests.contract.test_manifest_json_schema" name="test_authenticated_manifests_validate_against_manifest_schema[authenticated_v1l]" time="0.063" /><testcase classname="tests.contract.test_manifest_json_schema" name="test_authenticated_manifests_validate_against_manifest_schema[authenticated_v1m]" time="0.064" /><testcase classname="tests.contract.test_manifest_json_schema" name="test_authenticated_manifests_validate_against_manifest_schema[authenticated_v1q]" time="0.077" /><testcase classname="tests.contract.test_manifest_json_schema" name="test_authenticated_manifests_validate_against_manifest_schema[authenticated_v1r]" time="0.062" /><testcase classname="tests.contract.test_manifest_json_schema" name="test_authenticated_manifests_validate_against_manifest_schema[authenticated_v1s]" time="0.068" /><testcase classname="tests.contract.test_manifest_json_schema" name="test_authenticated_manifests_validate_against_manifest_schema[authenticated_v1t]" time="0.070" /><testcase classname="tests.contract.test_manifest_json_schema" name="test_authenticated_manifests_validate_against_manifest_schema[authenticated_v1u]" time="0.091" /><testcase classname="tests.contract.test_manifest_json_schema" name="test_authenticated_manifests_validate_against_manifest_schema[authenticated_v1v]" time="0.083" /><testcase classname="tests.contract.test_manifest_json_schema" name="test_authenticated_manifests_validate_against_manifest_schema[authenticated_v1w]" time="0.078" /><testcase classname="tests.contract.test_manifest_json_schema" name="test_authenticated_manifests_validate_against_manifest_schema[authenticated_v1x]" time="0.061" /><testcase classname="tests.contract.test_manifest_json_schema" name="test_manifest_schema_rejects_invalid_timestamp" time="0.070" /><testcase classname="tests.contract.test_phase4b_artifacts" name="test_fmp_variants_are_asof_and_target_identical" time="0.001"><skipped type="pytest.skip" message="MDS650_EVIDENCE_ROOT_REQUIRED_FOR_EVIDENCE_TEST">C:\Users\mguer\Dev\MDS650-Capstone-b1-diagnostic\tests\evidence.py:24: MDS650_EVIDENCE_ROOT_REQUIRED_FOR_EVIDENCE_TEST</skipped></testcase><testcase classname="tests.contract.test_phase4b_artifacts" name="test_uw_windows_are_exactly_five_minutes_and_nonempty_at_300_seconds" time="0.001"><skipped type="pytest.skip" message="MDS650_EVIDENCE_ROOT_REQUIRED_FOR_EVIDENCE_TEST">C:\Users\mguer\Dev\MDS650-Capstone-b1-diagnostic\tests\evidence.py:24: MDS650_EVIDENCE_ROOT_REQUIRED_FOR_EVIDENCE_TEST</skipped></testcase><testcase classname="tests.contract.test_phase4b_artifacts" name="test_optional_iv_does_not_define_b2_core_and_aliases_are_absent" time="0.000"><skipped type="pytest.skip" message="MDS650_EVIDENCE_ROOT_REQUIRED_FOR_EVIDENCE_TEST">C:\Users\mguer\Dev\MDS650-Capstone-b1-diagnostic\tests\evidence.py:24: MDS650_EVIDENCE_ROOT_REQUIRED_FOR_EVIDENCE_TEST</skipped></testcase><testcase classname="tests.contract.test_phase4b_artifacts" name="test_common_row_sets_and_targets_are_nested_and_identical" time="0.000"><skipped type="pytest.skip" message="MDS650_EVIDENCE_ROOT_REQUIRED_FOR_EVIDENCE_TEST">C:\Users\mguer\Dev\MDS650-Capstone-b1-diagnostic\tests\evidence.py:24: MDS650_EVIDENCE_ROOT_REQUIRED_FOR_EVIDENCE_TEST</skipped></testcase><testcase classname="tests.contract.test_phase4b_artifacts" name="test_checkpoint_and_holdout_gates_are_fail_closed" time="0.000"><skipped type="pytest.skip" message="MDS650_EVIDENCE_ROOT_REQUIRED_FOR_EVIDENCE_TEST">C:\Users\mguer\Dev\MDS650-Capstone-b1-diagnostic\tests\evidence.py:24: MDS650_EVIDENCE_ROOT_REQUIRED_FOR_EVIDENCE_TEST</skipped></testcase><testcase classname="tests.contract.test_phase4b_artifacts" name="test_pilot_exclusions_are_non_iv_and_explicit" time="0.001"><skipped type="pytest.skip" message="MDS650_EVIDENCE_ROOT_REQUIRED_FOR_EVIDENCE_TEST">C:\Users\mguer\Dev\MDS650-Capstone-b1-diagnostic\tests\evidence.py:24: MDS650_EVIDENCE_ROOT_REQUIRED_FOR_EVIDENCE_TEST</skipped></testcase><testcase classname="tests.contract.test_phase5_development_evaluation" name="test_development_forecasts_are_positive_paired_and_holdout_free" time="0.000"><skipped type="pytest.skip" message="MDS650_EVIDENCE_ROOT_REQUIRED_FOR_EVIDENCE_TEST">C:\Users\mguer\Dev\MDS650-Capstone-b1-diagnostic\tests\evidence.py:24: MDS650_EVIDENCE_ROOT_REQUIRED_FOR_EVIDENCE_TEST</skipped></testcase><testcase classname="tests.contract.test_phase5_development_evaluation" name="test_results_retain_both_nested_contrasts_and_all_signs" time="0.000"><skipped type="pytest.skip" message="MDS650_EVIDENCE_ROOT_REQUIRED_FOR_EVIDENCE_TEST">C:\Users\mguer\Dev\MDS650-Capstone-b1-diagnostic\tests\evidence.py:24: MDS650_EVIDENCE_ROOT_REQUIRED_FOR_EVIDENCE_TEST</skipped></testcase><testcase classname="tests.contract.test_phase5_development_evaluation" name="test_variant_ledger_preserves_grid_primary_and_timing_variants" time="0.000"><skipped type="pytest.skip" message="MDS650_EVIDENCE_ROOT_REQUIRED_FOR_EVIDENCE_TEST">C:\Users\mguer\Dev\MDS650-Capstone-b1-diagnostic\tests\evidence.py:24: MDS650_EVIDENCE_ROOT_REQUIRED_FOR_EVIDENCE_TEST</skipped></testcase><testcase classname="tests.contract.test_phase5_development_evaluation" name="test_method_freeze_hashes_exact_development_evidence" time="0.000"><skipped type="pytest.skip" message="MDS650_EVIDENCE_ROOT_REQUIRED_FOR_EVIDENCE_TEST">C:\Users\mguer\Dev\MDS650-Capstone-b1-diagnostic\tests\evidence.py:24: MDS650_EVIDENCE_ROOT_REQUIRED_FOR_EVIDENCE_TEST</skipped></testcase><testcase classname="tests.contract.test_phase5_development_sources" name="test_fmp_source_filters_exact_session_and_records_both_delays" time="0.001" /><testcase classname="tests.contract.test_phase5_development_sources" name="test_b1q_reads_origins_from_explicit_fmp_source" time="0.008" /><testcase classname="tests.contract.test_phase5_development_sources" name="test_b1q_market_inputs_cover_full_trailing_year" time="0.002" /><testcase classname="tests.contract.test_phase5_development_sources" name="test_b1q_origin_records_observed_quote_pit_evidence" time="0.000" /><testcase classname="tests.contract.test_phase5_development_sources" name="test_massive_request_retries_transient_transport_failure" time="0.001" /><testcase classname="tests.contract.test_phase5_development_sources" name="test_b1q_fetch_retains_paths_instead_of_quote_payloads" time="0.004" /><testcase classname="tests.contract.test_phase5_development_sources" name="test_latest_quote_builds_a_sorted_asof_index" time="0.001" /><testcase classname="tests.contract.test_phase5_development_sources" name="test_historical_contract_resolution_uses_asof_active_contracts" time="0.001" /><testcase classname="tests.contract.test_phase5_development_sources" name="test_fmp_list_request_retries_and_rejects_non_list_payload" time="0.006" /><testcase classname="tests.contract.test_phase5_development_sources" name="test_rate_observation_is_never_selected_from_the_future" time="0.001" /><testcase classname="tests.contract.test_phase5_development_sources" name="test_b1_attempt_ledger_is_hashed_and_pit_validated" time="0.010" /><testcase classname="tests.contract.test_phase5_development_sources" name="test_b1_attempt_ledger_rejects_same_session_rate_source" time="0.004" /><testcase classname="tests.contract.test_phase5_development_sources" name="test_b1_attempt_ledger_rejects_missing_rate_source_date" time="0.005" /><testcase classname="tests.contract.test_phase5_holdout_acquisition" name="test_acquisition_denied_before_complete_holdout" time="0.003" /><testcase classname="tests.contract.test_phase5_holdout_acquisition" name="test_acquisition_authority_requires_exact_frozen_ten_sessions" time="0.002" /><testcase classname="tests.contract.test_phase5_holdout_acquisition" name="test_sealed_ledger_is_accepted_without_reading_holdout" time="0.001" /><testcase classname="tests.contract.test_phase5_holdout_acquisition" name="test_sealed_ledger_rejects_failed_quality_gate" time="0.002" /><testcase classname="tests.contract.test_phase5_holdout_guard" name="test_holdout_denied_before_last_session_completion" time="0.001" /><testcase classname="tests.contract.test_phase5_holdout_guard" name="test_holdout_denied_without_matching_method_freeze" time="0.002" /><testcase classname="tests.contract.test_phase5_holdout_guard" name="test_holdout_denied_when_any_release_gate_fails" time="0.001" /><testcase classname="tests.contract.test_phase5_holdout_guard" name="test_single_holdout_read_transitions_zero_to_one" time="0.002" /><testcase classname="tests.contract.test_phase5_holdout_guard" name="test_holdout_runner_executes_once_end_to_end" time="2.018" /><testcase classname="tests.contract.test_phase5_holdout_guard" name="test_holdout_panel_rejects_b2_inside_frozen_delay" time="0.009" /><testcase classname="tests.contract.test_phase5_holdout_guard" name="test_holdout_runner_rejects_frozen_source_code_drift" time="0.008" /><testcase classname="tests.contract.test_phase5_holdout_guard" name="test_holdout_runner_rejects_frozen_contract_drift" time="0.003" /><testcase classname="tests.contract.test_phase5_holdout_guard" name="test_stability_sidecar_rejects_future_operational_timestamp" time="0.007" /><testcase classname="tests.contract.test_phase5_holdout_guard" name="test_material_reversal_rule_is_frozen_and_sign_symmetric" time="0.000" /><testcase classname="tests.contract.test_phase5_panel" name="test_common_panel_uses_identical_nested_origin_rows" time="0.010" /><testcase classname="tests.contract.test_phase5_panel" name="test_target_hash_changes_when_rv30_changes" time="0.003" /><testcase classname="tests.contract.test_phase5_panel" name="test_source_reconciliation_is_exactly_25_plus_55_without_holdout" time="0.004" /><testcase classname="tests.contract.test_phase5_panel" name="test_quality_asset_selection_is_target_blind" time="0.015" /><testcase classname="tests.contract.test_phase5_panel" name="test_common_panel_rejects_future_b2_state" time="0.006" /><testcase classname="tests.contract.test_phase5_panel" name="test_common_panel_rejects_future_b0_or_b2_window" time="0.011" /><testcase classname="tests.contract.test_phase5_panel" name="test_common_panel_rejects_holdout_or_duplicate_origin" time="0.004" /><testcase classname="tests.contract.test_phase5_preregistration" name="test_preregistration_validates_against_frozen_schema" time="0.008" /><testcase classname="tests.contract.test_phase5_preregistration" name="test_preregistration_freezes_methods_before_outcomes" time="0.001" /><testcase classname="tests.contract.test_phase5_preregistration" name="test_session_manifest_has_exact_counts_and_no_overlap" time="0.001" /><testcase classname="tests.contract.test_phase5_preregistration" name="test_freeze_json_reuses_identical_content" time="0.005" /><testcase classname="tests.contract.test_phase5_preregistration" name="test_freeze_json_rejects_changed_content" time="0.005" /><testcase classname="tests.contract.test_phase5_stability_inputs" name="test_stability_sidecar_enforces_each_operational_cutoff" time="0.067" /><testcase classname="tests.contract.test_phase5_storage" name="test_build_config_selects_only_55_missing_development_sessions" time="0.001" /><testcase classname="tests.contract.test_phase5_storage" name="test_build_holdout_config_selects_exact_ten_sessions" time="0.001" /><testcase classname="tests.contract.test_phase5_storage" name="test_build_holdout_config_rejects_manifest_hash_mismatch" time="0.002" /><testcase classname="tests.contract.test_phase5_storage" name="test_downloader_loads_exact_missing_development_allowlist" time="0.002" /><testcase classname="tests.contract.test_phase5_storage" name="test_downloader_loads_exact_holdout_allowlist" time="0.002" /><testcase classname="tests.contract.test_phase5_storage" name="test_downloader_rejects_untrusted_reused_manifest" time="0.003" /><testcase classname="tests.contract.test_phase5_storage" name="test_downloader_rejects_reused_manifest_hash_mismatch" time="0.003" /><testcase classname="tests.contract.test_phase5_storage" name="test_storage_config_rejects_holdout_date" time="0.001" /><testcase classname="tests.contract.test_phase5_storage" name="test_storage_config_rejects_floor_below_80_gib" time="0.001" /><testcase classname="tests.contract.test_phase5_storage" name="test_storage_preflight_probes_write_and_peak_floor" time="0.002" /><testcase classname="tests.contract.test_phase5_storage" name="test_storage_preflight_fails_before_peak_below_floor" time="0.003" /><testcase classname="tests.contract.test_phase5_storage" name="test_reusable_session_requires_matching_raw_hash" time="0.010" /><testcase classname="tests.contract.test_phase5_storage" name="test_downloader_rejects_date_outside_explicit_config" time="0.003" /><testcase classname="tests.contract.test_phase5_storage" name="test_full_tape_regular_session_filter_respects_xnys_early_close" time="0.001" /><testcase classname="tests.contract.test_phase5_storage" name="test_b1_and_b2_builders_expose_explicit_roots_and_allowlists" time="0.002" /><testcase classname="tests.contract.test_phase5_storage" name="test_verified_copy_is_idempotent_and_hash_addressed" time="0.017" /><testcase classname="tests.contract.test_phase5_storage" name="test_verified_copy_rejects_untrusted_source_hash" time="0.005" /><testcase classname="tests.contract.test_phase6_source_recovery" name="test_phase6_source_recovery_records_exact_frozen_blobs" time="0.214" /><testcase classname="tests.contract.test_phase6_source_recovery" name="test_phase6_source_recovery_fails_on_frozen_hash_mismatch" time="0.123" /><testcase classname="tests.contract.test_phase6_source_recovery" name="test_source_recovery_manifest_is_sanitized" time="0.106" /><testcase classname="tests.contract.test_provider_contracts" name="test_fmp_contract_parsers_preserve_observed_schema_semantics" time="0.004" /><testcase classname="tests.contract.test_provider_contracts" name="test_fmp_contract_parser_fails_on_unexpected_schema" time="0.002" /><testcase classname="tests.contract.test_provider_contracts" name="test_unusual_whales_parser_keeps_proxies_without_intent_labels" time="0.001" /><testcase classname="tests.contract.test_provider_contracts" name="test_unusual_whales_time_and_iv_alias_fixture_is_explicit" time="0.001" /><testcase classname="tests.contract.test_provider_contracts" name="test_massive_directed_parsers_preserve_precision_and_empty_windows" time="0.001" /><testcase classname="tests.contract.test_provider_contracts" name="test_massive_parser_rejects_contract_mismatch" time="0.002" /><testcase classname="tests.contract.test_provider_contracts" name="test_fmp_calendar_fixture_preserves_unclassified_missing_minutes" time="0.001" /><testcase classname="tests.contract.test_provider_timing_official_docs_audit_v1" name="test_official_docs_audit_is_hashed_schema_valid_and_does_not_upgrade_pit" time="0.027" /><testcase classname="tests.contract.test_public_data_dictionary" name="test_dictionary_covers_six_observed_components_and_pit_rules" time="0.001" /><testcase classname="tests.contract.test_public_data_dictionary" name="test_architecture_keeps_colab_as_orchestration_only" time="0.001" /><testcase classname="tests.e2e.test_fixture_preview_artifact" name="test_fixture_preview_is_not_authorized_or_historical" time="0.001" /><testcase classname="tests.e2e.test_fixture_preview_artifact" name="test_fixture_preview_has_eight_assets_and_exact_rv30_shape" time="0.006" /><testcase classname="tests.e2e.test_pilot_dataset" name="test_pilot_builds_all_assets_origins_targets_and_trace" time="0.013" /><testcase classname="tests.e2e.test_pilot_dataset" name="test_pilot_fails_if_one_candidate_is_absent" time="0.003" /><testcase classname="tests.unit.test_acquire_b1_independent_replication_b1q" name="test_run_contract_accepts_only_hash_bound_target_free_origins" time="0.007" /><testcase classname="tests.unit.test_acquire_b1_independent_replication_b1q" name="test_legacy_b1q_final_parquet_is_atomically_promoted" time="0.004" /><testcase classname="tests.unit.test_acquire_b1_independent_replication_b1q" name="test_b1q_summary_metadata_uses_observed_session_count" time="0.000" /><testcase classname="tests.unit.test_acquire_b1_independent_replication_full_tape" name="test_contract_binds_preregistration_plan_and_provider_report" time="0.001" /><testcase classname="tests.unit.test_acquire_b1_independent_replication_full_tape" name="test_contract_fails_closed_when_report_hash_or_session_binding_changes" time="0.003" /><testcase classname="tests.unit.test_acquire_b1_independent_replication_full_tape" name="test_peak_formula_includes_raw_parquet_temp_and_thirty_percent_margin" time="0.001" /><testcase classname="tests.unit.test_acquire_b1_independent_replication_full_tape" name="test_pending_sessions_accepts_only_self_hashed_plan_bound_records" time="0.001" /><testcase classname="tests.unit.test_acquire_b1_independent_replication_full_tape" name="test_cli_requires_explicit_resume_flag" time="0.003" /><testcase classname="tests.unit.test_acquire_b1_independent_replication_full_tape" name="test_full_tape_partitions_are_promoted_only_after_all_are_valid" time="0.026" /><testcase classname="tests.unit.test_acquire_b1_independent_replication_full_tape" name="test_full_tape_promotion_fails_before_replacing_any_final_when_partial_missing" time="0.017" /><testcase classname="tests.unit.test_acquire_b1v3_confirmation_b1q" name="test_run_contract_accepts_exact_target_blind_90_session_scope" time="0.102" /><testcase classname="tests.unit.test_acquire_b1v3_confirmation_b1q" name="test_run_contract_rejects_target_column_even_when_source_hash_is_bound" time="0.128" /><testcase classname="tests.unit.test_acquire_b1v3_confirmation_b1q" name="test_custom_contract_cache_preserves_legacy_resolution_file" time="0.120" /><testcase classname="tests.unit.test_acquire_b1v3_confirmation_b1q" name="test_contract_cache_filename_is_restricted_to_one_json_file[../escape.json]" time="0.004" /><testcase classname="tests.unit.test_acquire_b1v3_confirmation_b1q" name="test_contract_cache_filename_is_restricted_to_one_json_file[nested/cache.json]" time="0.002" /><testcase classname="tests.unit.test_acquire_b1v3_confirmation_b1q" name="test_contract_cache_filename_is_restricted_to_one_json_file[cache.txt]" time="0.002" /><testcase classname="tests.unit.test_acquire_b1v3_confirmation_b1q" name="test_contract_cache_filename_is_restricted_to_one_json_file[]" time="0.002" /><testcase classname="tests.unit.test_acquire_b1v3_confirmation_full_tape" name="test_pending_sessions_accepts_only_plan_bound_self_hashed_checkpoints" time="0.001" /><testcase classname="tests.unit.test_acquire_b1v3_confirmation_full_tape" name="test_pending_sessions_rejects_duplicate_checkpoint_date" time="0.002" /><testcase classname="tests.unit.test_acquire_b1v3_confirmation_full_tape" name="test_missing_session_config_excludes_exact_complement_not_first_block" time="0.002" /><testcase classname="tests.unit.test_acquire_b1v3_confirmation_full_tape" name="test_acquire_session_is_resumable_after_verified_checkpoint" time="0.017" /><testcase classname="tests.unit.test_acquire_b1v3_confirmation_full_tape" name="test_cli_requires_explicit_resume_flag" time="0.001" /><testcase classname="tests.unit.test_asset_selection" name="test_freeze_assets_selects_four_to_six_by_quality_only" time="0.000" /><testcase classname="tests.unit.test_asset_selection" name="test_freeze_assets_fails_when_fewer_than_four_pass_quality_gate" time="0.001" /><testcase classname="tests.unit.test_asset_selection" name="test_freeze_assets_rejects_duplicate_or_incomplete_candidates" time="0.001" /><testcase classname="tests.unit.test_audit_manifest" name="test_load_and_validate_audit_manifest_returns_explicit_blockers" time="0.003" /><testcase classname="tests.unit.test_audit_manifest" name="test_load_and_validate_audit_manifest_rejects_secret_like_content" time="0.004" /><testcase classname="tests.unit.test_audit_manifest" name="test_v11_manifest_rejects_duplicate_composite_record_key" time="0.004" /><testcase classname="tests.unit.test_audit_manifest" name="test_v11_manifest_rejects_duplicate_identity_with_different_record_key" time="0.003" /><testcase classname="tests.unit.test_audit_manifest" name="test_v11_manifest_rejects_hash_reuse_under_distinct_requests" time="0.004" /><testcase classname="tests.unit.test_audit_manifest" name="test_v11_manifest_rejects_personal_absolute_paths" time="0.004" /><testcase classname="tests.unit.test_b1_diagnostics" name="test_reason_waterfall_is_exhaustive_and_mutually_exclusive" time="0.005" /><testcase classname="tests.unit.test_b1_diagnostics" name="test_quote_and_feature_summaries_are_finite_and_complete" time="0.005" /><testcase classname="tests.unit.test_b1_diagnostics" name="test_iv_geometry_and_lag_availability_are_separate_diagnostics" time="0.005" /><testcase classname="tests.unit.test_b1_diagnostics" name="test_collinearity_reports_rank_and_condition_without_target" time="0.006" /><testcase classname="tests.unit.test_b1_diagnostics" name="test_chronological_loss_delta_is_paired_and_gamma_coefficients_are_named" time="0.027" /><testcase classname="tests.unit.test_b1_diagnostics" name="test_diagnostic_document_is_deterministic_target_scoped_and_self_hashed" time="0.048" /><testcase classname="tests.unit.test_b1_replication_access" name="test_access_token_is_consumed_exactly_once" time="0.048" /><testcase classname="tests.unit.test_b1_replication_access" name="test_access_token_rejects_nonfrozen_contract" time="0.004" /><testcase classname="tests.unit.test_b1_replication_access" name="test_access_contract_helpers_fail_closed_on_content_and_hashes" time="0.007" /><testcase classname="tests.unit.test_b1_replication_access" name="test_pre_read_gate_replays_panel_and_binds_all_timing_views" time="0.046" /><testcase classname="tests.unit.test_b1_replication_access" name="test_replication_access_schema_is_valid[b1-independent-replication-quality-v1.schema.json]" time="0.009" /><testcase classname="tests.unit.test_b1_replication_access" name="test_replication_access_schema_is_valid[b1-independent-replication-access-v1.schema.json]" time="0.017" /><testcase classname="tests.unit.test_b1_replication_b1q_source" name="test_source_seal_is_accepted_by_b1v3_builder" time="0.048" /><testcase classname="tests.unit.test_b1_replication_b1q_source" name="test_source_seal_fails_when_a_future_quote_was_selected" time="0.033" /><testcase classname="tests.unit.test_b1_replication_b2" name="test_full_tape_document_is_bound_to_preregistration_and_provider_report" time="0.001" /><testcase classname="tests.unit.test_b1_replication_b2" name="test_replication_b2_schema_encodes_three_variant_sidecar_contract" time="0.025" /><testcase classname="tests.unit.test_b1_replication_build" name="test_replication_origin_grid_is_early_close_aware_and_target_free" time="0.009" /><testcase classname="tests.unit.test_b1_replication_build" name="test_replication_origin_grid_rejects_non_session_or_unsorted_dates" time="0.004" /><testcase classname="tests.unit.test_b1_replication_common" name="test_common_panel_preserves_origins_and_masks_unavailable_b2" time="0.016" /><testcase classname="tests.unit.test_b1_replication_evaluation" name="test_terminal_rule_retains_every_sign[0.02-0.01-0.004-0.01-REPLICATED_MODEL_INDEPENDENT]" time="0.001" /><testcase classname="tests.unit.test_b1_replication_evaluation" name="test_terminal_rule_retains_every_sign[0.02-0.01--0.004-0.01-REPLICATED_GAMMA_ONLY]" time="0.001" /><testcase classname="tests.unit.test_b1_replication_evaluation" name="test_terminal_rule_retains_every_sign[-0.02--0.03-0.004-0.9-NOT_REPLICATED]" time="0.001" /><testcase classname="tests.unit.test_b1_replication_evaluation" name="test_terminal_rule_retains_every_sign[0.02--0.001-0.004-0.2-NOT_REPLICATED]" time="0.001" /><testcase classname="tests.unit.test_b1_replication_evaluation" name="test_terminal_rule_retains_every_sign[0.005-0.001-0.004-0.01-NOT_REPLICATED]" time="0.001" /><testcase classname="tests.unit.test_b1_replication_evaluation" name="test_terminal_rule_rejects_invalid_result" time="0.002" /><testcase classname="tests.unit.test_b1_replication_evaluation" name="test_evaluation_adapters_preserve_frozen_methods_and_one_read_contract" time="0.001" /><testcase classname="tests.unit.test_b1_replication_evaluation" name="test_evaluation_adapters_fail_closed_on_contract_drift" time="0.003" /><testcase classname="tests.unit.test_b1_replication_market_control_preflight" name="test_market_control_plan_preserves_dates_and_only_adds_spy_qqq" time="0.001" /><testcase classname="tests.unit.test_b1_replication_timing" name="test_target_moneyness_is_design_metadata_not_an_outcome" time="0.005" /><testcase classname="tests.unit.test_b1_replication_timing" name="test_target_blind_column_gate_still_rejects_rv30" time="0.004" /><testcase classname="tests.unit.test_b1_replication_timing" name="test_seal_derived_attempt_source_binds_inventory_and_cutoff" time="0.026" /><testcase classname="tests.unit.test_b1_replication_timing" name="test_seal_derived_attempt_source_rejects_quote_after_shifted_cutoff" time="0.010" /><testcase classname="tests.unit.test_b1_replication_timing" name="test_finalize_timing_predictors_binds_every_variant" time="0.018" /><testcase classname="tests.unit.test_b1_replication_timing" name="test_materialize_timing_attempts_derives_all_registered_sources" time="0.033" /><testcase classname="tests.unit.test_b1_replication_timing" name="test_build_timing_common_artifacts_preserves_all_registered_views" time="0.153" /><testcase classname="tests.unit.test_b1_replication_timing" name="test_replication_timing_schema_is_valid[b1-independent-replication-derived-b1q-source-v1.schema.json]" time="0.019" /><testcase classname="tests.unit.test_b1_replication_timing" name="test_replication_timing_schema_is_valid[b1-independent-replication-timing-predictors-v1.schema.json]" time="0.016" /><testcase classname="tests.unit.test_b1_replication_timing" name="test_replication_timing_schema_is_valid[b1-independent-replication-timing-common-v1.schema.json]" time="0.017" /><testcase classname="tests.unit.test_b1q_exogenous_provenance_v1" name="test_parses_official_treasury_xml" time="0.003" /><testcase classname="tests.unit.test_b1q_exogenous_provenance_v1" name="test_augments_exact_rate_and_dividend_provenance" time="0.009" /><testcase classname="tests.unit.test_b1q_exogenous_provenance_v1" name="test_rejects_dividend_value_drift" time="0.006" /><testcase classname="tests.unit.test_b1q_exogenous_provenance_v1" name="test_rejects_same_session_rate" time="0.007" /><testcase classname="tests.unit.test_b1q_put_call_parity_feasibility" name="test_one_strike_pair_is_not_silently_used_as_a_rate_or_dividend_proxy" time="0.046" /><testcase classname="tests.unit.test_b1q_put_call_parity_feasibility" name="test_two_paired_strikes_produce_a_candidate_discount_estimate_without_using_targets" time="0.090" /><testcase classname="tests.unit.test_b1q_put_call_parity_feasibility" name="test_repeated_target_grid_entries_are_deduplicated_when_quote_identity_is_identical" time="0.041" /><testcase classname="tests.unit.test_b1q_put_call_parity_feasibility" name="test_schema_self_hash_and_immutable_writer_are_deterministic" time="0.130" /><testcase classname="tests.unit.test_b1q_put_call_parity_feasibility" name="test_runtime_validator_rejects_hash_schema_and_sensitive_content_before_a_write" time="0.107" /><testcase classname="tests.unit.test_b1v3" name="test_consensus_requires_same_expiry_and_strike" time="0.001" /><testcase classname="tests.unit.test_b1v3" name="test_consensus_rejects_invalid_observation_fields[changes0-B1V3_CONTRACT_EMPTY]" time="0.002" /><testcase classname="tests.unit.test_b1v3" name="test_consensus_rejects_invalid_observation_fields[changes1-B1V3_OPTION_TYPE_INVALID]" time="0.002" /><testcase classname="tests.unit.test_b1v3" name="test_consensus_rejects_invalid_observation_fields[changes2-B1V3_DTE_INVALID]" time="0.001" /><testcase classname="tests.unit.test_b1v3" name="test_consensus_rejects_invalid_observation_fields[changes3-B1V3_STRIKE_INVALID]" time="0.001" /><testcase classname="tests.unit.test_b1v3" name="test_consensus_rejects_invalid_observation_fields[changes4-B1V3_SPOT_INVALID]" time="0.001" /><testcase classname="tests.unit.test_b1v3" name="test_consensus_rejects_invalid_observation_fields[changes5-B1V3_IV_INVALID]" time="0.001" /><testcase classname="tests.unit.test_b1v3" name="test_consensus_rejects_invalid_observation_fields[changes6-B1V3_SIP_TIMESTAMP_INVALID]" time="0.002" /><testcase classname="tests.unit.test_b1v3" name="test_consensus_rejects_invalid_observation_fields[changes7-B1V3_SOURCE_REQUEST_HASH_INVALID]" time="0.002" /><testcase classname="tests.unit.test_b1v3" name="test_consensus_rejects_duplicate_side_and_metadata_mismatch" time="0.002" /><testcase classname="tests.unit.test_b1v3" name="test_atm_interpolates_in_log_moneyness" time="0.001" /><testcase classname="tests.unit.test_b1v3" name="test_atm_nearest_fallback_is_bounded" time="0.000" /><testcase classname="tests.unit.test_b1v3" name="test_atm_expiry_tie_prefers_earlier_expiry" time="0.001" /><testcase classname="tests.unit.test_b1v3" name="test_atm_rejects_invalid_arguments_and_inconsistent_spot" time="0.002" /><testcase classname="tests.unit.test_b1v3" name="test_atm_rejects_ambiguous_dte_for_one_expiry" time="0.001" /><testcase classname="tests.unit.test_b1v3" name="test_skew_uses_same_expiry_and_same_option_type_interpolation" time="0.001" /><testcase classname="tests.unit.test_b1v3" name="test_skew_exact_and_missing_sides_are_deterministic" time="0.000" /><testcase classname="tests.unit.test_b1v3" name="test_skew_rejects_duplicate_or_inconsistent_side_and_bounded_fallback" time="0.002" /><testcase classname="tests.unit.test_b1v3" name="test_forward_variance_uses_total_variance_and_rejects_calendar_arbitrage" time="0.001" /><testcase classname="tests.unit.test_b1v3" name="test_origin_builder_uses_exact_within_session_lags_and_nested_flags" time="0.015" /><testcase classname="tests.unit.test_b1v3" name="test_origin_builder_rejects_outcome_columns_but_allows_target_moneyness" time="0.008" /><testcase classname="tests.unit.test_b1v3" name="test_origin_builder_rejects_future_quote" time="0.003" /><testcase classname="tests.unit.test_b1v3" name="test_origin_builder_records_invalid_attempts_as_missing[sip_timestamp-invalid]" time="0.007" /><testcase classname="tests.unit.test_b1v3" name="test_origin_builder_records_invalid_attempts_as_missing[bid-0.0]" time="0.004" /><testcase classname="tests.unit.test_b1v3" name="test_origin_builder_records_invalid_attempts_as_missing[ask-5.0]" time="0.005" /><testcase classname="tests.unit.test_b1v3" name="test_origin_builder_records_invalid_attempts_as_missing[iv_success-False]" time="0.005" /><testcase classname="tests.unit.test_b1v3" name="test_origin_builder_records_invalid_attempts_as_missing[iv-nan]" time="0.004" /><testcase classname="tests.unit.test_b1v3" name="test_origin_builder_records_invalid_attempts_as_missing[strike-0.0]" time="0.004" /><testcase classname="tests.unit.test_b1v3" name="test_origin_builder_records_invalid_attempts_as_missing[dte-0]" time="0.003" /><testcase classname="tests.unit.test_b1v3" name="test_origin_builder_records_invalid_attempts_as_missing[expiry-2025-08-04]" time="0.006" /><testcase classname="tests.unit.test_b1v3" name="test_origin_builder_fails_closed_on_invalid_provenance[rate_source_date-invalid-B1V3_RATE_SOURCE_DATE_INVALID]" time="0.003" /><testcase classname="tests.unit.test_b1v3" name="test_origin_builder_fails_closed_on_invalid_provenance[rate_source_date-2025-08-04-B1V3_RATE_NOT_PRE_ORIGIN]" time="0.002" /><testcase classname="tests.unit.test_b1v3" name="test_origin_builder_fails_closed_on_invalid_provenance[dividend_assumption-UNKNOWN-B1V3_DIVIDEND_ASSUMPTION_INVALID]" time="0.002" /><testcase classname="tests.unit.test_b1v3" name="test_origin_builder_fails_closed_on_invalid_provenance[option_type-unknown-B1V3_OPTION_TYPE_INVALID]" time="0.001" /><testcase classname="tests.unit.test_b1v3" name="test_origin_builder_fails_closed_on_invalid_provenance[source_request_hash-bad-B1V3_SOURCE_REQUEST_HASH_INVALID]" time="0.001" /><testcase classname="tests.unit.test_b1v3" name="test_origin_builder_schema_cutoff_and_identity_guards" time="0.017" /><testcase classname="tests.unit.test_b1v3" name="test_origin_builder_rejects_duplicate_contract_and_bad_origin_identity" time="0.007" /><testcase classname="tests.unit.test_b1v3" name="test_origin_builder_derives_middle_and_last_session_terciles" time="0.011" /><testcase classname="tests.unit.test_b1v3" name="test_coverage_summary_enforces_nested_monotonicity_and_thresholds" time="0.009" /><testcase classname="tests.unit.test_b1v3" name="test_coverage_summary_reports_primary_only_and_revision_states" time="0.011" /><testcase classname="tests.unit.test_b1v3" name="test_coverage_summary_rejects_b1b_without_b1a" time="0.002" /><testcase classname="tests.unit.test_b1v3_b1q_source" name="test_sealer_binds_attempts_contract_grid_and_raw_caches" time="0.111" /><testcase classname="tests.unit.test_b1v3_b1q_source" name="test_sealer_rejects_target_columns_and_future_quotes" time="0.034" /><testcase classname="tests.unit.test_b1v3_b1q_source" name="test_sealer_rejects_cache_tamper_and_conflicting_output" time="0.137" /><testcase classname="tests.unit.test_b1v3_b1q_source" name="test_sealer_rejects_duplicate_attempt_identity" time="0.023" /><testcase classname="tests.unit.test_b1v3_b1q_source" name="test_sealer_rejects_invalid_attempt_provenance[rate_source_date-2024-08-02-RATE_NOT_PRE_ORIGIN]" time="0.022" /><testcase classname="tests.unit.test_b1v3_b1q_source" name="test_sealer_rejects_invalid_attempt_provenance[source_request_hash-bad-REQUEST_HASH_INVALID]" time="0.022" /><testcase classname="tests.unit.test_b1v3_b1q_source" name="test_sealer_rejects_invalid_attempt_provenance[asset-SPY-ATTEMPT_ASSET_SCOPE_INVALID]" time="0.019" /><testcase classname="tests.unit.test_b1v3_b1q_source" name="test_sealer_rejects_contract_grid_drift_and_unverified_pagination" time="0.045" /><testcase classname="tests.unit.test_b1v3_b1q_source" name="test_sealer_accepts_sequence_reordering_within_equal_sip_timestamp" time="0.056" /><testcase classname="tests.unit.test_b1v3_b1q_source" name="test_sealer_rejects_decreasing_sip_timestamp_even_if_sequence_increases" time="0.028" /><testcase classname="tests.unit.test_b1v3_b1q_source" name="test_sealer_rejects_base_hash_and_cache_identity_ambiguity" time="0.043" /><testcase classname="tests.unit.test_b1v3_b1q_source" name="test_sealer_rejects_inventory_conflict_and_missing_schema" time="0.113" /><testcase classname="tests.unit.test_b1v3_b2_confirmation" name="test_load_full_tape_contract_requires_schema_hash_and_complete_scope" time="0.159" /><testcase classname="tests.unit.test_b1v3_b2_confirmation" name="test_load_full_tape_contract_rejects_tampered_session_checkpoint" time="0.093" /><testcase classname="tests.unit.test_b1v3_b2_confirmation" name="test_load_full_tape_contract_rejects_wrong_session_contract" time="0.098" /><testcase classname="tests.unit.test_b1v3_b2_confirmation" name="test_partition_path_guard_rejects_ambiguous_or_escaping_paths[events.parquet]" time="0.005" /><testcase classname="tests.unit.test_b1v3_b2_confirmation" name="test_partition_path_guard_rejects_ambiguous_or_escaping_paths[../events.parquet]" time="0.003" /><testcase classname="tests.unit.test_b1v3_b2_confirmation" name="test_partition_path_guard_rejects_ambiguous_or_escaping_paths[data/other/date=2024-01-02/asset=AAPL/events.parquet]" time="0.003" /><testcase classname="tests.unit.test_b1v3_b2_confirmation" name="test_partition_path_guard_rejects_ambiguous_or_escaping_paths[data/option_events/date=2024-01-02/asset=AAPL/not-events.parquet]" time="0.003" /><testcase classname="tests.unit.test_b1v3_b2_confirmation" name="test_raw_b2_builder_preserves_origins_and_applies_each_frozen_cutoff" time="0.243" /><testcase classname="tests.unit.test_b1v3_b2_confirmation" name="test_event_partition_rejects_symbol_mismatch" time="0.006" /><testcase classname="tests.unit.test_b1v3_b2_confirmation" name="test_partition_index_requires_all_six_canonical_assets" time="0.011" /><testcase classname="tests.unit.test_b1v3_b2_confirmation" name="test_corrected_variant_masks_ineligible_feature_values_and_is_idempotent" time="0.017" /><testcase classname="tests.unit.test_b1v3_b2_confirmation" name="test_target_blind_b2_artifact_build_seals_exact_scope" time="0.174" /><testcase classname="tests.unit.test_b1v3_b2_confirmation" name="test_b2_manifest_schema_is_valid_and_freezes_three_variants" time="0.030" /><testcase classname="tests.unit.test_b1v3_confirmation" name="test_exposure_ledger_binds_sources_and_deduplicates_overlaps" time="0.007" /><testcase classname="tests.unit.test_b1v3_confirmation" name="test_exposure_ledger_rejects_invalid_sources[-dates0-B1V3_EXPOSURE_SOURCE_NAME_INVALID]" time="0.004" /><testcase classname="tests.unit.test_b1v3_confirmation" name="test_exposure_ledger_rejects_invalid_sources[bad-dates1-B1V3_EXPOSURE_SOURCE_NO_DATES]" time="0.005" /><testcase classname="tests.unit.test_b1v3_confirmation" name="test_exposure_ledger_rejects_invalid_sources[bad-dates2-B1V3_EXPOSURE_NOT_XNYS_SESSION]" time="0.005" /><testcase classname="tests.unit.test_b1v3_confirmation" name="test_empty_exposure_ledger_and_invalid_hash_chunk_fail_closed" time="0.004" /><testcase classname="tests.unit.test_b1v3_confirmation" name="test_exposure_ledger_rejects_outcome_like_source_filename" time="0.004" /><testcase classname="tests.unit.test_b1v3_confirmation" name="test_pristine_selector_chooses_earliest_contiguous_60_30_block" time="0.004" /><testcase classname="tests.unit.test_b1v3_confirmation" name="test_pristine_selector_fails_on_gap_or_insufficient_sessions" time="0.004" /><testcase classname="tests.unit.test_b1v3_confirmation" name="test_confirmation_plan_stays_pending_without_provider_passes" time="0.007" /><testcase classname="tests.unit.test_b1v3_confirmation" name="test_confirmation_plan_freezes_only_when_all_90_sessions_pass" time="0.043" /><testcase classname="tests.unit.test_b1v3_confirmation" name="test_provider_report_derives_common_dates_from_technical_pass_not_freshness" time="0.035" /><testcase classname="tests.unit.test_b1v3_confirmation" name="test_provider_report_fails_closed_on_hash_duplicate_or_incomplete_asset" time="0.059" /><testcase classname="tests.unit.test_b1v3_confirmation" name="test_provider_report_rejects_gate_schema_and_record_drift" time="0.036" /><testcase classname="tests.unit.test_b1v3_confirmation" name="test_confirmation_schema_validator_rejects_missing_and_invalid_documents" time="0.027" /><testcase classname="tests.unit.test_b1v3_confirmation" name="test_confirmation_plan_rejects_unexpected_or_invalid_provider_hash" time="0.012" /><testcase classname="tests.unit.test_b1v3_confirmation" name="test_confirmation_plan_fails_closed_on_partial_provider_passes" time="0.009" /><testcase classname="tests.unit.test_b1v3_confirmation" name="test_confirmation_plan_rejects_provider_dates_outside_candidates" time="0.009" /><testcase classname="tests.unit.test_b1v3_confirmation" name="test_xnys_enumerator_observes_weekends_and_holidays" time="0.001" /><testcase classname="tests.unit.test_b1v3_confirmation" name="test_writer_is_idempotent_and_conflict_safe" time="0.005" /><testcase classname="tests.unit.test_b1v3_confirmation" name="test_planner_writes_schema_valid_pending_outputs" time="0.037" /><testcase classname="tests.unit.test_b1v3_confirmation" name="test_planner_freezes_from_self_hashed_v2_provider_report" time="0.068" /><testcase classname="tests.unit.test_b1v3_confirmation" name="test_cli_help_is_directly_executable" time="0.002" /><testcase classname="tests.unit.test_b1v3_confirmation_acquisition" name="test_reusable_records_are_self_hashed_target_blind_and_allowlisted" time="0.001" /><testcase classname="tests.unit.test_b1v3_confirmation_acquisition" name="test_reusable_records_reject_tampered_checkpoint" time="0.001" /><testcase classname="tests.unit.test_b1v3_confirmation_acquisition" name="test_reusable_records_reject_manifest_gate_and_duplicate_dates" time="0.002" /><testcase classname="tests.unit.test_b1v3_confirmation_acquisition" name="test_reusable_records_reject_manifest_hash_and_invalid_checkpoint" time="0.002" /><testcase classname="tests.unit.test_b1v3_confirmation_acquisition" name="test_storage_projection_uses_exact_uw_and_massive_p95" time="0.000" /><testcase classname="tests.unit.test_b1v3_confirmation_acquisition" name="test_storage_projection_fails_closed_below_floor" time="0.002" /><testcase classname="tests.unit.test_b1v3_confirmation_acquisition" name="test_storage_projection_rejects_invalid_inputs[overrides0-SESSION_ALLOWLIST]" time="0.001" /><testcase classname="tests.unit.test_b1v3_confirmation_acquisition" name="test_storage_projection_rejects_invalid_inputs[overrides1-REUSE_OUTSIDE_ALLOWLIST]" time="0.001" /><testcase classname="tests.unit.test_b1v3_confirmation_acquisition" name="test_storage_projection_rejects_invalid_inputs[overrides2-UW_CONTENT_LENGTH]" time="0.001" /><testcase classname="tests.unit.test_b1v3_confirmation_acquisition" name="test_storage_projection_rejects_invalid_inputs[overrides3-MASSIVE_SAMPLE]" time="0.001" /><testcase classname="tests.unit.test_b1v3_confirmation_acquisition" name="test_storage_projection_rejects_invalid_inputs[overrides4-STORAGE_BYTES]" time="0.001" /><testcase classname="tests.unit.test_b1v3_confirmation_acquisition" name="test_verified_hardlink_is_idempotent_and_conflict_safe" time="0.020" /><testcase classname="tests.unit.test_b1v3_confirmation_acquisition" name="test_verified_hardlink_rejects_equal_but_physically_duplicated_file" time="0.011" /><testcase classname="tests.unit.test_b1v3_confirmation_acquisition" name="test_verified_hardlink_rejects_invalid_chunk_and_link_failure" time="0.010" /><testcase classname="tests.unit.test_b1v3_confirmation_acquisition" name="test_verified_hardlink_rejects_non_hardlink_created_by_race" time="0.011" /><testcase classname="tests.unit.test_b1v3_confirmation_acquisition" name="test_storage_reuse_schema_is_valid_draft_2020_12" time="0.029" /><testcase classname="tests.unit.test_b1v3_confirmation_acquisition" name="test_storage_reuse_cli_help_is_directly_executable" time="0.002" /><testcase classname="tests.unit.test_b1v3_confirmation_acquisition" name="test_canonical_storage_reuse_artifact_is_schema_valid_and_self_hashed" time="0.010" /><testcase classname="tests.unit.test_b1v3_confirmation_build" name="test_real_frozen_inputs_are_accepted" time="0.020" /><testcase classname="tests.unit.test_b1v3_confirmation_build" name="test_frozen_input_loader_rejects_any_tampered_hash[0-B1V3_BASE_PLAN_HASH_INVALID]" time="0.013" /><testcase classname="tests.unit.test_b1v3_confirmation_build" name="test_frozen_input_loader_rejects_any_tampered_hash[1-B1V3_BASE_PROVIDER_REPORT_HASH_INVALID]" time="0.035" /><testcase classname="tests.unit.test_b1v3_confirmation_build" name="test_frozen_input_loader_rejects_any_tampered_hash[2-B1V3_BASE_PROVIDER_CANDIDATE_PLAN_HASH_INVALID]" time="0.020" /><testcase classname="tests.unit.test_b1v3_confirmation_build" name="test_frozen_input_loader_rejects_any_tampered_hash[3-B1V3_BASE_SOURCE_CONFIRMATION_PLAN_HASH_INVALID]" time="0.020" /><testcase classname="tests.unit.test_b1v3_confirmation_build" name="test_one_authenticated_fmp_cache_builds_exact_xnys_grid" time="0.018" /><testcase classname="tests.unit.test_b1v3_confirmation_build" name="test_base_build_writes_source_bound_outputs_and_is_idempotent" time="0.088" /><testcase classname="tests.unit.test_b1v3_confirmation_common" name="test_common_panel_preserves_origins_and_nested_information_sets" time="0.015" /><testcase classname="tests.unit.test_b1v3_confirmation_common" name="test_common_panel_normalizes_training_warmup_to_development_role" time="0.013" /><testcase classname="tests.unit.test_b1v3_confirmation_common" name="test_common_panel_rejects_outcome_column" time="0.010" /><testcase classname="tests.unit.test_b1v3_confirmation_common" name="test_artifact_builder_validates_chain_and_is_idempotent" time="0.146" /><testcase classname="tests.unit.test_b1v3_confirmation_common" name="test_artifact_builder_rejects_b1_source_inventory_drift" time="0.023" /><testcase classname="tests.unit.test_b1v3_confirmation_common" name="test_artifact_builder_rejects_manifest_and_output_tamper" time="0.110" /><testcase classname="tests.unit.test_b1v3_confirmation_evaluation" name="test_confirmation_forecasts_use_frozen_parameters_without_retuning" time="0.013" /><testcase classname="tests.unit.test_b1v3_confirmation_evaluation" name="test_evaluation_requires_all_timing_variants_and_can_confirm_both_edges" time="0.362" /><testcase classname="tests.unit.test_b1v3_confirmation_evaluation" name="test_evaluation_fails_closed_without_registered_timing_views" time="0.238" /><testcase classname="tests.unit.test_b1v3_confirmation_evaluation" name="test_evaluation_preserves_positive_below_mde_and_negative_results" time="0.649" /><testcase classname="tests.unit.test_b1v3_confirmation_panel" name="test_origin_grid_uses_xnys_early_close_and_frozen_roles" time="0.004" /><testcase classname="tests.unit.test_b1v3_confirmation_panel" name="test_origin_grid_fails_closed_on_invalid_frozen_scope[training0-confirmation0-assets0-ALLOWLIST]" time="0.001" /><testcase classname="tests.unit.test_b1v3_confirmation_panel" name="test_origin_grid_fails_closed_on_invalid_frozen_scope[training1-confirmation1-assets1-ALLOWLIST]" time="0.001" /><testcase classname="tests.unit.test_b1v3_confirmation_panel" name="test_origin_grid_fails_closed_on_invalid_frozen_scope[training2-confirmation2-assets2-ALLOWLIST]" time="0.001" /><testcase classname="tests.unit.test_b1v3_confirmation_panel" name="test_origin_grid_fails_closed_on_invalid_frozen_scope[training3-confirmation3-assets3-NOT_XNYS_SESSION]" time="0.001" /><testcase classname="tests.unit.test_b1v3_confirmation_panel" name="test_fmp_cache_must_match_report_identity_and_self_hash" time="0.003" /><testcase classname="tests.unit.test_b1v3_confirmation_panel" name="test_fmp_cache_rejects_non_list_payload" time="0.001" /><testcase classname="tests.unit.test_b1v3_confirmation_panel" name="test_fmp_normalization_filters_over_return_and_freezes_availability" time="0.000" /><testcase classname="tests.unit.test_b1v3_confirmation_panel" name="test_fmp_normalization_rejects_invalid_bar_payload[payload0]" time="0.001" /><testcase classname="tests.unit.test_b1v3_confirmation_panel" name="test_fmp_normalization_rejects_invalid_bar_payload[payload1]" time="0.000" /><testcase classname="tests.unit.test_b1v3_confirmation_panel" name="test_fmp_normalization_rejects_invalid_bar_payload[payload2]" time="0.000" /><testcase classname="tests.unit.test_b1v3_confirmation_panel" name="test_spot_frame_uses_exact_prior_bar_and_never_silent_fill" time="0.010" /><testcase classname="tests.unit.test_b1v3_confirmation_panel" name="test_spot_frame_supports_registered_plus_two_minute_sensitivity" time="0.005" /><testcase classname="tests.unit.test_b1v3_confirmation_panel" name="test_strip_target_columns_removes_all_target_scaffolding" time="0.002" /><testcase classname="tests.unit.test_b1v3_confirmation_panel" name="test_b0_wrapper_is_predictor_only_and_marks_completeness" time="0.003" /><testcase classname="tests.unit.test_b1v3_confirmation_panel" name="test_b2_sidecar_masks_delay_exclusion_instead_of_zero_coding" time="0.004" /><testcase classname="tests.unit.test_b1v3_confirmation_panel" name="test_b2_sidecar_fails_closed_on_identity_missingness_and_future_time" time="0.011" /><testcase classname="tests.unit.test_b1v3_confirmation_panel" name="test_assembled_panel_preserves_origins_and_explicit_component_missingness" time="0.010" /><testcase classname="tests.unit.test_b1v3_confirmation_run" name="test_confirmation_binding_preserves_exact_target_contract_and_b0" time="0.019" /><testcase classname="tests.unit.test_b1v3_confirmation_run" name="test_confirmation_binding_excludes_registered_incomplete_b0_origin" time="0.019" /><testcase classname="tests.unit.test_b1v3_confirmation_run" name="test_confirmation_binding_rejects_predictor_drift_and_future_availability" time="0.020" /><testcase classname="tests.unit.test_b1v3_confirmation_run" name="test_timing_join_uses_only_primary_complete_origin_intersection" time="0.019" /><testcase classname="tests.unit.test_b1v3_confirmation_run" name="test_authorization_is_consumed_exclusively_before_target_read" time="0.009" /><testcase classname="tests.unit.test_b1v3_evaluation" name="test_b1v3_information_sets_are_exact_and_strictly_nested" time="0.001" /><testcase classname="tests.unit.test_b1v3_evaluation" name="test_b1v3_method_contract_is_frozen_without_result_selection" time="0.000" /><testcase classname="tests.unit.test_b1v3_evaluation" name="test_preregistration_binds_exact_panel_dates_methods_and_self_hash" time="0.001" /><testcase classname="tests.unit.test_b1v3_evaluation" name="test_phase6_adapter_reuses_frozen_models_and_inference" time="0.001" /><testcase classname="tests.unit.test_b1v3_evaluation" name="test_preregistration_fails_closed_on_source_or_scope_drift[&lt;lambda&gt;-B1V3_PREREG_COMMON_INVALID]" time="0.001" /><testcase classname="tests.unit.test_b1v3_evaluation" name="test_preregistration_fails_closed_on_source_or_scope_drift[&lt;lambda&gt;-B1V3_PREREG_INFORMATION_SETS_INVALID]" time="0.002" /><testcase classname="tests.unit.test_b1v3_evaluation" name="test_preregistration_fails_closed_on_source_or_scope_drift[&lt;lambda&gt;-B1V3_PREREG_DATE_SPLIT_INVALID]" time="0.002" /><testcase classname="tests.unit.test_b1v3_evaluation" name="test_access_ledger_requires_every_gate_and_is_single_use" time="0.003" /><testcase classname="tests.unit.test_b1v3_evaluation" name="test_evaluation_panel_requires_authorization_identical_complete_origins" time="0.007" /><testcase classname="tests.unit.test_b1v3_massive_sensitivity" name="test_reselected_attempt_uses_shifted_cutoff_and_recomputes_iv" time="0.001" /><testcase classname="tests.unit.test_b1v3_massive_sensitivity" name="test_reselected_attempt_marks_no_quote_and_invalid_last_spread" time="0.000" /><testcase classname="tests.unit.test_b1v3_massive_sensitivity" name="test_reselected_attempt_rejects_future_quote_and_unregistered_cutoff" time="0.002" /><testcase classname="tests.unit.test_b1v3_massive_sensitivity" name="test_write_massive_reselected_attempts_streams_and_preserves_rows" time="0.031" /><testcase classname="tests.unit.test_b1v3_massive_sensitivity" name="test_massive_variants_decode_each_contract_day_only_once" time="0.016" /><testcase classname="tests.unit.test_b1v3_massive_sensitivity" name="test_writer_rejects_invalid_controls[30-1-B1V3_SENSITIVITY_CUTOFF_INVALID]" time="0.003" /><testcase classname="tests.unit.test_b1v3_massive_sensitivity" name="test_writer_rejects_invalid_controls[60-0-B1V3_SENSITIVITY_BATCH_SIZE_INVALID]" time="0.004" /><testcase classname="tests.unit.test_b1v3_massive_sensitivity" name="test_writer_rejects_missing_paths_and_output_conflict" time="0.007" /><testcase classname="tests.unit.test_b1v3_massive_sensitivity" name="test_writer_rejects_schema_forbidden_and_empty_inputs" time="0.012" /><testcase classname="tests.unit.test_b1v3_massive_sensitivity" name="test_writer_fails_closed_on_noncontiguous_and_ambiguous_attempts" time="0.016" /><testcase classname="tests.unit.test_b1v3_massive_sensitivity" name="test_writer_fails_closed_on_invalid_cache_state" time="0.008" /><testcase classname="tests.unit.test_b1v3_massive_sensitivity" name="test_reselected_attempt_handles_invalid_origin_nonfinite_and_invalid_iv_result" time="0.001" /><testcase classname="tests.unit.test_b1v3_massive_sensitivity" name="test_reprice_attempt_for_fmp_delay_recomputes_spot_moneyness_dividend_and_iv" time="0.001" /><testcase classname="tests.unit.test_b1v3_massive_sensitivity" name="test_reprice_attempt_for_fmp_delay_preserves_invalid_spread_quote_state" time="0.000" /><testcase classname="tests.unit.test_b1v3_massive_sensitivity" name="test_write_fmp_delayed_attempts_binds_exact_origin_spot" time="0.012" /><testcase classname="tests.unit.test_b1v3_method_freeze" name="test_training_folds_are_three_chronological_ten_session_blocks" time="0.001" /><testcase classname="tests.unit.test_b1v3_method_freeze" name="test_training_target_binding_preserves_exact_sample_and_rv30_contract" time="0.023" /><testcase classname="tests.unit.test_b1v3_method_freeze" name="test_training_target_binding_excludes_registered_incomplete_b0_origin" time="0.022" /><testcase classname="tests.unit.test_b1v3_method_freeze" name="test_training_target_binding_fails_closed[&lt;lambda&gt;-B1V3_RV30_CONTRACT_INVALID]" time="0.021" /><testcase classname="tests.unit.test_b1v3_method_freeze" name="test_training_target_binding_fails_closed[&lt;lambda&gt;-B1V3_TRAINING_B0_DRIFT]" time="0.017" /><testcase classname="tests.unit.test_b1v3_method_freeze" name="test_training_target_binding_fails_closed[&lt;lambda&gt;-B1V3_TRAINING_PREDICTOR_FUTURE]" time="0.019" /><testcase classname="tests.unit.test_b1v3_method_freeze" name="test_training_mde_uses_paired_daily_forecasts_only" time="0.007" /><testcase classname="tests.unit.test_b1v3_method_freeze" name="test_training_oof_and_final_selection_reuse_registered_primitives" time="0.048" /><testcase classname="tests.unit.test_b1v3_method_freeze" name="test_method_freeze_binds_training_only_outputs_and_self_hash" time="0.037" /><testcase classname="tests.unit.test_b1v3_method_freeze" name="test_method_freeze_fails_closed_on_drift[&lt;lambda&gt;-B1V3_METHOD_FREEZE_SOURCE_INVALID]" time="0.003" /><testcase classname="tests.unit.test_b1v3_method_freeze" name="test_method_freeze_fails_closed_on_drift[&lt;lambda&gt;-B1V3_METHOD_FREEZE_PARAMETERS_INVALID0]" time="0.002" /><testcase classname="tests.unit.test_b1v3_method_freeze" name="test_method_freeze_fails_closed_on_drift[&lt;lambda&gt;-B1V3_METHOD_FREEZE_PARAMETERS_INVALID1]" time="0.001" /><testcase classname="tests.unit.test_b1v3_method_freeze" name="test_method_freeze_fails_closed_on_drift[&lt;lambda&gt;-B1V3_METHOD_FREEZE_MDE_INVALID]" time="0.002" /><testcase classname="tests.unit.test_b1v3_method_freeze" name="test_method_freeze_fails_closed_on_drift[&lt;lambda&gt;-B1V3_METHOD_FREEZE_REGIME_INVALID0]" time="0.002" /><testcase classname="tests.unit.test_b1v3_method_freeze" name="test_method_freeze_fails_closed_on_drift[&lt;lambda&gt;-B1V3_METHOD_FREEZE_REGIME_INVALID1]" time="0.001" /><testcase classname="tests.unit.test_b1v3_provider_preflight_v2" name="test_candidate_plan_binds_exact_60_30_without_outcome_fields" time="0.006" /><testcase classname="tests.unit.test_b1v3_provider_preflight_v2" name="test_candidate_budget_is_exact_and_attempt_capped" time="0.001" /><testcase classname="tests.unit.test_b1v3_provider_preflight_v2" name="test_xnys_calendar_derivation_handles_early_close" time="0.001" /><testcase classname="tests.unit.test_b1v3_provider_preflight_v2" name="test_storage_gate_requires_eighty_gib" time="0.002" /><testcase classname="tests.unit.test_b1v3_provider_preflight_v2" name="test_json_schema_boundary_passes_and_fails_closed" time="0.009" /><testcase classname="tests.unit.test_b1v3_provider_preflight_v2" name="test_fmp_exact_session_filters_provider_over_return" time="0.004" /><testcase classname="tests.unit.test_b1v3_provider_preflight_v2" name="test_uw_zip_contract_uses_documented_get_without_range" time="0.002" /><testcase classname="tests.unit.test_b1v3_provider_preflight_v2" name="test_massive_quote_must_be_last_nonfuture_valid_nbbo" time="0.002" /><testcase classname="tests.unit.test_b1v3_provider_preflight_v2" name="test_stale_massive_quote_is_available_but_fails_primary_filter" time="0.001" /><testcase classname="tests.unit.test_b1v3_provider_preflight_v2" name="test_candidate_plan_rejects_result_like_payload_key" time="0.005" /><testcase classname="tests.unit.test_b1v3_provider_preflight_v2" name="test_candidate_plan_rejects_tampered_confirmation_plan_hash" time="0.003" /><testcase classname="tests.unit.test_b1v3_timing_panel" name="test_registered_timing_panels_preserve_origins_and_nested_completeness" time="0.044" /><testcase classname="tests.unit.test_b1v3_timing_panel" name="test_timing_panels_fail_closed_on_variant_or_target_drift" time="0.005" /><testcase classname="tests.unit.test_b2_availability_v22" name="test_delayed_raw_trade_cannot_remain_usable_numeric_zero" time="0.024" /><testcase classname="tests.unit.test_b2_availability_v22" name="test_clean_zero_without_raw_trade_is_retained_under_registered_proxy" time="0.013" /><testcase classname="tests.unit.test_b2_availability_v22" name="test_confounded_nonzero_count_mismatch_fails_closed" time="0.023" /><testcase classname="tests.unit.test_b2_availability_v22" name="test_primary_exclusion_summary_does_not_count_sensitivity_variant" time="0.028" /><testcase classname="tests.unit.test_b2_availability_v22" name="test_sidecar_supports_late_high_raw_count_after_small_rows" time="0.036" /><testcase classname="tests.unit.test_b2_availability_v22" name="test_sidecar_rejects_traceability_source_hash_drift" time="0.009" /><testcase classname="tests.unit.test_b2_availability_v22" name="test_confounded_group_with_missing_raw_partition_fails_closed" time="0.013" /><testcase classname="tests.unit.test_b2_availability_v22" name="test_clean_source_nonzero_activity_remains_eligible" time="0.013" /><testcase classname="tests.unit.test_b2_availability_v22" name="test_missing_created_at_in_confounded_window_is_excluded" time="0.018" /><testcase classname="tests.unit.test_build_b1v3_confirmation_b1" name="test_cli_uses_exact_source_binding_and_new_output_root" time="0.001" /><testcase classname="tests.unit.test_build_b1v3_confirmation_common" name="test_cli_defaults_bind_all_three_predictor_sources" time="0.002" /><testcase classname="tests.unit.test_build_b1v3_confirmation_timing" name="test_cli_defaults_keep_heavy_outputs_on_b1v3_data_root" time="0.002" /><testcase classname="tests.unit.test_build_b1v3_confirmation_timing" name="test_timing_package_is_source_bound_schema_valid_and_idempotent" time="0.099" /><testcase classname="tests.unit.test_build_b1v3_confirmation_timing_panels" name="test_timing_panel_cli_freezes_all_five_inputs_on_d_drive" time="0.001" /><testcase classname="tests.unit.test_build_b1v3_target_blind" name="test_build_binds_sources_validates_schema_and_stays_target_blind" time="0.117" /><testcase classname="tests.unit.test_build_b1v3_target_blind" name="test_source_bound_build_resolves_raw_payload_blocker" time="0.182" /><testcase classname="tests.unit.test_build_b1v3_target_blind" name="test_source_bound_build_rejects_inventory_hash_drift" time="0.054" /><testcase classname="tests.unit.test_build_b1v3_target_blind" name="test_build_is_byte_identical_on_rerun" time="0.141" /><testcase classname="tests.unit.test_build_b1v3_target_blind" name="test_build_refuses_conflicting_existing_output" time="0.130" /><testcase classname="tests.unit.test_build_b1v3_target_blind" name="test_build_rejects_result_like_input_path" time="0.010" /><testcase classname="tests.unit.test_build_b1v3_target_blind" name="test_build_enforces_disk_gate_before_writes" time="0.009" /><testcase classname="tests.unit.test_build_b1v3_target_blind" name="test_build_rejects_noncontiguous_asset_day_source" time="0.020" /><testcase classname="tests.unit.test_build_corrected_development_predictors" name="test_coverage_first_builder_stops_on_same_day_b1q_rate" time="0.059" /><testcase classname="tests.unit.test_build_corrected_development_predictors" name="test_source_coverage_artifact_writer_is_idempotent_and_refuses_conflict" time="0.008" /><testcase classname="tests.unit.test_build_corrected_development_predictors" name="test_full_tape_manifest_expands_a_verified_raw_session_per_asset" time="0.007" /><testcase classname="tests.unit.test_build_corrected_development_predictors" name="test_default_paths_bind_only_to_local_source_evidence" time="0.001" /><testcase classname="tests.unit.test_build_corrected_development_release" name="test_builder_defaults_to_new_d_root_and_never_a_legacy_or_holdout_artifact" time="0.001" /><testcase classname="tests.unit.test_build_corrected_development_release" name="test_builder_rejects_unsafe_predictor_path_before_any_preflight" time="0.006" /><testcase classname="tests.unit.test_build_corrected_development_release" name="test_builder_rejects_a_predictor_source_outside_the_frozen_80_sessions" time="0.008" /><testcase classname="tests.unit.test_build_target_blind_common_panel_v22" name="test_massive_sensitivity_guard_accepts_registered_target_free_contract" time="0.003" /><testcase classname="tests.unit.test_build_target_blind_common_panel_v22" name="test_massive_sensitivity_guard_rejects_non_pass_status" time="0.004" /><testcase classname="tests.unit.test_build_target_blind_common_panel_v22" name="test_combined_b2_digest_binds_name_and_content_deterministically" time="0.006" /><testcase classname="tests.unit.test_build_target_blind_common_panel_v23" name="test_v23_defaults_bind_promoted_evidence_records" time="0.001" /><testcase classname="tests.unit.test_build_target_blind_common_panel_v23" name="test_v23_writer_retains_identical_bytes_and_rejects_drift" time="0.007" /><testcase classname="tests.unit.test_build_target_blind_common_panel_v23" name="test_v23_refuses_to_build_from_uncommitted_builder_sources" time="0.002" /><testcase classname="tests.unit.test_build_target_blind_common_panel_v23" name="test_v23_accepts_clean_builder_sources" time="0.001" /><testcase classname="tests.unit.test_build_target_blind_common_panel_v23" name="test_v23_committed_source_guard_covers_transitive_runtime_dependencies" time="0.000" /><testcase classname="tests.unit.test_build_target_blind_common_panel_v23" name="test_v23_source_commit_is_pinned_to_runtime_source_history" time="0.000" /><testcase classname="tests.unit.test_build_target_blind_common_panel_v23" name="test_v23_manifest_schema_preserves_closed_evaluation_boundary" time="0.159" /><testcase classname="tests.unit.test_build_target_blind_common_panel_v24" name="test_v24_defaults_bind_promoted_evidence_and_new_output_version" time="0.001" /><testcase classname="tests.unit.test_build_target_blind_common_panel_v24" name="test_v24_refuses_to_build_from_uncommitted_builder_sources" time="0.002" /><testcase classname="tests.unit.test_build_target_blind_common_panel_v24" name="test_v24_accepts_clean_scoped_builder_sources" time="0.000" /><testcase classname="tests.unit.test_build_target_blind_common_panel_v24" name="test_v24_source_guard_covers_runtime_schemas_and_all_new_code" time="0.000" /><testcase classname="tests.unit.test_build_target_blind_common_panel_v24" name="test_v24_source_commit_is_scoped_to_runtime_history" time="0.000" /><testcase classname="tests.unit.test_build_target_blind_common_panel_v24" name="test_v24_rejects_forbidden_path_before_preflight_or_predictor_read" time="0.006" /><testcase classname="tests.unit.test_canonical_model_contract" name="test_all_five_roles_emit_positive_finite_forecasts" time="0.112" /><testcase classname="tests.unit.test_canonical_model_contract" name="test_fixed_extensions_cannot_select_from_testing_rows" time="0.001" /><testcase classname="tests.unit.test_canonical_model_contract" name="test_training_does_not_require_evaluation_only_volatility_regime" time="0.019" /><testcase classname="tests.unit.test_canonical_model_contract" name="test_canonical_fold_rejects_test_before_training" time="0.002" /><testcase classname="tests.unit.test_canonical_validation" name="test_build_causal_audit_records_strict_gap_for_every_role" time="0.003" /><testcase classname="tests.unit.test_canonical_validation" name="test_assert_causal_audit_rejects_training_after_test_start" time="0.001" /><testcase classname="tests.unit.test_canonical_validation" name="test_identical_origins_rejects_one_missing_b2_row" time="0.001" /><testcase classname="tests.unit.test_canonical_validation" name="test_identical_origins_rejects_duplicate_key" time="0.002" /><testcase classname="tests.unit.test_confirmation_readiness_v1" name="test_readiness_binds_target_blind_subset_without_authorising_evaluation" time="0.015" /><testcase classname="tests.unit.test_confirmation_readiness_v1" name="test_readiness_fails_closed_when_common_panel_is_not_exact_subset" time="0.014" /><testcase classname="tests.unit.test_confirmation_readiness_v1" name="test_acquisition_request_requires_named_secrets_and_cost_reference" time="0.014" /><testcase classname="tests.unit.test_confirmation_readiness_v1" name="test_operational_inputs_do_not_authorise_acquisition_without_exact_plan" time="0.014" /><testcase classname="tests.unit.test_confirmation_readiness_v1" name="test_readiness_snapshot_is_deterministic_for_identical_inputs" time="0.024" /><testcase classname="tests.unit.test_confirmation_readiness_v1" name="test_readiness_rejects_changed_pit_boundary_and_invalid_coverage" time="0.014" /><testcase classname="tests.unit.test_confirmation_readiness_v1" name="test_readiness_rejects_target_like_column_in_bound_panel" time="0.016" /><testcase classname="tests.unit.test_confirmation_readiness_v1" name="test_acquisition_preflight_rejects_each_storage_gate[None-107374182400-True-FAIL_PROJECTED_PEAK_REQUIRED]" time="0.013" /><testcase classname="tests.unit.test_confirmation_readiness_v1" name="test_acquisition_preflight_rejects_each_storage_gate[21474836480-96636764160-True-FAIL_PROJECTED_MINIMUM_BELOW_80_GIB]" time="0.016" /><testcase classname="tests.unit.test_confirmation_readiness_v1" name="test_acquisition_preflight_rejects_each_storage_gate[10737418240-107374182400-False-FAIL_DATA_ROOT_WRITE_PROBE]" time="0.020" /><testcase classname="tests.unit.test_confirmation_readiness_v1" name="test_readiness_rejects_non_positive_declared_storage_peak" time="0.008" /><testcase classname="tests.unit.test_confirmation_readiness_v1" name="test_readiness_reports_all_invalid_bound_artifact_guards" time="0.014" /><testcase classname="tests.unit.test_confirmation_readiness_v1" name="test_readiness_fails_when_common_file_is_unreadable" time="0.011" /><testcase classname="tests.unit.test_confirmation_readiness_v1" name="test_acquisition_preflight_fails_for_unavailable_data_root" time="0.017" /><testcase classname="tests.unit.test_confirmation_readiness_v1" name="test_readiness_report_conforms_to_committed_json_schema" time="0.017" /><testcase classname="tests.unit.test_confirmation_readiness_v2" name="test_source_bound_readiness_v2_binds_v23_inputs_without_authorising_oos" time="0.017" /><testcase classname="tests.unit.test_confirmation_readiness_v2" name="test_source_bound_readiness_v2_rejects_historical_source_claim_that_overrides_pit" time="0.018" /><testcase classname="tests.unit.test_confirmation_readiness_v2" name="test_source_bound_readiness_v2_rejects_tampered_manifest_and_preregistration" time="0.020" /><testcase classname="tests.unit.test_confirmation_readiness_v2" name="test_source_bound_readiness_v2_rejects_target_column_in_predictor_panel" time="0.021" /><testcase classname="tests.unit.test_confirmation_readiness_v2" name="test_source_bound_readiness_v2_fails_closed_for_unreadable_predictor_panel" time="0.012" /><testcase classname="tests.unit.test_confirmation_readiness_v2" name="test_source_bound_readiness_v2_rejects_missing_b2_availability_sidecar" time="0.014" /><testcase classname="tests.unit.test_contracts" name="test_underlying_bar_requires_positive_ohlc_and_utc_timestamp" time="0.001" /><testcase classname="tests.unit.test_contracts" name="test_underlying_bar_rejects_invalid_ohlc_relationship" time="0.003" /><testcase classname="tests.unit.test_contracts" name="test_six_option_component_records_expose_required_fields" time="0.001" /><testcase classname="tests.unit.test_contracts" name="test_forecast_origin_and_target_require_pit_cutoff_and_thirty_closes" time="0.000" /><testcase classname="tests.unit.test_contracts" name="test_target_rejects_invalid_primary_horizon" time="0.001" /><testcase classname="tests.unit.test_corrected_development_gate" name="test_gate_keeps_exact_development_sessions_and_explicit_b2_exclusions" time="0.008" /><testcase classname="tests.unit.test_corrected_development_gate" name="test_gate_rejects_development_holdout_overlap_before_processing_rows" time="0.003" /><testcase classname="tests.unit.test_corrected_development_gate" name="test_gate_rejects_duplicate_origin_and_future_predictor" time="0.008" /><testcase classname="tests.unit.test_corrected_development_gate" name="test_gate_rejects_target_column_and_zero_coded_delayed_b2_row" time="0.009" /><testcase classname="tests.unit.test_corrected_development_sources" name="test_exact_origin_grid_matches_phase5_rv30_spacing" time="0.002" /><testcase classname="tes
[...]
ase classname="tests.unit.test_provider_timing_v21" name="test_b2_traceability_separates_zero_missing_and_row_exclusion" time="0.020" /><testcase classname="tests.unit.test_provider_timing_v21" name="test_b2_traceability_uses_target_free_origin_projection_for_early_close" time="0.011" /><testcase classname="tests.unit.test_provider_timing_v21" name="test_claim_matrix_separates_kafka_semantics_from_full_tape_observation" time="0.001" /><testcase classname="tests.unit.test_provider_timing_v21" name="test_official_source_archive_hashes_only_allowlisted_content" time="0.004" /><testcase classname="tests.unit.test_provider_timing_v21" name="test_massive_reselection_uses_each_shifted_cutoff_not_selected_quote_filter" time="0.006" /><testcase classname="tests.unit.test_provider_timing_v21" name="test_massive_reselection_fails_closed_for_cache_source_hash_mismatch" time="0.006" /><testcase classname="tests.unit.test_provider_timing_v21" name="test_massive_reselection_fails_closed_for_cache_key_digest_tampering" time="0.006" /><testcase classname="tests.unit.test_provider_timing_v21" name="test_massive_reselection_accepts_early_close_regular_close_request_without_post_close_quote" time="0.006" /><testcase classname="tests.unit.test_provider_timing_v21" name="test_massive_reselection_excludes_post_close_early_close_quotes_before_selection" time="0.005" /><testcase classname="tests.unit.test_provider_timing_v21" name="test_massive_reselection_rejects_duplicate_and_never_backfills_invalid_quote" time="0.001" /><testcase classname="tests.unit.test_provider_timing_v21" name="test_recomputed_massive_reselection_artifact_is_schema_valid_and_self_hashed" time="0.039" /><testcase classname="tests.unit.test_provider_timing_v21" name="test_recomputed_massive_reselection_artifact_and_addendum_emit_no_secrets_or_paths" time="0.006" /><testcase classname="tests.unit.test_provider_timing_v21" name="test_massive_reselection_decodes_each_contract_day_once_across_tiny_batches" time="0.007" /><testcase classname="tests.unit.test_provider_timing_v21" name="test_massive_reselection_rejects_explicitly_unverified_pagination" time="0.006" /><testcase classname="tests.unit.test_provider_timing_v21" name="test_massive_reselection_classifies_nonfinite_nbbo_before_iv" time="0.006" /><testcase classname="tests.unit.test_provider_timing_v21" name="test_massive_reselection_reports_invalid_option_type_explicitly" time="0.006" /><testcase classname="tests.unit.test_provider_timing_v21" name="test_massive_reselection_rejects_ambiguous_attempt_source_hash" time="0.005" /><testcase classname="tests.unit.test_provider_timing_v21" name="test_massive_reselection_fails_closed_when_asset_day_reappears" time="0.007" /><testcase classname="tests.unit.test_provider_timing_v21" name="test_v21_outputs_are_path_and_secret_free" time="0.005" /><testcase classname="tests.unit.test_provider_timing_v21" name="test_forecast_origin_session_bounds_accepts_early_close_and_fails_closed_outside_session" time="0.005" /><testcase classname="tests.unit.test_provider_timing_v21" name="test_forecast_origin_session_bounds_normalizes_utc_arrow_timestamp_field" time="0.004" /><testcase classname="tests.unit.test_provider_timing_v21" name="test_offline_audit_cli_writes_target_free_compact_sidecars" time="0.015" /><testcase classname="tests.unit.test_provider_timing_v21" name="test_offline_audit_cli_can_reuse_compact_massive_result_without_raw_cache" time="0.018" /><testcase classname="tests.unit.test_provider_timing_v21" name="test_renderer_keeps_b2_contract_open_when_zero_is_confounding" time="0.013" /><testcase classname="tests.unit.test_quality" name="test_quality_report_counts_duplicates_nulls_and_completeness" time="0.001" /><testcase classname="tests.unit.test_quality" name="test_quality_report_handles_empty_input" time="0.000" /><testcase classname="tests.unit.test_quality" name="test_quality_report_rejects_schema_drift_and_invalid_ohlc" time="0.000" /><testcase classname="tests.unit.test_run_b1v3_confirmation_once" name="test_result_document_is_self_hashed_schema_valid_and_sign_complete" time="0.032" /><testcase classname="tests.unit.test_run_b1v3_confirmation_once" name="test_final_writers_are_exclusive_and_sanitized" time="0.014" /><testcase classname="tests.unit.test_run_b1v3_confirmation_once" name="test_recovery_accepts_only_the_exact_consumed_one_read_ledger" time="0.001" /><testcase classname="tests.unit.test_run_b1v3_pre_confirmation_quality" name="test_quality_document_requires_every_gate_and_validates_schema" time="0.016" /><testcase classname="tests.unit.test_run_b1v3_pre_confirmation_quality" name="test_target_blind_gate_rejects_outcomes_and_future_source_times" time="0.005" /><testcase classname="tests.unit.test_run_b1v3_provider_preflight_v2" name="test_bounded_runner_executes_documented_routes_and_is_idempotent" time="0.069" /><testcase classname="tests.unit.test_run_b1v3_provider_preflight_v2" name="test_retryable_http_failure_is_not_persisted_in_cache" time="1.524" /><testcase classname="tests.unit.test_run_date_level_pit_preflight_v2_cli" name="test_check_only_builds_and_validates_exact_frozen_plan" time="0.773" /><testcase classname="tests.unit.test_run_date_level_pit_preflight_v2_cli" name="test_cli_help_requires_no_provider_secrets" time="0.117" /><testcase classname="tests.unit.test_seal_b1v3_access_ledger" name="test_quality_report_maps_exactly_to_access_prerequisites" time="0.001" /><testcase classname="tests.unit.test_seal_b1v3_access_ledger" name="test_quality_report_fails_closed_on_drift[&lt;lambda&gt;-QUALITY_GATE_SET]" time="0.001" /><testcase classname="tests.unit.test_seal_b1v3_access_ledger" name="test_quality_report_fails_closed_on_drift[&lt;lambda&gt;-QUALITY_GATE_FAILED]" time="0.001" /><testcase classname="tests.unit.test_seal_b1v3_access_ledger" name="test_quality_report_fails_closed_on_drift[&lt;lambda&gt;-QUALITY_BINDING]" time="0.001" /><testcase classname="tests.unit.test_seal_b1v3_access_ledger" name="test_access_writer_is_idempotent_and_rejects_conflicts_and_paths" time="0.007" /><testcase classname="tests.unit.test_seal_b1v3_access_ledger" name="test_expanded_access_contract_rejects_the_old_eight_gate_shape" time="0.000" /><testcase classname="tests.unit.test_seal_b1v3_confirmation_b1q_source" name="test_cli_defaults_are_confirmation_scoped_and_target_free" time="0.002" /><testcase classname="tests.unit.test_seal_b1v3_preregistration" name="test_sealer_is_schema_valid_self_hashed_and_idempotent" time="0.115" /><testcase classname="tests.unit.test_seal_b1v3_preregistration" name="test_sealer_refuses_conflicting_frozen_output" time="0.065" /><testcase classname="tests.unit.test_seal_target_blind_confirmation_package_v4" name="test_sealer_is_deterministic_and_self_validating" time="0.324" /><testcase classname="tests.unit.test_seal_target_blind_confirmation_package_v4" name="test_sealer_freezes_registered_method_without_sign_selection" time="0.152" /><testcase classname="tests.unit.test_seal_target_blind_confirmation_package_v4" name="test_sealer_rejects_altered_sidecar_or_policy_binding" time="0.168" /><testcase classname="tests.unit.test_seal_target_blind_confirmation_package_v4" name="test_sealer_refuses_output_conflict" time="0.276" /><testcase classname="tests.unit.test_seal_target_blind_confirmation_package_v4" name="test_sealer_source_has_no_forbidden_runtime_paths_or_suppressions" time="0.001" /><testcase classname="tests.unit.test_seal_target_blind_confirmation_preregistration_v3" name="test_v3_sealer_defaults_to_sourcebound_inputs_and_output" time="0.001" /><testcase classname="tests.unit.test_seal_target_blind_confirmation_preregistration_v3" name="test_v3_sealer_refuses_uncommitted_runtime_sources" time="0.002" /><testcase classname="tests.unit.test_seal_target_blind_confirmation_preregistration_v3" name="test_v3_sealer_writer_retains_identical_bytes_and_rejects_drift" time="0.008" /><testcase classname="tests.unit.test_settings" name="test_provider_secret_presence_never_returns_secret_values" time="0.002" /><testcase classname="tests.unit.test_settings" name="test_missing_provider_secret_fails_closed" time="0.002" /><testcase classname="tests.unit.test_settings" name="test_live_mutation_mode_is_rejected" time="0.002" /><testcase classname="tests.unit.test_storage" name="test_hash_payload_is_deterministic" time="0.000" /><testcase classname="tests.unit.test_storage" name="test_write_immutable_raw_keeps_hash_addressed_payload" time="0.004" /><testcase classname="tests.unit.test_storage" name="test_write_immutable_raw_rejects_changed_replay" time="0.005" /><testcase classname="tests.unit.test_storage" name="test_normalized_rows_round_trip_through_parquet_and_duckdb" time="0.033" /><testcase classname="tests.unit.test_target" name="test_rv30_uses_anchor_and_exactly_thirty_future_closes" time="0.001" /><testcase classname="tests.unit.test_target" name="test_rv30_rejects_missing_or_nonpositive_prices" time="0.003" /><testcase classname="tests.unit.test_target" name="test_rv30_fixture_contains_thirty_one_prices_and_thirty_returns" time="0.001" /><testcase classname="tests.unit.test_target_blind_comparison_contract_v1" name="test_contract_freezes_primary_nested_comparisons_before_outcomes" time="0.058" /><testcase classname="tests.unit.test_target_blind_comparison_contract_v1" name="test_contract_rejects_self_hashed_nonincremental_b2" time="0.006" /><testcase classname="tests.unit.test_target_blind_comparison_contract_v1" name="test_contract_validates_against_its_json_schema" time="0.045" /><testcase classname="tests.unit.test_target_blind_comparison_contract_v1" name="test_contract_rejects_parent_that_reopens_oos" time="0.006" /><testcase classname="tests.unit.test_target_blind_comparison_contract_v1" name="test_contract_is_idempotent_and_rejects_nonidentical_replacement" time="0.067" /><testcase classname="tests.unit.test_target_blind_comparison_contract_v1" name="test_contract_rejects_self_hashed_method_or_b1a_changes" time="0.011" /><testcase classname="tests.unit.test_target_blind_confirmation_prereg_v22" name="test_preregistration_binds_panel_and_self_hashes_before_oos_access" time="0.023" /><testcase classname="tests.unit.test_target_blind_confirmation_prereg_v22" name="test_preregistration_rejects_non_target_blind_source" time="0.002" /><testcase classname="tests.unit.test_target_blind_panel_b1q_eligibility_v1" name="test_existing_v24_panel_is_not_admissible_for_evaluation" time="0.012" /><testcase classname="tests.unit.test_target_blind_panel_b1q_eligibility_v1" name="test_gate_binds_exact_manifest_and_source_coverage_bytes" time="0.005" /><testcase classname="tests.unit.test_target_blind_panel_b1q_eligibility_v1" name="test_validator_rejects_a_rehashed_positive_upgrade" time="0.011" /><testcase classname="tests.unit.test_target_blind_panel_b1q_eligibility_v1" name="test_writer_is_idempotent_and_rejects_divergent_output" time="0.033" /><testcase classname="tests.unit.test_target_blind_panel_b1q_eligibility_v1" name="test_missing_registered_input_fails_closed" time="0.004" /><testcase classname="tests.unit.test_target_blind_panel_b1q_eligibility_v1" name="test_non_object_registered_input_fails_closed" time="0.002" /><testcase classname="tests.unit.test_target_blind_panel_b1q_eligibility_v1" name="test_malformed_decision_hash_fails_closed" time="0.001" /><testcase classname="tests.unit.test_target_blind_panel_v22" name="test_target_blind_b0_strips_internal_target_placeholder" time="0.005" /><testcase classname="tests.unit.test_target_blind_panel_v22" name="test_target_blind_panel_is_complete_without_target_or_metric_columns" time="0.021" /><testcase classname="tests.unit.test_target_blind_panel_v22" name="test_b2_delay_exclusion_clears_features_and_blocks_common_completion" time="0.018" /><testcase classname="tests.unit.test_target_blind_panel_v22" name="test_target_blind_panel_rejects_outcome_column" time="0.011" /><testcase classname="tests.unit.test_target_blind_panel_v22" name="test_b1_adapter_preserves_nested_completion_invariant" time="0.004" /><testcase classname="tests.unit.test_target_blind_panel_v22" name="test_target_blind_panel_is_deterministic" time="0.034" /><testcase classname="tests.unit.test_target_blind_panel_v22" name="test_summary_is_non_evaluative_and_reports_availability_state" time="0.032" /><testcase classname="tests.unit.test_target_blind_panel_v22" name="test_adapter_rejects_future_massive_quote" time="0.005" /><testcase classname="tests.unit.test_target_blind_panel_v22" name="test_b2_mask_rejects_absent_primary_variant" time="0.002" /><testcase classname="tests.unit.test_target_blind_panel_v22" name="test_common_panel_fails_closed_on_pit_timestamp_violations[&lt;lambda&gt;-TARGET_BLIND_V22_B0_AFTER_ORIGIN]" time="0.011" /><testcase classname="tests.unit.test_target_blind_panel_v22" name="test_common_panel_fails_closed_on_pit_timestamp_violations[&lt;lambda&gt;-TARGET_BLIND_V22_B2_CUTOFF_AFTER_ORIGIN]" time="0.011" /><testcase classname="tests.unit.test_target_blind_panel_v22" name="test_common_panel_fails_closed_on_pit_timestamp_violations[&lt;lambda&gt;-TARGET_BLIND_V22_B2_AFTER_CUTOFF]" time="0.012" /><testcase classname="tests.unit.test_target_blind_panel_v22" name="test_common_panel_rejects_non_nested_b1_flags[b1v2b_complete-TARGET_BLIND_V22_B1_NESTED_INVARIANT_FAILURE]" time="0.013" /><testcase classname="tests.unit.test_target_blind_panel_v22" name="test_common_panel_rejects_non_nested_b1_flags[b1v2c_complete-TARGET_BLIND_V22_B1_NESTED_INVARIANT_FAILURE]" time="0.011" /><testcase classname="tests.unit.test_target_blind_panel_v22" name="test_common_panel_drops_unallowlisted_b2_metadata" time="0.017" /><testcase classname="tests.unit.test_target_blind_panel_v22" name="test_target_blind_panel_rejects_loss_like_column" time="0.008" /><testcase classname="tests.unit.test_target_blind_panel_v22" name="test_common_panel_rejects_excluded_b2_row_with_feature_value" time="0.009" /><testcase classname="tests.unit.test_target_blind_preregistration_v3" name="test_v3_preregistration_binds_sourcebound_panel_without_opening_oos" time="0.001" /><testcase classname="tests.unit.test_target_blind_preregistration_v3" name="test_v3_preregistration_rejects_an_open_panel_gate" time="0.002" /><testcase classname="tests.unit.test_target_blind_preregistration_v3" name="test_v3_preregistration_rejects_template_hash_drift" time="0.002" /><testcase classname="tests.unit.test_target_blind_preregistration_v3" name="test_v3_preregistration_rejects_invalid_panel_hash_and_b2_definition" time="0.004" /><testcase classname="tests.unit.test_target_blind_preregistration_v3" name="test_v3_preregistration_rejects_template_without_bound_panel_mapping" time="0.002" /><testcase classname="tests.unit.test_target_blind_preregistration_v3" name="test_v3_preregistration_conforms_to_its_json_schema" time="0.002" /><testcase classname="tests.unit.test_target_blind_provenance_v23" name="test_provenance_preflight_binds_origin_sidecar_massive_and_gate" time="0.055" /><testcase classname="tests.unit.test_target_blind_provenance_v23" name="test_provenance_preflight_rejects_sidecar_hash_drift" time="0.050" /><testcase classname="tests.unit.test_target_blind_provenance_v23" name="test_provenance_preflight_rejects_gate_massive_hash_drift" time="0.066" /><testcase classname="tests.unit.test_target_blind_sourcebound_v24" name="test_v24_runtime_sources_do_not_hide_type_or_lint_failures" time="0.002" /><testcase classname="tests.unit.test_target_blind_sourcebound_v24" name="test_v24_explicit_allowlists_cover_only_registered_b0_b1_b2_and_panel_columns" time="0.001" /><testcase classname="tests.unit.test_target_blind_sourcebound_v24" name="test_v24_panel_preserves_every_origin_and_keeps_excluded_b2_features_null" time="0.012" /><testcase classname="tests.unit.test_target_blind_sourcebound_v24" name="test_v24_panel_rejects_forbidden_output_column" time="0.006" /><testcase classname="tests.unit.test_target_blind_sourcebound_v24" name="test_v24_panel_rejects_duplicate_origin" time="0.006" /><testcase classname="tests.unit.test_target_blind_sourcebound_v24" name="test_v24_panel_rejects_zero_or_value_in_an_excluded_b2_row" time="0.010" /><testcase classname="tests.unit.test_target_blind_sourcebound_v24" name="test_v24_preflight_bindings_reject_a_sidecar_changed_after_preflight" time="0.002" /><testcase classname="tests.unit.test_target_blind_sourcebound_v24" name="test_v24_rejects_forbidden_input_paths_without_echoing_them[outcome_payload.parquet]" time="0.005" /><testcase classname="tests.unit.test_target_blind_sourcebound_v24" name="test_v24_rejects_forbidden_input_paths_without_echoing_them[target_payload.parquet]" time="0.003" /><testcase classname="tests.unit.test_target_blind_sourcebound_v24" name="test_v24_rejects_forbidden_input_paths_without_echoing_them[metric_payload.parquet]" time="0.003" /><testcase classname="tests.unit.test_target_blind_sourcebound_v24" name="test_v24_rejects_forbidden_input_paths_without_echoing_them[model_payload.parquet]" time="0.003" /><testcase classname="tests.unit.test_target_blind_sourcebound_v24" name="test_v24_writer_is_idempotent_and_refuses_conflict" time="0.005" /><testcase classname="tests.unit.test_target_blind_sourcebound_v24" name="test_v24_manifest_is_deterministic_schema_valid_and_explicitly_oos_closed" time="0.037" /><testcase classname="tests.unit.test_temporal_validation" name="test_purge_and_embargo_removes_overlapping_rv30_labels" time="0.001" /><testcase classname="tests.unit.test_temporal_validation" name="test_expanding_fold_uses_only_declared_train_and_test_dates" time="0.002" /><testcase classname="tests.unit.test_temporal_validation" name="test_inner_validation_is_last_training_history_only" time="0.002" /><testcase classname="tests.unit.test_time" name="test_naive_provider_timestamp_requires_explicit_timezone" time="0.000" /><testcase classname="tests.unit.test_time" name="test_dst_fall_back_keeps_distinct_instants" time="0.000" /><testcase classname="tests.unit.test_time" name="test_regular_session_and_origin_alignment" time="0.001" /><testcase classname="tests.unit.test_time" name="test_timezone_aware_datetime_is_normalized_to_utc" time="0.000" /><testcase classname="tests.unit.test_unusual_whales_provider_contract" name="test_flow_alerts_uses_documented_time_window_params_and_sanitized_url" time="0.001" /><testcase classname="tests.unit.test_unusual_whales_provider_contract" name="test_flow_alerts_rejects_cursor_and_limit_above_documented_maximum" time="0.001" /><testcase classname="tests.unit.test_uw_anomaly_evidence_v21" name="test_session_wide_delayed_created_at_zero_is_confounding_not_no_activity" time="0.020" /><testcase classname="tests.unit.test_uw_anomaly_evidence_v21" name="test_source_unavailable_zero_fails_closed" time="0.014" /><testcase classname="tests.unit.test_uw_anomaly_evidence_v21" name="test_canonical_rows_distinguish_missing_and_excluded_from_zero" time="0.019" /><testcase classname="tests.unit.test_uw_anomaly_evidence_v21" name="test_evidence_is_deterministic_schema_valid_and_sanitised" time="0.024" /><testcase classname="tests.unit.test_uw_anomaly_evidence_v21" name="test_individual_row_hash_tampering_fails_after_outer_hash_recomputed" time="0.018" /><testcase classname="tests.unit.test_uw_anomaly_evidence_v21" name="test_canonical_row_hash_tampering_fails_after_outer_hash_recomputed" time="0.017" /><testcase classname="tests.unit.test_uw_anomaly_evidence_v21" name="test_cli_writes_only_sanitised_target_free_evidence" time="0.018" /><testcase classname="tests.unit.test_uw_receipt_logger" name="test_receipt_logger_keeps_required_timing_fields_and_hashes_raw_message" time="0.001" /><testcase classname="tests.unit.test_uw_receipt_logger" name="test_reconciliation_uses_identifier_keys_and_is_replay_only" time="0.001" /><testcase classname="tests.unit.test_uw_receipt_logger" name="test_receipt_and_reconciliation_clis_use_only_local_replay" time="0.010" /></testsuite></testsuites>